{
  "by_family": {
    "synthetic_10": {
      "candidate_count_mean": 0.0,
      "first_visible_accuracy": 0.0,
      "first_visible_heldout": 0,
      "heldout_coverage": 0.0,
      "heldout_covered": 0,
      "n": 5,
      "raw_coverage": 0.0,
      "raw_covered": 0
    },
    "synthetic_11": {
      "candidate_count_mean": 0.0,
      "first_visible_accuracy": 0.0,
      "first_visible_heldout": 0,
      "heldout_coverage": 0.0,
      "heldout_covered": 0,
      "n": 5,
      "raw_coverage": 0.0,
      "raw_covered": 0
    },
    "synthetic_12": {
      "candidate_count_mean": 0.0,
      "first_visible_accuracy": 0.0,
      "first_visible_heldout": 0,
      "heldout_coverage": 0.0,
      "heldout_covered": 0,
      "n": 5,
      "raw_coverage": 0.0,
      "raw_covered": 0
    },
    "synthetic_13": {
      "candidate_count_mean": 8.0,
      "first_visible_accuracy": 1.0,
      "first_visible_heldout": 5,
      "heldout_coverage": 1.0,
      "heldout_covered": 5,
      "n": 5,
      "raw_coverage": 1.0,
      "raw_covered": 5
    }
  },
  "by_num_samples": {
    "1": {
      "candidate_count_mean": 2.0,
      "first_visible_accuracy": 0.25,
      "first_visible_heldout": 1,
      "heldout_coverage": 0.25,
      "heldout_covered": 1,
      "n": 4,
      "raw_coverage": 0.25,
      "raw_covered": 1
    },
    "2": {
      "candidate_count_mean": 2.0,
      "first_visible_accuracy": 0.25,
      "first_visible_heldout": 1,
      "heldout_coverage": 0.25,
      "heldout_covered": 1,
      "n": 4,
      "raw_coverage": 0.25,
      "raw_covered": 1
    },
    "3": {
      "candidate_count_mean": 2.0,
      "first_visible_accuracy": 0.25,
      "first_visible_heldout": 1,
      "heldout_coverage": 0.25,
      "heldout_covered": 1,
      "n": 4,
      "raw_coverage": 0.25,
      "raw_covered": 1
    },
    "4": {
      "candidate_count_mean": 2.0,
      "first_visible_accuracy": 0.25,
      "first_visible_heldout": 1,
      "heldout_coverage": 0.25,
      "heldout_covered": 1,
      "n": 4,
      "raw_coverage": 0.25,
      "raw_covered": 1
    },
    "5": {
      "candidate_count_mean": 2.0,
      "first_visible_accuracy": 0.25,
      "first_visible_heldout": 1,
      "heldout_coverage": 0.25,
      "heldout_covered": 1,
      "n": 4,
      "raw_coverage": 0.25,
      "raw_covered": 1
    }
  },
  "overall": {
    "candidate_count_mean": 2.0,
    "first_visible_accuracy": 0.25,
    "first_visible_heldout": 5,
    "heldout_coverage": 0.25,
    "heldout_covered": 5,
    "n": 20,
    "raw_coverage": 0.25,
    "raw_covered": 5
  },
  "winner_depth_counts": {
    "2": 5
  },
  "winner_family_counts": {
    "compose": 5
  }
}
