[train_think] 10000 examples (0 skipped as over-length)

Loading weights:   0%|          | 0/426 [00:00<?, ?it/s]
Loading weights:   0%|          | 1/426 [00:00<01:22,  5.12it/s]/home/ericflo/Development/small-model-experimentation/.venv/lib/python3.12/site-packages/bitsandbytes/backends/cuda/ops.py:213: FutureWarning: _check_is_size will be removed in a future PyTorch release along with guard_size_oblivious.     Use _check(i >= 0) instead.
  torch._check_is_size(blocksize)

Loading weights:   1%|▏         | 6/426 [00:00<00:20, 20.56it/s]
Loading weights:   9%|▉         | 40/426 [00:00<00:03, 127.99it/s]
Loading weights:  19%|█▊        | 79/426 [00:00<00:01, 209.83it/s]
Loading weights:  27%|██▋       | 117/426 [00:00<00:01, 261.16it/s]
Loading weights:  35%|███▌      | 151/426 [00:00<00:00, 279.99it/s]
Loading weights:  43%|████▎     | 185/426 [00:00<00:00, 293.56it/s]
Loading weights:  51%|█████     | 218/426 [00:00<00:00, 303.81it/s]
Loading weights:  59%|█████▉    | 251/426 [00:01<00:00, 310.86it/s]
Loading weights:  66%|██████▋   | 283/426 [00:01<00:00, 299.87it/s]
Loading weights:  74%|███████▎  | 314/426 [00:01<00:00, 293.37it/s]
Loading weights:  83%|████████▎ | 354/426 [00:01<00:00, 318.37it/s]
Loading weights:  91%|█████████ | 387/426 [00:01<00:00, 314.03it/s]
Loading weights:  98%|█████████▊| 419/426 [00:01<00:00, 301.46it/s]
Loading weights: 100%|██████████| 426/426 [00:01<00:00, 260.73it/s]
[transformers] warmup_ratio is deprecated and will be removed in v5.2. Use `warmup_steps` instead.
trainable params: 42,467,328 || all params: 4,248,218,624 || trainable%: 0.9997

  0%|          | 0/1250 [00:00<?, ?it/s]
  0%|          | 1/1250 [00:08<3:05:31,  8.91s/it]
  0%|          | 2/1250 [00:15<2:36:01,  7.50s/it]
  0%|          | 3/1250 [00:22<2:28:55,  7.17s/it]
  0%|          | 4/1250 [00:30<2:35:43,  7.50s/it]
  0%|          | 5/1250 [00:38<2:39:12,  7.67s/it]
  0%|          | 6/1250 [00:45<2:34:53,  7.47s/it]
  1%|          | 7/1250 [00:52<2:30:12,  7.25s/it]
  1%|          | 8/1250 [00:58<2:24:02,  6.96s/it]
  1%|          | 9/1250 [01:04<2:21:14,  6.83s/it]
  1%|          | 10/1250 [01:11<2:19:15,  6.74s/it]


  1%|          | 10/1250 [01:11<2:19:15,  6.74s/it]
  1%|          | 11/1250 [01:18<2:20:12,  6.79s/it]
  1%|          | 12/1250 [01:24<2:18:24,  6.71s/it]
  1%|          | 13/1250 [01:31<2:16:02,  6.60s/it]
  1%|          | 14/1250 [01:37<2:15:27,  6.58s/it]
  1%|          | 15/1250 [01:44<2:17:22,  6.67s/it]
  1%|▏         | 16/1250 [01:50<2:15:04,  6.57s/it]
  1%|▏         | 17/1250 [01:57<2:13:19,  6.49s/it]
  1%|▏         | 18/1250 [02:03<2:14:04,  6.53s/it]
  2%|▏         | 19/1250 [02:11<2:18:12,  6.74s/it]
  2%|▏         | 20/1250 [02:18<2:20:22,  6.85s/it]


  2%|▏         | 20/1250 [02:18<2:20:22,  6.85s/it]
  2%|▏         | 21/1250 [02:25<2:22:39,  6.96s/it]
  2%|▏         | 22/1250 [02:32<2:24:59,  7.08s/it]
  2%|▏         | 23/1250 [02:39<2:20:49,  6.89s/it]
  2%|▏         | 24/1250 [02:46<2:19:58,  6.85s/it]
  2%|▏         | 25/1250 [02:53<2:23:17,  7.02s/it]
  2%|▏         | 26/1250 [03:00<2:22:08,  6.97s/it]
  2%|▏         | 27/1250 [03:07<2:20:56,  6.91s/it]
  2%|▏         | 28/1250 [03:14<2:21:15,  6.94s/it]
  2%|▏         | 29/1250 [03:20<2:20:15,  6.89s/it]
  2%|▏         | 30/1250 [03:27<2:17:12,  6.75s/it]


  2%|▏         | 30/1250 [03:27<2:17:12,  6.75s/it]
  2%|▏         | 31/1250 [03:33<2:16:42,  6.73s/it]
  3%|▎         | 32/1250 [03:41<2:20:23,  6.92s/it]
  3%|▎         | 33/1250 [03:48<2:21:19,  6.97s/it]
  3%|▎         | 34/1250 [03:55<2:19:06,  6.86s/it]
  3%|▎         | 35/1250 [04:02<2:22:31,  7.04s/it]
  3%|▎         | 36/1250 [04:09<2:23:32,  7.09s/it]
  3%|▎         | 37/1250 [04:16<2:22:32,  7.05s/it]
  3%|▎         | 38/1250 [04:23<2:18:18,  6.85s/it]
  3%|▎         | 39/1250 [04:29<2:18:38,  6.87s/it]
  3%|▎         | 40/1250 [04:36<2:18:42,  6.88s/it]


  3%|▎         | 40/1250 [04:36<2:18:42,  6.88s/it]
  3%|▎         | 41/1250 [04:43<2:17:57,  6.85s/it]
  3%|▎         | 42/1250 [04:50<2:18:34,  6.88s/it]
  3%|▎         | 43/1250 [04:57<2:17:50,  6.85s/it]
  4%|▎         | 44/1250 [05:03<2:15:37,  6.75s/it]
  4%|▎         | 45/1250 [05:10<2:13:26,  6.64s/it]
  4%|▎         | 46/1250 [05:16<2:11:10,  6.54s/it]
  4%|▍         | 47/1250 [05:22<2:06:53,  6.33s/it]
  4%|▍         | 48/1250 [05:29<2:13:38,  6.67s/it]
  4%|▍         | 49/1250 [05:37<2:19:28,  6.97s/it]
  4%|▍         | 50/1250 [05:44<2:19:49,  6.99s/it]


  4%|▍         | 50/1250 [05:44<2:19:49,  6.99s/it]
  4%|▍         | 51/1250 [05:50<2:15:11,  6.77s/it]
  4%|▍         | 52/1250 [05:58<2:19:35,  6.99s/it]
  4%|▍         | 53/1250 [06:05<2:22:49,  7.16s/it]
  4%|▍         | 54/1250 [06:12<2:21:22,  7.09s/it]
  4%|▍         | 55/1250 [06:19<2:18:21,  6.95s/it]
  4%|▍         | 56/1250 [06:26<2:16:18,  6.85s/it]
  5%|▍         | 57/1250 [06:32<2:14:36,  6.77s/it]
  5%|▍         | 58/1250 [06:38<2:11:31,  6.62s/it]
  5%|▍         | 59/1250 [06:45<2:08:24,  6.47s/it]
  5%|▍         | 60/1250 [06:52<2:13:58,  6.76s/it]


  5%|▍         | 60/1250 [06:52<2:13:58,  6.76s/it]
  5%|▍         | 61/1250 [06:59<2:14:23,  6.78s/it]
  5%|▍         | 62/1250 [07:05<2:13:11,  6.73s/it]
  5%|▌         | 63/1250 [07:12<2:14:03,  6.78s/it]
  5%|▌         | 64/1250 [07:20<2:20:15,  7.10s/it]
  5%|▌         | 65/1250 [07:28<2:23:17,  7.26s/it]
  5%|▌         | 66/1250 [07:36<2:27:13,  7.46s/it]
  5%|▌         | 67/1250 [07:43<2:27:02,  7.46s/it]
  5%|▌         | 68/1250 [07:49<2:18:41,  7.04s/it]
  6%|▌         | 69/1250 [07:56<2:16:15,  6.92s/it]
  6%|▌         | 70/1250 [08:03<2:17:25,  6.99s/it]


  6%|▌         | 70/1250 [08:03<2:17:25,  6.99s/it]
  6%|▌         | 71/1250 [08:10<2:18:07,  7.03s/it]
  6%|▌         | 72/1250 [08:17<2:14:41,  6.86s/it]
  6%|▌         | 73/1250 [08:24<2:15:09,  6.89s/it]
  6%|▌         | 74/1250 [08:30<2:13:44,  6.82s/it]
  6%|▌         | 75/1250 [08:37<2:12:49,  6.78s/it]
  6%|▌         | 76/1250 [08:44<2:11:53,  6.74s/it]
  6%|▌         | 77/1250 [08:50<2:11:44,  6.74s/it]
  6%|▌         | 78/1250 [08:57<2:12:42,  6.79s/it]
  6%|▋         | 79/1250 [09:04<2:12:30,  6.79s/it]
  6%|▋         | 80/1250 [09:12<2:17:19,  7.04s/it]


  6%|▋         | 80/1250 [09:12<2:17:19,  7.04s/it]
  6%|▋         | 81/1250 [09:19<2:17:01,  7.03s/it]
  7%|▋         | 82/1250 [09:26<2:18:47,  7.13s/it]
  7%|▋         | 83/1250 [09:33<2:15:49,  6.98s/it]
  7%|▋         | 84/1250 [09:40<2:19:24,  7.17s/it]
  7%|▋         | 85/1250 [09:47<2:16:34,  7.03s/it]
  7%|▋         | 86/1250 [09:54<2:13:51,  6.90s/it]
  7%|▋         | 87/1250 [10:00<2:09:13,  6.67s/it]
  7%|▋         | 88/1250 [10:06<2:08:51,  6.65s/it]
  7%|▋         | 89/1250 [10:13<2:08:49,  6.66s/it]
  7%|▋         | 90/1250 [10:20<2:08:49,  6.66s/it]


  7%|▋         | 90/1250 [10:20<2:08:49,  6.66s/it]
  7%|▋         | 91/1250 [10:26<2:09:53,  6.72s/it]
  7%|▋         | 92/1250 [10:33<2:06:29,  6.55s/it]
  7%|▋         | 93/1250 [10:39<2:05:37,  6.51s/it]
  8%|▊         | 94/1250 [10:45<2:02:58,  6.38s/it]
  8%|▊         | 95/1250 [10:53<2:08:46,  6.69s/it]
  8%|▊         | 96/1250 [11:00<2:10:34,  6.79s/it]
  8%|▊         | 97/1250 [11:08<2:17:21,  7.15s/it]
  8%|▊         | 98/1250 [11:15<2:18:50,  7.23s/it]
  8%|▊         | 99/1250 [11:22<2:17:55,  7.19s/it]
  8%|▊         | 100/1250 [11:29<2:16:57,  7.15s/it]


  8%|▊         | 100/1250 [11:29<2:16:57,  7.15s/it]
  8%|▊         | 101/1250 [11:35<2:12:21,  6.91s/it]
  8%|▊         | 102/1250 [11:42<2:10:26,  6.82s/it]
  8%|▊         | 103/1250 [11:48<2:07:09,  6.65s/it]
  8%|▊         | 104/1250 [11:55<2:04:27,  6.52s/it]
  8%|▊         | 105/1250 [12:01<2:05:17,  6.57s/it]
  8%|▊         | 106/1250 [12:08<2:06:03,  6.61s/it]
  9%|▊         | 107/1250 [12:15<2:08:58,  6.77s/it]
  9%|▊         | 108/1250 [12:22<2:10:45,  6.87s/it]
  9%|▊         | 109/1250 [12:29<2:10:18,  6.85s/it]
  9%|▉         | 110/1250 [12:36<2:09:21,  6.81s/it]


  9%|▉         | 110/1250 [12:36<2:09:21,  6.81s/it]
  9%|▉         | 111/1250 [12:42<2:07:53,  6.74s/it]
  9%|▉         | 112/1250 [12:50<2:16:07,  7.18s/it]
  9%|▉         | 113/1250 [12:57<2:14:08,  7.08s/it]
  9%|▉         | 114/1250 [13:04<2:11:13,  6.93s/it]
  9%|▉         | 115/1250 [13:10<2:08:26,  6.79s/it]
  9%|▉         | 116/1250 [13:17<2:09:19,  6.84s/it]
  9%|▉         | 117/1250 [13:24<2:08:01,  6.78s/it]
  9%|▉         | 118/1250 [13:30<2:05:58,  6.68s/it]
 10%|▉         | 119/1250 [13:37<2:04:55,  6.63s/it]
 10%|▉         | 120/1250 [13:43<2:01:40,  6.46s/it]


 10%|▉         | 120/1250 [13:43<2:01:40,  6.46s/it]
 10%|▉         | 121/1250 [13:50<2:05:04,  6.65s/it]
 10%|▉         | 122/1250 [13:57<2:05:37,  6.68s/it]
 10%|▉         | 123/1250 [14:04<2:07:33,  6.79s/it]
 10%|▉         | 124/1250 [14:10<2:06:14,  6.73s/it]
 10%|█         | 125/1250 [14:17<2:07:07,  6.78s/it]
 10%|█         | 126/1250 [14:25<2:13:05,  7.10s/it]
 10%|█         | 127/1250 [14:31<2:07:21,  6.80s/it]
 10%|█         | 128/1250 [14:38<2:04:09,  6.64s/it]
 10%|█         | 129/1250 [14:44<2:01:48,  6.52s/it]
 10%|█         | 130/1250 [14:50<2:01:19,  6.50s/it]


 10%|█         | 130/1250 [14:50<2:01:19,  6.50s/it]
 10%|█         | 131/1250 [14:57<2:00:16,  6.45s/it]
 11%|█         | 132/1250 [15:03<2:01:23,  6.51s/it]
 11%|█         | 133/1250 [15:10<2:02:08,  6.56s/it]
 11%|█         | 134/1250 [15:16<2:01:50,  6.55s/it]
 11%|█         | 135/1250 [15:23<2:00:42,  6.50s/it]
 11%|█         | 136/1250 [15:30<2:03:31,  6.65s/it]
 11%|█         | 137/1250 [15:37<2:05:06,  6.74s/it]
 11%|█         | 138/1250 [15:44<2:05:09,  6.75s/it]
 11%|█         | 139/1250 [15:50<2:03:08,  6.65s/it]
 11%|█         | 140/1250 [15:57<2:03:57,  6.70s/it]


 11%|█         | 140/1250 [15:57<2:03:57,  6.70s/it]
 11%|█▏        | 141/1250 [16:04<2:03:53,  6.70s/it]
 11%|█▏        | 142/1250 [16:10<2:03:10,  6.67s/it]
 11%|█▏        | 143/1250 [16:17<2:04:07,  6.73s/it]
 12%|█▏        | 144/1250 [16:24<2:06:16,  6.85s/it]
 12%|█▏        | 145/1250 [16:32<2:12:49,  7.21s/it]
 12%|█▏        | 146/1250 [16:39<2:10:38,  7.10s/it]
 12%|█▏        | 147/1250 [16:46<2:08:39,  7.00s/it]
 12%|█▏        | 148/1250 [16:52<2:06:28,  6.89s/it]
 12%|█▏        | 149/1250 [16:59<2:04:26,  6.78s/it]
 12%|█▏        | 150/1250 [17:05<2:02:46,  6.70s/it]


 12%|█▏        | 150/1250 [17:05<2:02:46,  6.70s/it]
 12%|█▏        | 151/1250 [17:12<2:01:52,  6.65s/it]
 12%|█▏        | 152/1250 [17:19<2:01:08,  6.62s/it]
 12%|█▏        | 153/1250 [17:25<1:59:34,  6.54s/it]
 12%|█▏        | 154/1250 [17:32<2:03:28,  6.76s/it]
 12%|█▏        | 155/1250 [17:39<2:04:42,  6.83s/it]
 12%|█▏        | 156/1250 [17:46<2:05:44,  6.90s/it]
 13%|█▎        | 157/1250 [17:53<2:04:56,  6.86s/it]
 13%|█▎        | 158/1250 [18:00<2:04:14,  6.83s/it]
 13%|█▎        | 159/1250 [18:06<2:03:45,  6.81s/it]
 13%|█▎        | 160/1250 [18:13<2:03:08,  6.78s/it]


 13%|█▎        | 160/1250 [18:13<2:03:08,  6.78s/it]
 13%|█▎        | 161/1250 [18:21<2:07:49,  7.04s/it]
 13%|█▎        | 162/1250 [18:28<2:06:54,  7.00s/it]
 13%|█▎        | 163/1250 [18:34<2:04:15,  6.86s/it]
 13%|█▎        | 164/1250 [18:41<2:04:07,  6.86s/it]
 13%|█▎        | 165/1250 [18:48<2:06:32,  7.00s/it]
 13%|█▎        | 166/1250 [18:56<2:08:07,  7.09s/it]
 13%|█▎        | 167/1250 [19:03<2:09:31,  7.18s/it]
 13%|█▎        | 168/1250 [19:11<2:10:35,  7.24s/it]
 14%|█▎        | 169/1250 [19:17<2:08:38,  7.14s/it]
 14%|█▎        | 170/1250 [19:24<2:05:28,  6.97s/it]


 14%|█▎        | 170/1250 [19:24<2:05:28,  6.97s/it]
 14%|█▎        | 171/1250 [19:30<2:01:57,  6.78s/it]
 14%|█▍        | 172/1250 [19:37<1:59:37,  6.66s/it]
 14%|█▍        | 173/1250 [19:43<1:58:01,  6.58s/it]
 14%|█▍        | 174/1250 [19:50<1:58:13,  6.59s/it]
 14%|█▍        | 175/1250 [19:57<2:00:27,  6.72s/it]
 14%|█▍        | 176/1250 [20:03<1:59:34,  6.68s/it]
 14%|█▍        | 177/1250 [20:10<1:58:33,  6.63s/it]
 14%|█▍        | 178/1250 [20:16<1:57:39,  6.59s/it]
 14%|█▍        | 179/1250 [20:23<1:58:41,  6.65s/it]
 14%|█▍        | 180/1250 [20:30<1:57:06,  6.57s/it]


 14%|█▍        | 180/1250 [20:30<1:57:06,  6.57s/it]
 14%|█▍        | 181/1250 [20:36<1:54:59,  6.45s/it]
 15%|█▍        | 182/1250 [20:43<1:59:01,  6.69s/it]
 15%|█▍        | 183/1250 [20:49<1:56:28,  6.55s/it]
 15%|█▍        | 184/1250 [20:55<1:54:48,  6.46s/it]
 15%|█▍        | 185/1250 [21:01<1:51:19,  6.27s/it]
 15%|█▍        | 186/1250 [21:08<1:55:58,  6.54s/it]
 15%|█▍        | 187/1250 [21:15<1:56:14,  6.56s/it]
 15%|█▌        | 188/1250 [21:22<1:58:05,  6.67s/it]
 15%|█▌        | 189/1250 [21:29<1:57:51,  6.66s/it]
 15%|█▌        | 190/1250 [21:36<1:59:07,  6.74s/it]


 15%|█▌        | 190/1250 [21:36<1:59:07,  6.74s/it]
 15%|█▌        | 191/1250 [21:42<1:57:18,  6.65s/it]
 15%|█▌        | 192/1250 [21:49<2:00:45,  6.85s/it]
 15%|█▌        | 193/1250 [21:56<2:01:23,  6.89s/it]
 16%|█▌        | 194/1250 [22:03<1:59:25,  6.79s/it]
 16%|█▌        | 195/1250 [22:09<1:56:38,  6.63s/it]
 16%|█▌        | 196/1250 [22:16<1:56:25,  6.63s/it]
 16%|█▌        | 197/1250 [22:22<1:55:19,  6.57s/it]
 16%|█▌        | 198/1250 [22:29<1:58:58,  6.79s/it]
 16%|█▌        | 199/1250 [22:36<1:58:13,  6.75s/it]
 16%|█▌        | 200/1250 [22:43<1:59:32,  6.83s/it]


 16%|█▌        | 200/1250 [22:43<1:59:32,  6.83s/it]
 16%|█▌        | 201/1250 [22:50<1:59:20,  6.83s/it]
 16%|█▌        | 202/1250 [22:56<1:56:48,  6.69s/it]
 16%|█▌        | 203/1250 [23:04<2:01:58,  6.99s/it]
 16%|█▋        | 204/1250 [23:11<2:00:42,  6.92s/it]
 16%|█▋        | 205/1250 [23:17<1:59:24,  6.86s/it]
 16%|█▋        | 206/1250 [23:24<1:56:49,  6.71s/it]
 17%|█▋        | 207/1250 [23:30<1:55:05,  6.62s/it]
 17%|█▋        | 208/1250 [23:37<1:53:43,  6.55s/it]
 17%|█▋        | 209/1250 [23:44<1:56:00,  6.69s/it]
 17%|█▋        | 210/1250 [23:50<1:56:08,  6.70s/it]


 17%|█▋        | 210/1250 [23:50<1:56:08,  6.70s/it]
 17%|█▋        | 211/1250 [23:57<1:54:50,  6.63s/it]
 17%|█▋        | 212/1250 [24:04<1:55:02,  6.65s/it]
 17%|█▋        | 213/1250 [24:10<1:56:05,  6.72s/it]
 17%|█▋        | 214/1250 [24:17<1:56:14,  6.73s/it]
 17%|█▋        | 215/1250 [24:23<1:53:35,  6.58s/it]
 17%|█▋        | 216/1250 [24:30<1:51:13,  6.45s/it]
 17%|█▋        | 217/1250 [24:37<1:55:23,  6.70s/it]
 17%|█▋        | 218/1250 [24:44<1:57:07,  6.81s/it]
 18%|█▊        | 219/1250 [24:51<1:56:27,  6.78s/it]
 18%|█▊        | 220/1250 [24:58<1:57:46,  6.86s/it]


 18%|█▊        | 220/1250 [24:58<1:57:46,  6.86s/it]
 18%|█▊        | 221/1250 [25:05<2:01:35,  7.09s/it]
 18%|█▊        | 222/1250 [25:12<1:59:44,  6.99s/it]
 18%|█▊        | 223/1250 [25:20<2:02:30,  7.16s/it]
 18%|█▊        | 224/1250 [25:28<2:07:22,  7.45s/it]
 18%|█▊        | 225/1250 [25:34<2:00:34,  7.06s/it]
 18%|█▊        | 226/1250 [25:40<1:58:15,  6.93s/it]
 18%|█▊        | 227/1250 [25:47<1:57:01,  6.86s/it]
 18%|█▊        | 228/1250 [25:54<1:58:28,  6.96s/it]
 18%|█▊        | 229/1250 [26:01<1:55:53,  6.81s/it]
 18%|█▊        | 230/1250 [26:07<1:54:07,  6.71s/it]


 18%|█▊        | 230/1250 [26:07<1:54:07,  6.71s/it]
 18%|█▊        | 231/1250 [26:14<1:54:48,  6.76s/it]
 19%|█▊        | 232/1250 [26:21<1:53:46,  6.71s/it]
 19%|█▊        | 233/1250 [26:28<1:53:54,  6.72s/it]
 19%|█▊        | 234/1250 [26:34<1:53:35,  6.71s/it]
 19%|█▉        | 235/1250 [26:42<1:56:44,  6.90s/it]
 19%|█▉        | 236/1250 [26:49<1:58:11,  6.99s/it]
 19%|█▉        | 237/1250 [26:56<2:01:13,  7.18s/it]
 19%|█▉        | 238/1250 [27:05<2:07:17,  7.55s/it]
 19%|█▉        | 239/1250 [27:12<2:06:47,  7.52s/it]
 19%|█▉        | 240/1250 [27:19<2:02:15,  7.26s/it]


 19%|█▉        | 240/1250 [27:19<2:02:15,  7.26s/it]
 19%|█▉        | 241/1250 [27:25<1:58:32,  7.05s/it]
 19%|█▉        | 242/1250 [27:32<1:56:16,  6.92s/it]
