[train_think] 5000 examples (0 skipped as over-length)

Loading weights:   0%|          | 0/426 [00:00<?, ?it/s]
Loading weights:   0%|          | 1/426 [00:00<00:57,  7.38it/s]/home/ericflo/Development/small-model-experimentation/.venv/lib/python3.12/site-packages/bitsandbytes/backends/cuda/ops.py:213: FutureWarning: _check_is_size will be removed in a future PyTorch release along with guard_size_oblivious.     Use _check(i >= 0) instead.
  torch._check_is_size(blocksize)

Loading weights:   1%|▏         | 6/426 [00:00<00:15, 27.22it/s]
Loading weights:  11%|█         | 45/426 [00:00<00:02, 170.78it/s]
Loading weights:  19%|█▉        | 81/426 [00:00<00:01, 236.49it/s]
Loading weights:  28%|██▊       | 118/426 [00:00<00:01, 281.12it/s]
Loading weights:  35%|███▍      | 148/426 [00:00<00:00, 279.77it/s]
Loading weights:  42%|████▏     | 177/426 [00:00<00:00, 278.84it/s]
Loading weights:  48%|████▊     | 206/426 [00:00<00:00, 282.13it/s]
Loading weights:  58%|█████▊    | 248/426 [00:00<00:00, 323.65it/s]
Loading weights:  68%|██████▊   | 291/426 [00:01<00:00, 353.17it/s]
Loading weights:  77%|███████▋  | 330/426 [00:01<00:00, 359.55it/s]
Loading weights:  87%|████████▋ | 369/426 [00:01<00:00, 367.30it/s]
Loading weights:  97%|█████████▋| 412/426 [00:01<00:00, 380.25it/s]
Loading weights: 100%|██████████| 426/426 [00:01<00:00, 298.66it/s]
[transformers] warmup_ratio is deprecated and will be removed in v5.2. Use `warmup_steps` instead.
trainable params: 42,467,328 || all params: 4,248,218,624 || trainable%: 0.9997

  0%|          | 0/625 [00:00<?, ?it/s]
  0%|          | 1/625 [00:07<1:20:54,  7.78s/it]
  0%|          | 2/625 [00:14<1:11:20,  6.87s/it]
  0%|          | 3/625 [00:20<1:07:45,  6.54s/it]
  1%|          | 4/625 [00:26<1:07:50,  6.55s/it]
  1%|          | 5/625 [00:33<1:06:42,  6.46s/it]
  1%|          | 6/625 [00:38<1:04:34,  6.26s/it]
  1%|          | 7/625 [00:45<1:07:10,  6.52s/it]
  1%|▏         | 8/625 [00:52<1:08:24,  6.65s/it]
  1%|▏         | 9/625 [00:59<1:09:08,  6.74s/it]
  2%|▏         | 10/625 [01:07<1:12:13,  7.05s/it]


  2%|▏         | 10/625 [01:07<1:12:13,  7.05s/it]
  2%|▏         | 11/625 [01:14<1:11:09,  6.95s/it]
  2%|▏         | 12/625 [01:20<1:08:44,  6.73s/it]
  2%|▏         | 13/625 [01:27<1:08:26,  6.71s/it]
  2%|▏         | 14/625 [01:34<1:09:04,  6.78s/it]
  2%|▏         | 15/625 [01:40<1:08:31,  6.74s/it]
  3%|▎         | 16/625 [01:47<1:08:19,  6.73s/it]
  3%|▎         | 17/625 [01:54<1:08:24,  6.75s/it]
  3%|▎         | 18/625 [02:01<1:08:35,  6.78s/it]
  3%|▎         | 19/625 [02:07<1:07:03,  6.64s/it]
  3%|▎         | 20/625 [02:13<1:06:42,  6.61s/it]


  3%|▎         | 20/625 [02:13<1:06:42,  6.61s/it]
  3%|▎         | 21/625 [02:20<1:06:23,  6.59s/it]
  4%|▎         | 22/625 [02:27<1:06:21,  6.60s/it]
  4%|▎         | 23/625 [02:33<1:05:58,  6.58s/it]
  4%|▍         | 24/625 [02:40<1:07:24,  6.73s/it]
  4%|▍         | 25/625 [02:47<1:05:54,  6.59s/it]
  4%|▍         | 26/625 [02:53<1:04:40,  6.48s/it]
  4%|▍         | 27/625 [03:00<1:06:08,  6.64s/it]
  4%|▍         | 28/625 [03:06<1:05:53,  6.62s/it]
  5%|▍         | 29/625 [03:13<1:05:13,  6.57s/it]
  5%|▍         | 30/625 [03:19<1:05:16,  6.58s/it]


  5%|▍         | 30/625 [03:19<1:05:16,  6.58s/it]
  5%|▍         | 31/625 [03:27<1:06:57,  6.76s/it]
  5%|▌         | 32/625 [03:33<1:05:55,  6.67s/it]
  5%|▌         | 33/625 [03:39<1:04:39,  6.55s/it]
  5%|▌         | 34/625 [03:46<1:04:37,  6.56s/it]
  6%|▌         | 35/625 [03:53<1:05:26,  6.66s/it]
  6%|▌         | 36/625 [04:00<1:06:30,  6.77s/it]
  6%|▌         | 37/625 [04:07<1:07:22,  6.87s/it]
  6%|▌         | 38/625 [04:14<1:06:44,  6.82s/it]
  6%|▌         | 39/625 [04:20<1:05:41,  6.73s/it]
  6%|▋         | 40/625 [04:27<1:05:02,  6.67s/it]


  6%|▋         | 40/625 [04:27<1:05:02,  6.67s/it]
  7%|▋         | 41/625 [04:34<1:06:39,  6.85s/it]
  7%|▋         | 42/625 [04:41<1:08:32,  7.05s/it]
  7%|▋         | 43/625 [04:48<1:07:58,  7.01s/it]
  7%|▋         | 44/625 [04:55<1:06:48,  6.90s/it]
  7%|▋         | 45/625 [05:01<1:05:06,  6.73s/it]
  7%|▋         | 46/625 [05:08<1:04:15,  6.66s/it]
  8%|▊         | 47/625 [05:15<1:04:12,  6.66s/it]
  8%|▊         | 48/625 [05:21<1:02:18,  6.48s/it]
  8%|▊         | 49/625 [05:27<1:01:56,  6.45s/it]
  8%|▊         | 50/625 [05:34<1:03:20,  6.61s/it]


  8%|▊         | 50/625 [05:34<1:03:20,  6.61s/it]
  8%|▊         | 51/625 [05:40<1:02:23,  6.52s/it]
  8%|▊         | 52/625 [05:46<1:01:14,  6.41s/it]
  8%|▊         | 53/625 [05:53<1:02:32,  6.56s/it]
  9%|▊         | 54/625 [06:01<1:05:02,  6.84s/it]
  9%|▉         | 55/625 [06:07<1:03:54,  6.73s/it]
  9%|▉         | 56/625 [06:14<1:03:00,  6.64s/it]
  9%|▉         | 57/625 [06:21<1:04:24,  6.80s/it]
  9%|▉         | 58/625 [06:27<1:03:36,  6.73s/it]
  9%|▉         | 59/625 [06:34<1:03:20,  6.71s/it]
 10%|▉         | 60/625 [06:41<1:02:38,  6.65s/it]


 10%|▉         | 60/625 [06:41<1:02:38,  6.65s/it]
 10%|▉         | 61/625 [06:47<1:02:49,  6.68s/it]
 10%|▉         | 62/625 [06:53<1:00:05,  6.40s/it]
 10%|█         | 63/625 [07:00<1:00:04,  6.41s/it]
 10%|█         | 64/625 [07:07<1:03:38,  6.81s/it]
 10%|█         | 65/625 [07:14<1:02:15,  6.67s/it]
 11%|█         | 66/625 [07:20<1:01:06,  6.56s/it]
 11%|█         | 67/625 [07:26<59:25,  6.39s/it]
 11%|█         | 68/625 [07:32<58:53,  6.34s/it]
 11%|█         | 69/625 [07:39<58:44,  6.34s/it]
 11%|█         | 70/625 [07:45<57:55,  6.26s/it]


 11%|█         | 70/625 [07:45<57:55,  6.26s/it]
 11%|█▏        | 71/625 [07:51<57:00,  6.17s/it]
 12%|█▏        | 72/625 [07:57<56:40,  6.15s/it]
 12%|█▏        | 73/625 [08:04<59:39,  6.48s/it]
 12%|█▏        | 74/625 [08:11<1:01:32,  6.70s/it]
 12%|█▏        | 75/625 [08:18<1:01:17,  6.69s/it]
 12%|█▏        | 76/625 [08:24<59:28,  6.50s/it]
 12%|█▏        | 77/625 [08:31<1:00:15,  6.60s/it]
 12%|█▏        | 78/625 [08:38<1:00:50,  6.67s/it]
 13%|█▎        | 79/625 [08:44<1:00:34,  6.66s/it]
 13%|█▎        | 80/625 [08:51<1:00:47,  6.69s/it]


 13%|█▎        | 80/625 [08:51<1:00:47,  6.69s/it]
 13%|█▎        | 81/625 [08:58<1:02:11,  6.86s/it]
 13%|█▎        | 82/625 [09:04<1:00:00,  6.63s/it]
 13%|█▎        | 83/625 [09:11<59:00,  6.53s/it]
 13%|█▎        | 84/625 [09:17<58:58,  6.54s/it]
 14%|█▎        | 85/625 [09:24<59:29,  6.61s/it]
 14%|█▍        | 86/625 [09:31<59:41,  6.64s/it]
 14%|█▍        | 87/625 [09:38<1:00:32,  6.75s/it]
 14%|█▍        | 88/625 [09:45<1:01:02,  6.82s/it]
 14%|█▍        | 89/625 [09:51<59:24,  6.65s/it]
 14%|█▍        | 90/625 [09:57<58:42,  6.58s/it]


 14%|█▍        | 90/625 [09:57<58:42,  6.58s/it]
 15%|█▍        | 91/625 [10:04<59:40,  6.70s/it]
 15%|█▍        | 92/625 [10:12<1:01:40,  6.94s/it]
 15%|█▍        | 93/625 [10:19<1:02:02,  7.00s/it]
 15%|█▌        | 94/625 [10:26<1:02:08,  7.02s/it]
 15%|█▌        | 95/625 [10:33<1:02:14,  7.05s/it]
 15%|█▌        | 96/625 [10:39<59:53,  6.79s/it]
 16%|█▌        | 97/625 [10:46<58:56,  6.70s/it]
 16%|█▌        | 98/625 [10:52<58:03,  6.61s/it]
 16%|█▌        | 99/625 [10:58<56:29,  6.44s/it]
 16%|█▌        | 100/625 [11:04<55:18,  6.32s/it]


 16%|█▌        | 100/625 [11:04<55:18,  6.32s/it]
 16%|█▌        | 101/625 [11:11<56:40,  6.49s/it]
 16%|█▋        | 102/625 [11:18<57:40,  6.62s/it]
 16%|█▋        | 103/625 [11:25<57:33,  6.62s/it]
 17%|█▋        | 104/625 [11:32<58:49,  6.77s/it]
 17%|█▋        | 105/625 [11:39<1:00:13,  6.95s/it]
 17%|█▋        | 106/625 [11:46<1:00:25,  6.98s/it]
 17%|█▋        | 107/625 [11:52<58:10,  6.74s/it]
 17%|█▋        | 108/625 [11:59<56:26,  6.55s/it]
 17%|█▋        | 109/625 [12:05<55:21,  6.44s/it]
 18%|█▊        | 110/625 [12:11<54:51,  6.39s/it]


 18%|█▊        | 110/625 [12:11<54:51,  6.39s/it]
 18%|█▊        | 111/625 [12:18<55:40,  6.50s/it]
 18%|█▊        | 112/625 [12:25<57:26,  6.72s/it]
 18%|█▊        | 113/625 [12:32<57:56,  6.79s/it]
 18%|█▊        | 114/625 [12:38<57:09,  6.71s/it]
 18%|█▊        | 115/625 [12:45<57:15,  6.74s/it]
 19%|█▊        | 116/625 [12:52<56:48,  6.70s/it]
 19%|█▊        | 117/625 [12:58<55:51,  6.60s/it]
 19%|█▉        | 118/625 [13:05<57:01,  6.75s/it]
 19%|█▉        | 119/625 [13:13<58:12,  6.90s/it]
 19%|█▉        | 120/625 [13:19<57:27,  6.83s/it]


 19%|█▉        | 120/625 [13:19<57:27,  6.83s/it]
 19%|█▉        | 121/625 [13:25<55:45,  6.64s/it]
 20%|█▉        | 122/625 [13:32<55:17,  6.60s/it]
 20%|█▉        | 123/625 [13:38<54:33,  6.52s/it]
 20%|█▉        | 124/625 [13:45<54:00,  6.47s/it]
 20%|██        | 125/625 [13:51<53:05,  6.37s/it]
 20%|██        | 126/625 [13:57<52:11,  6.27s/it]
 20%|██        | 127/625 [14:03<51:33,  6.21s/it]
 20%|██        | 128/625 [14:10<53:33,  6.47s/it]
 21%|██        | 129/625 [14:18<56:37,  6.85s/it]
 21%|██        | 130/625 [14:24<55:47,  6.76s/it]


 21%|██        | 130/625 [14:24<55:47,  6.76s/it]
 21%|██        | 131/625 [14:31<56:47,  6.90s/it]
 21%|██        | 132/625 [14:39<57:12,  6.96s/it]
 21%|██▏       | 133/625 [14:45<55:35,  6.78s/it]
 21%|██▏       | 134/625 [14:52<55:45,  6.81s/it]
 22%|██▏       | 135/625 [14:58<55:18,  6.77s/it]
 22%|██▏       | 136/625 [15:05<54:24,  6.68s/it]
 22%|██▏       | 137/625 [15:12<54:20,  6.68s/it]
 22%|██▏       | 138/625 [15:18<53:28,  6.59s/it]
 22%|██▏       | 139/625 [15:24<52:51,  6.53s/it]
 22%|██▏       | 140/625 [15:31<51:54,  6.42s/it]


 22%|██▏       | 140/625 [15:31<51:54,  6.42s/it]
 23%|██▎       | 141/625 [15:37<51:19,  6.36s/it]
 23%|██▎       | 142/625 [15:43<51:04,  6.35s/it]
 23%|██▎       | 143/625 [15:49<50:23,  6.27s/it]
 23%|██▎       | 144/625 [15:56<50:57,  6.36s/it]
 23%|██▎       | 145/625 [16:02<51:49,  6.48s/it]
 23%|██▎       | 146/625 [16:09<52:47,  6.61s/it]
 24%|██▎       | 147/625 [16:16<53:10,  6.68s/it]
 24%|██▎       | 148/625 [16:23<54:25,  6.85s/it]
 24%|██▍       | 149/625 [16:31<55:39,  7.02s/it]
 24%|██▍       | 150/625 [16:38<54:39,  6.90s/it]


 24%|██▍       | 150/625 [16:38<54:39,  6.90s/it]
 24%|██▍       | 151/625 [16:44<53:32,  6.78s/it]
 24%|██▍       | 152/625 [16:50<52:19,  6.64s/it]
 24%|██▍       | 153/625 [16:57<52:26,  6.67s/it]
 25%|██▍       | 154/625 [17:04<52:07,  6.64s/it]
 25%|██▍       | 155/625 [17:10<51:05,  6.52s/it]
 25%|██▍       | 156/625 [17:16<49:45,  6.37s/it]
 25%|██▌       | 157/625 [17:22<48:35,  6.23s/it]
 25%|██▌       | 158/625 [17:28<48:20,  6.21s/it]
 25%|██▌       | 159/625 [17:35<49:42,  6.40s/it]
 26%|██▌       | 160/625 [17:41<49:53,  6.44s/it]


 26%|██▌       | 160/625 [17:41<49:53,  6.44s/it]
 26%|██▌       | 161/625 [17:48<49:54,  6.45s/it]
 26%|██▌       | 162/625 [17:55<52:02,  6.74s/it]
 26%|██▌       | 163/625 [18:02<52:40,  6.84s/it]
 26%|██▌       | 164/625 [18:09<51:36,  6.72s/it]
 26%|██▋       | 165/625 [18:16<52:10,  6.81s/it]
 27%|██▋       | 166/625 [18:22<51:50,  6.78s/it]
 27%|██▋       | 167/625 [18:29<50:29,  6.62s/it]
 27%|██▋       | 168/625 [18:35<50:35,  6.64s/it]
 27%|██▋       | 169/625 [18:42<50:28,  6.64s/it]
 27%|██▋       | 170/625 [18:49<50:22,  6.64s/it]


 27%|██▋       | 170/625 [18:49<50:22,  6.64s/it]
 27%|██▋       | 171/625 [18:55<50:05,  6.62s/it]
 28%|██▊       | 172/625 [19:02<49:21,  6.54s/it]
 28%|██▊       | 173/625 [19:08<48:08,  6.39s/it]
 28%|██▊       | 174/625 [19:14<47:32,  6.33s/it]
 28%|██▊       | 175/625 [19:20<47:37,  6.35s/it]
 28%|██▊       | 176/625 [19:28<50:03,  6.69s/it]
 28%|██▊       | 177/625 [19:35<51:13,  6.86s/it]
 28%|██▊       | 178/625 [19:42<50:56,  6.84s/it]
 29%|██▊       | 179/625 [19:49<51:02,  6.87s/it]
 29%|██▉       | 180/625 [19:56<52:11,  7.04s/it]


 29%|██▉       | 180/625 [19:56<52:11,  7.04s/it]
 29%|██▉       | 181/625 [20:03<50:55,  6.88s/it]
 29%|██▉       | 182/625 [20:09<50:32,  6.85s/it]
 29%|██▉       | 183/625 [20:16<49:18,  6.69s/it]
 29%|██▉       | 184/625 [20:22<48:09,  6.55s/it]
 30%|██▉       | 185/625 [20:28<47:41,  6.50s/it]
 30%|██▉       | 186/625 [20:36<49:16,  6.74s/it]
 30%|██▉       | 187/625 [20:42<49:15,  6.75s/it]
 30%|███       | 188/625 [20:50<50:02,  6.87s/it]
 30%|███       | 189/625 [20:56<49:53,  6.87s/it]
 30%|███       | 190/625 [21:03<49:26,  6.82s/it]


 30%|███       | 190/625 [21:03<49:26,  6.82s/it]
 31%|███       | 191/625 [21:10<48:19,  6.68s/it]
 31%|███       | 192/625 [21:16<47:58,  6.65s/it]
 31%|███       | 193/625 [21:22<47:18,  6.57s/it]
 31%|███       | 194/625 [21:28<45:52,  6.39s/it]
 31%|███       | 195/625 [21:35<45:51,  6.40s/it]
 31%|███▏      | 196/625 [21:42<47:13,  6.60s/it]
 32%|███▏      | 197/625 [21:49<48:28,  6.80s/it]
 32%|███▏      | 198/625 [21:56<49:20,  6.93s/it]
 32%|███▏      | 199/625 [22:04<50:01,  7.04s/it]
 32%|███▏      | 200/625 [22:11<49:46,  7.03s/it]


 32%|███▏      | 200/625 [22:11<49:46,  7.03s/it]
 32%|███▏      | 201/625 [22:18<50:25,  7.14s/it]
 32%|███▏      | 202/625 [22:25<49:56,  7.08s/it]
 32%|███▏      | 203/625 [22:32<49:47,  7.08s/it]
 33%|███▎      | 204/625 [22:39<48:45,  6.95s/it]
 33%|███▎      | 205/625 [22:45<47:47,  6.83s/it]
 33%|███▎      | 206/625 [22:52<46:58,  6.73s/it]
 33%|███▎      | 207/625 [22:58<45:19,  6.50s/it]
 33%|███▎      | 208/625 [23:04<45:12,  6.51s/it]
 33%|███▎      | 209/625 [23:11<46:29,  6.71s/it]
 34%|███▎      | 210/625 [23:18<46:00,  6.65s/it]


 34%|███▎      | 210/625 [23:18<46:00,  6.65s/it]
 34%|███▍      | 211/625 [23:24<45:16,  6.56s/it]
 34%|███▍      | 212/625 [23:31<44:49,  6.51s/it]
 34%|███▍      | 213/625 [23:38<45:28,  6.62s/it]
 34%|███▍      | 214/625 [23:44<45:09,  6.59s/it]
 34%|███▍      | 215/625 [23:51<44:57,  6.58s/it]
 35%|███▍      | 216/625 [23:57<44:27,  6.52s/it]
 35%|███▍      | 217/625 [24:03<43:09,  6.35s/it]
 35%|███▍      | 218/625 [24:10<44:07,  6.50s/it]
 35%|███▌      | 219/625 [24:18<46:47,  6.91s/it]
 35%|███▌      | 220/625 [24:24<45:53,  6.80s/it]


 35%|███▌      | 220/625 [24:24<45:53,  6.80s/it]
 35%|███▌      | 221/625 [24:31<45:48,  6.80s/it]
 36%|███▌      | 222/625 [24:38<46:13,  6.88s/it]
 36%|███▌      | 223/625 [24:45<46:08,  6.89s/it]
 36%|███▌      | 224/625 [24:52<45:19,  6.78s/it]
 36%|███▌      | 225/625 [24:58<43:57,  6.59s/it]
 36%|███▌      | 226/625 [25:04<42:51,  6.44s/it]
 36%|███▋      | 227/625 [25:10<41:55,  6.32s/it]
 36%|███▋      | 228/625 [25:16<41:16,  6.24s/it]
 37%|███▋      | 229/625 [25:22<40:57,  6.21s/it]
 37%|███▋      | 230/625 [25:30<44:19,  6.73s/it]


 37%|███▋      | 230/625 [25:30<44:19,  6.73s/it]
 37%|███▋      | 231/625 [25:37<44:56,  6.84s/it]
 37%|███▋      | 232/625 [25:44<44:56,  6.86s/it]
 37%|███▋      | 233/625 [25:51<44:09,  6.76s/it]
 37%|███▋      | 234/625 [25:57<43:35,  6.69s/it]
 38%|███▊      | 235/625 [26:04<43:15,  6.66s/it]
 38%|███▊      | 236/625 [26:11<44:06,  6.80s/it]
 38%|███▊      | 237/625 [26:17<43:10,  6.68s/it]
 38%|███▊      | 238/625 [26:24<43:27,  6.74s/it]
 38%|███▊      | 239/625 [26:31<42:52,  6.66s/it]
 38%|███▊      | 240/625 [26:37<42:57,  6.69s/it]


 38%|███▊      | 240/625 [26:37<42:57,  6.69s/it]
 39%|███▊      | 241/625 [26:44<43:19,  6.77s/it]
 39%|███▊      | 242/625 [26:51<42:11,  6.61s/it]
 39%|███▉      | 243/625 [26:58<43:05,  6.77s/it]
 39%|███▉      | 244/625 [27:04<42:25,  6.68s/it]
 39%|███▉      | 245/625 [27:11<42:00,  6.63s/it]
 39%|███▉      | 246/625 [27:17<41:22,  6.55s/it]
 40%|███▉      | 247/625 [27:23<40:39,  6.45s/it]
 40%|███▉      | 248/625 [27:29<39:47,  6.33s/it]
 40%|███▉      | 249/625 [27:36<39:50,  6.36s/it]
 40%|████      | 250/625 [27:43<41:57,  6.71s/it]


 40%|████      | 250/625 [27:43<41:57,  6.71s/it]
 40%|████      | 251/625 [27:50<42:15,  6.78s/it]
 40%|████      | 252/625 [27:57<42:44,  6.87s/it]
 40%|████      | 253/625 [28:04<42:38,  6.88s/it]
 41%|████      | 254/625 [28:12<43:34,  7.05s/it]
 41%|████      | 255/625 [28:19<43:24,  7.04s/it]
 41%|████      | 256/625 [28:25<42:28,  6.91s/it]
 41%|████      | 257/625 [28:32<42:46,  6.97s/it]
 41%|████▏     | 258/625 [28:39<42:48,  7.00s/it]
 41%|████▏     | 259/625 [28:47<43:22,  7.11s/it]
 42%|████▏     | 260/625 [28:54<42:49,  7.04s/it]


 42%|████▏     | 260/625 [28:54<42:49,  7.04s/it]
 42%|████▏     | 261/625 [29:00<42:03,  6.93s/it]
 42%|████▏     | 262/625 [29:07<41:12,  6.81s/it]
 42%|████▏     | 263/625 [29:14<42:00,  6.96s/it]
 42%|████▏     | 264/625 [29:21<40:49,  6.79s/it]
 42%|████▏     | 265/625 [29:27<39:50,  6.64s/it]
 43%|████▎     | 266/625 [29:34<40:18,  6.74s/it]
 43%|████▎     | 267/625 [29:40<39:49,  6.68s/it]
 43%|████▎     | 268/625 [29:47<39:09,  6.58s/it]
 43%|████▎     | 269/625 [29:54<40:19,  6.80s/it]
 43%|████▎     | 270/625 [30:02<42:45,  7.23s/it]


 43%|████▎     | 270/625 [30:02<42:45,  7.23s/it]
 43%|████▎     | 271/625 [30:09<41:56,  7.11s/it]
 44%|████▎     | 272/625 [30:15<40:33,  6.89s/it]
 44%|████▎     | 273/625 [30:22<39:27,  6.73s/it]
 44%|████▍     | 274/625 [30:28<38:10,  6.53s/it]
 44%|████▍     | 275/625 [30:34<37:47,  6.48s/it]
 44%|████▍     | 276/625 [30:40<37:14,  6.40s/it]
 44%|████▍     | 277/625 [30:47<37:29,  6.47s/it]
 44%|████▍     | 278/625 [30:55<39:10,  6.77s/it]
 45%|████▍     | 279/625 [31:01<38:10,  6.62s/it]
 45%|████▍     | 280/625 [31:08<39:04,  6.80s/it]


 45%|████▍     | 280/625 [31:08<39:04,  6.80s/it]
 45%|████▍     | 281/625 [31:15<39:25,  6.88s/it]
 45%|████▌     | 282/625 [31:22<38:56,  6.81s/it]
 45%|████▌     | 283/625 [31:28<38:14,  6.71s/it]
 45%|████▌     | 284/625 [31:35<38:14,  6.73s/it]
 46%|████▌     | 285/625 [31:42<37:52,  6.68s/it]
 46%|████▌     | 286/625 [31:49<38:09,  6.75s/it]
 46%|████▌     | 287/625 [31:55<37:35,  6.67s/it]
 46%|████▌     | 288/625 [32:01<36:23,  6.48s/it]
 46%|████▌     | 289/625 [32:07<35:41,  6.37s/it]
 46%|████▋     | 290/625 [32:14<37:06,  6.64s/it]


 46%|████▋     | 290/625 [32:14<37:06,  6.64s/it]
 47%|████▋     | 291/625 [32:21<36:28,  6.55s/it]
 47%|████▋     | 292/625 [32:27<36:16,  6.54s/it]
 47%|████▋     | 293/625 [32:34<36:22,  6.57s/it]
 47%|████▋     | 294/625 [32:41<36:36,  6.64s/it]
 47%|████▋     | 295/625 [32:47<35:50,  6.52s/it]
 47%|████▋     | 296/625 [32:53<34:38,  6.32s/it]
 48%|████▊     | 297/625 [32:59<34:16,  6.27s/it]
 48%|████▊     | 298/625 [33:05<34:05,  6.26s/it]
 48%|████▊     | 299/625 [33:11<34:00,  6.26s/it]
 48%|████▊     | 300/625 [33:18<34:07,  6.30s/it]


 48%|████▊     | 300/625 [33:18<34:07,  6.30s/it]
 48%|████▊     | 301/625 [33:24<34:27,  6.38s/it]
 48%|████▊     | 302/625 [33:32<35:35,  6.61s/it]
 48%|████▊     | 303/625 [33:38<35:45,  6.66s/it]
 49%|████▊     | 304/625 [33:46<36:35,  6.84s/it]
 49%|████▉     | 305/625 [33:53<36:41,  6.88s/it]
 49%|████▉     | 306/625 [33:59<36:35,  6.88s/it]
 49%|████▉     | 307/625 [34:06<36:37,  6.91s/it]
 49%|████▉     | 308/625 [34:13<35:11,  6.66s/it]
 49%|████▉     | 309/625 [34:19<34:10,  6.49s/it]
 50%|████▉     | 310/625 [34:25<34:00,  6.48s/it]


 50%|████▉     | 310/625 [34:25<34:00,  6.48s/it]
 50%|████▉     | 311/625 [34:31<33:32,  6.41s/it]
 50%|████▉     | 312/625 [34:38<33:12,  6.36s/it]
 50%|█████     | 313/625 [34:44<33:31,  6.45s/it]
 50%|█████     | 314/625 [34:51<34:04,  6.57s/it]
 50%|█████     | 315/625 [34:58<34:03,  6.59s/it]
 51%|█████     | 316/625 [35:04<34:05,  6.62s/it]
 51%|█████     | 317/625 [35:12<35:51,  6.99s/it]
 51%|█████     | 318/625 [35:19<35:19,  6.91s/it]
 51%|█████     | 319/625 [35:26<35:11,  6.90s/it]
 51%|█████     | 320/625 [35:33<35:41,  7.02s/it]


 51%|█████     | 320/625 [35:33<35:41,  7.02s/it]
 51%|█████▏    | 321/625 [35:40<35:07,  6.93s/it]
 52%|█████▏    | 322/625 [35:46<34:04,  6.75s/it]
 52%|█████▏    | 323/625 [35:53<33:59,  6.75s/it]
 52%|█████▏    | 324/625 [36:00<34:43,  6.92s/it]
 52%|█████▏    | 325/625 [36:07<34:49,  6.97s/it]
 52%|█████▏    | 326/625 [36:14<34:31,  6.93s/it]
 52%|█████▏    | 327/625 [36:21<34:37,  6.97s/it]
 52%|█████▏    | 328/625 [36:27<33:01,  6.67s/it]
 53%|█████▎    | 329/625 [36:33<32:06,  6.51s/it]
 53%|█████▎    | 330/625 [36:40<31:43,  6.45s/it]


 53%|█████▎    | 330/625 [36:40<31:43,  6.45s/it]
 53%|█████▎    | 331/625 [36:47<33:10,  6.77s/it]
 53%|█████▎    | 332/625 [36:54<32:58,  6.75s/it]
 53%|█████▎    | 333/625 [37:00<31:43,  6.52s/it]
 53%|█████▎    | 334/625 [37:07<32:22,  6.67s/it]
 54%|█████▎    | 335/625 [37:14<32:31,  6.73s/it]
 54%|█████▍    | 336/625 [37:20<31:53,  6.62s/it]
 54%|█████▍    | 337/625 [37:26<30:40,  6.39s/it]
 54%|█████▍    | 338/625 [37:33<30:56,  6.47s/it]
 54%|█████▍    | 339/625 [37:39<31:19,  6.57s/it]
 54%|█████▍    | 340/625 [37:46<31:48,  6.70s/it]


 54%|█████▍    | 340/625 [37:46<31:48,  6.70s/it]
 55%|█████▍    | 341/625 [37:53<31:20,  6.62s/it]
 55%|█████▍    | 342/625 [37:59<30:51,  6.54s/it]
 55%|█████▍    | 343/625 [38:06<30:53,  6.57s/it]
 55%|█████▌    | 344/625 [38:13<31:02,  6.63s/it]
 55%|█████▌    | 345/625 [38:20<32:14,  6.91s/it]
 55%|█████▌    | 346/625 [38:27<32:18,  6.95s/it]
 56%|█████▌    | 347/625 [38:33<31:01,  6.70s/it]
 56%|█████▌    | 348/625 [38:40<30:40,  6.64s/it]
 56%|█████▌    | 349/625 [38:46<29:35,  6.43s/it]
 56%|█████▌    | 350/625 [38:52<29:01,  6.33s/it]


 56%|█████▌    | 350/625 [38:52<29:01,  6.33s/it]
 56%|█████▌    | 351/625 [38:59<29:37,  6.49s/it]
 56%|█████▋    | 352/625 [39:05<29:34,  6.50s/it]
 56%|█████▋    | 353/625 [39:13<30:31,  6.74s/it]
 57%|█████▋    | 354/625 [39:20<30:56,  6.85s/it]
 57%|█████▋    | 355/625 [39:26<30:38,  6.81s/it]
 57%|█████▋    | 356/625 [39:33<30:46,  6.86s/it]
 57%|█████▋    | 357/625 [39:40<30:03,  6.73s/it]
 57%|█████▋    | 358/625 [39:46<29:35,  6.65s/it]
 57%|█████▋    | 359/625 [39:53<29:02,  6.55s/it]
 58%|█████▊    | 360/625 [39:59<28:10,  6.38s/it]


 58%|█████▊    | 360/625 [39:59<28:10,  6.38s/it]
 58%|█████▊    | 361/625 [40:05<28:24,  6.46s/it]
 58%|█████▊    | 362/625 [40:11<27:27,  6.27s/it]
 58%|█████▊    | 363/625 [40:17<26:41,  6.11s/it]
 58%|█████▊    | 364/625 [40:23<26:20,  6.06s/it]
 58%|█████▊    | 365/625 [40:30<27:49,  6.42s/it]
 59%|█████▊    | 366/625 [40:36<27:00,  6.26s/it]
 59%|█████▊    | 367/625 [40:43<27:28,  6.39s/it]
 59%|█████▉    | 368/625 [40:49<27:39,  6.46s/it]
 59%|█████▉    | 369/625 [40:56<28:11,  6.61s/it]
 59%|█████▉    | 370/625 [41:02<27:38,  6.50s/it]


 59%|█████▉    | 370/625 [41:02<27:38,  6.50s/it]
 59%|█████▉    | 371/625 [41:10<28:22,  6.70s/it]
 60%|█████▉    | 372/625 [41:16<28:20,  6.72s/it]
 60%|█████▉    | 373/625 [41:24<29:08,  6.94s/it]
 60%|█████▉    | 374/625 [41:30<28:45,  6.88s/it]
 60%|██████    | 375/625 [41:37<28:22,  6.81s/it]
 60%|██████    | 376/625 [41:43<27:15,  6.57s/it]
 60%|██████    | 377/625 [41:49<26:36,  6.44s/it]
 60%|██████    | 378/625 [41:55<25:59,  6.31s/it]
 61%|██████    | 379/625 [42:01<25:14,  6.15s/it]
 61%|██████    | 380/625 [42:07<25:00,  6.12s/it]


 61%|██████    | 380/625 [42:07<25:00,  6.12s/it]
 61%|██████    | 381/625 [42:14<25:20,  6.23s/it]
 61%|██████    | 382/625 [42:19<24:42,  6.10s/it]
 61%|██████▏   | 383/625 [42:26<25:23,  6.29s/it]
 61%|██████▏   | 384/625 [42:33<25:53,  6.45s/it]
 62%|██████▏   | 385/625 [42:39<25:51,  6.46s/it]
 62%|██████▏   | 386/625 [42:46<26:05,  6.55s/it]
 62%|██████▏   | 387/625 [42:54<27:06,  6.84s/it]
 62%|██████▏   | 388/625 [43:01<27:17,  6.91s/it]
 62%|██████▏   | 389/625 [43:07<26:42,  6.79s/it]
 62%|██████▏   | 390/625 [43:14<26:01,  6.65s/it]


 62%|██████▏   | 390/625 [43:14<26:01,  6.65s/it]
 63%|██████▎   | 391/625 [43:20<26:06,  6.69s/it]
 63%|██████▎   | 392/625 [43:27<25:24,  6.54s/it]
 63%|██████▎   | 393/625 [43:33<25:06,  6.49s/it]
 63%|██████▎   | 394/625 [43:39<24:59,  6.49s/it]
 63%|██████▎   | 395/625 [43:46<24:35,  6.41s/it]
 63%|██████▎   | 396/625 [43:52<24:27,  6.41s/it]
 64%|██████▎   | 397/625 [43:59<25:21,  6.67s/it]
 64%|██████▎   | 398/625 [44:06<25:26,  6.72s/it]
 64%|██████▍   | 399/625 [44:13<24:55,  6.62s/it]
 64%|██████▍   | 400/625 [44:19<24:23,  6.50s/it]


 64%|██████▍   | 400/625 [44:19<24:23,  6.50s/it]
 64%|██████▍   | 401/625 [44:25<24:05,  6.45s/it]
 64%|██████▍   | 402/625 [44:32<24:12,  6.51s/it]
 64%|██████▍   | 403/625 [44:38<24:00,  6.49s/it]
 65%|██████▍   | 404/625 [44:44<23:28,  6.38s/it]
 65%|██████▍   | 405/625 [44:51<24:02,  6.55s/it]
 65%|██████▍   | 406/625 [44:58<23:54,  6.55s/it]
 65%|██████▌   | 407/625 [45:04<23:50,  6.56s/it]
 65%|██████▌   | 408/625 [45:12<24:19,  6.72s/it]
 65%|██████▌   | 409/625 [45:18<23:38,  6.57s/it]
 66%|██████▌   | 410/625 [45:24<23:19,  6.51s/it]


 66%|██████▌   | 410/625 [45:24<23:19,  6.51s/it]
 66%|██████▌   | 411/625 [45:31<23:13,  6.51s/it]
 66%|██████▌   | 412/625 [45:38<23:29,  6.62s/it]
 66%|██████▌   | 413/625 [45:43<22:22,  6.33s/it]
 66%|██████▌   | 414/625 [45:49<22:11,  6.31s/it]
 66%|██████▋   | 415/625 [45:56<22:46,  6.51s/it]
 67%|██████▋   | 416/625 [46:03<22:29,  6.46s/it]
 67%|██████▋   | 417/625 [46:09<22:04,  6.37s/it]
 67%|██████▋   | 418/625 [46:15<21:43,  6.30s/it]
 67%|██████▋   | 419/625 [46:22<22:09,  6.45s/it]
 67%|██████▋   | 420/625 [46:28<22:09,  6.48s/it]


 67%|██████▋   | 420/625 [46:28<22:09,  6.48s/it]
 67%|██████▋   | 421/625 [46:35<22:01,  6.48s/it]
 68%|██████▊   | 422/625 [46:42<22:21,  6.61s/it]
 68%|██████▊   | 423/625 [46:48<22:09,  6.58s/it]
 68%|██████▊   | 424/625 [46:55<22:06,  6.60s/it]
 68%|██████▊   | 425/625 [47:02<21:56,  6.58s/it]
 68%|██████▊   | 426/625 [47:08<21:27,  6.47s/it]
 68%|██████▊   | 427/625 [47:14<20:52,  6.33s/it]
 68%|██████▊   | 428/625 [47:20<20:54,  6.37s/it]
 69%|██████▊   | 429/625 [47:26<20:37,  6.32s/it]
 69%|██████▉   | 430/625 [47:33<20:42,  6.37s/it]


 69%|██████▉   | 430/625 [47:33<20:42,  6.37s/it]
 69%|██████▉   | 431/625 [47:39<20:32,  6.36s/it]
 69%|██████▉   | 432/625 [47:46<20:36,  6.40s/it]
 69%|██████▉   | 433/625 [47:52<20:38,  6.45s/it]
 69%|██████▉   | 434/625 [47:59<20:30,  6.44s/it]
 70%|██████▉   | 435/625 [48:05<20:31,  6.48s/it]
 70%|██████▉   | 436/625 [48:12<20:35,  6.54s/it]
 70%|██████▉   | 437/625 [48:18<20:10,  6.44s/it]
 70%|███████   | 438/625 [48:25<20:10,  6.47s/it]
 70%|███████   | 439/625 [48:31<20:03,  6.47s/it]
 70%|███████   | 440/625 [48:37<19:37,  6.36s/it]


 70%|███████   | 440/625 [48:37<19:37,  6.36s/it]
 71%|███████   | 441/625 [48:44<19:28,  6.35s/it]
 71%|███████   | 442/625 [48:50<19:31,  6.40s/it]
 71%|███████   | 443/625 [48:57<19:36,  6.46s/it]
 71%|███████   | 444/625 [49:04<20:28,  6.79s/it]
 71%|███████   | 445/625 [49:11<20:26,  6.82s/it]
 71%|███████▏  | 446/625 [49:18<20:18,  6.81s/it]
 72%|███████▏  | 447/625 [49:24<19:46,  6.67s/it]
 72%|███████▏  | 448/625 [49:31<19:39,  6.67s/it]
 72%|███████▏  | 449/625 [49:38<19:45,  6.74s/it]
 72%|███████▏  | 450/625 [49:44<19:23,  6.65s/it]


 72%|███████▏  | 450/625 [49:44<19:23,  6.65s/it]
 72%|███████▏  | 451/625 [49:50<18:52,  6.51s/it]
 72%|███████▏  | 452/625 [49:57<19:11,  6.66s/it]
 72%|███████▏  | 453/625 [50:04<18:50,  6.57s/it]
 73%|███████▎  | 454/625 [50:10<18:45,  6.58s/it]
 73%|███████▎  | 455/625 [50:17<18:21,  6.48s/it]
 73%|███████▎  | 456/625 [50:23<18:19,  6.50s/it]
 73%|███████▎  | 457/625 [50:30<18:00,  6.43s/it]
 73%|███████▎  | 458/625 [50:36<17:44,  6.37s/it]
 73%|███████▎  | 459/625 [50:42<17:50,  6.45s/it]
 74%|███████▎  | 460/625 [50:49<17:36,  6.41s/it]


 74%|███████▎  | 460/625 [50:49<17:36,  6.41s/it]
 74%|███████▍  | 461/625 [50:55<17:34,  6.43s/it]
 74%|███████▍  | 462/625 [51:02<17:53,  6.58s/it]
 74%|███████▍  | 463/625 [51:09<17:38,  6.53s/it]
 74%|███████▍  | 464/625 [51:15<17:19,  6.46s/it]
 74%|███████▍  | 465/625 [51:22<17:27,  6.55s/it]
 75%|███████▍  | 466/625 [51:28<17:37,  6.65s/it]
 75%|███████▍  | 467/625 [51:35<17:22,  6.60s/it]
 75%|███████▍  | 468/625 [51:41<17:08,  6.55s/it]
 75%|███████▌  | 469/625 [51:48<16:45,  6.44s/it]
 75%|███████▌  | 470/625 [51:53<16:11,  6.27s/it]


 75%|███████▌  | 470/625 [51:53<16:11,  6.27s/it]
 75%|███████▌  | 471/625 [52:00<16:07,  6.28s/it]
 76%|███████▌  | 472/625 [52:07<16:24,  6.44s/it]
 76%|███████▌  | 473/625 [52:13<16:24,  6.48s/it]
 76%|███████▌  | 474/625 [52:19<16:05,  6.40s/it]
 76%|███████▌  | 475/625 [52:26<16:14,  6.50s/it]
 76%|███████▌  | 476/625 [52:33<16:14,  6.54s/it]
 76%|███████▋  | 477/625 [52:39<16:08,  6.54s/it]
 76%|███████▋  | 478/625 [52:46<16:05,  6.57s/it]
 77%|███████▋  | 479/625 [52:52<15:58,  6.56s/it]
 77%|███████▋  | 480/625 [52:59<15:59,  6.62s/it]


 77%|███████▋  | 480/625 [52:59<15:59,  6.62s/it]
 77%|███████▋  | 481/625 [53:05<15:28,  6.45s/it]
 77%|███████▋  | 482/625 [53:12<15:23,  6.45s/it]
 77%|███████▋  | 483/625 [53:18<15:17,  6.46s/it]
 77%|███████▋  | 484/625 [53:24<15:00,  6.39s/it]
 78%|███████▊  | 485/625 [53:31<14:51,  6.37s/it]
 78%|███████▊  | 486/625 [53:37<14:36,  6.31s/it]
 78%|███████▊  | 487/625 [53:43<14:36,  6.35s/it]
 78%|███████▊  | 488/625 [53:49<14:19,  6.28s/it]
 78%|███████▊  | 489/625 [53:57<14:55,  6.58s/it]
 78%|███████▊  | 490/625 [54:03<14:38,  6.51s/it]


 78%|███████▊  | 490/625 [54:03<14:38,  6.51s/it]
 79%|███████▊  | 491/625 [54:10<14:33,  6.52s/it]
 79%|███████▊  | 492/625 [54:17<14:52,  6.71s/it]
 79%|███████▉  | 493/625 [54:24<14:55,  6.79s/it]
 79%|███████▉  | 494/625 [54:30<14:42,  6.74s/it]
 79%|███████▉  | 495/625 [54:37<14:39,  6.76s/it]
 79%|███████▉  | 496/625 [54:44<14:28,  6.73s/it]
 80%|███████▉  | 497/625 [54:50<13:58,  6.55s/it]
 80%|███████▉  | 498/625 [54:57<13:56,  6.59s/it]
 80%|███████▉  | 499/625 [55:04<14:07,  6.73s/it]
 80%|████████  | 500/625 [55:10<13:56,  6.69s/it]


 80%|████████  | 500/625 [55:10<13:56,  6.69s/it]
 80%|████████  | 501/625 [55:17<13:59,  6.77s/it]
 80%|████████  | 502/625 [55:24<13:43,  6.70s/it]
 80%|████████  | 503/625 [55:30<13:22,  6.58s/it]
 81%|████████  | 504/625 [55:37<13:12,  6.55s/it]
 81%|████████  | 505/625 [55:43<12:49,  6.42s/it]
 81%|████████  | 506/625 [55:49<12:39,  6.39s/it]
 81%|████████  | 507/625 [55:55<12:36,  6.41s/it]
 81%|████████▏ | 508/625 [56:03<13:08,  6.74s/it]
 81%|████████▏ | 509/625 [56:11<13:30,  6.99s/it]
 82%|████████▏ | 510/625 [56:17<13:12,  6.89s/it]


 82%|████████▏ | 510/625 [56:17<13:12,  6.89s/it]
 82%|████████▏ | 511/625 [56:24<12:51,  6.77s/it]
 82%|████████▏ | 512/625 [56:30<12:45,  6.77s/it]
 82%|████████▏ | 513/625 [56:38<12:51,  6.89s/it]
 82%|████████▏ | 514/625 [56:45<12:52,  6.96s/it]
 82%|████████▏ | 515/625 [56:51<12:29,  6.82s/it]
 83%|████████▎ | 516/625 [56:58<12:15,  6.75s/it]
 83%|████████▎ | 517/625 [57:04<11:56,  6.64s/it]
 83%|████████▎ | 518/625 [57:11<11:49,  6.63s/it]
 83%|████████▎ | 519/625 [57:17<11:36,  6.57s/it]
 83%|████████▎ | 520/625 [57:24<11:26,  6.54s/it]


 83%|████████▎ | 520/625 [57:24<11:26,  6.54s/it]
 83%|████████▎ | 521/625 [57:30<11:08,  6.43s/it]
 84%|████████▎ | 522/625 [57:37<11:09,  6.50s/it]
 84%|████████▎ | 523/625 [57:44<11:37,  6.84s/it]
 84%|████████▍ | 524/625 [57:51<11:37,  6.91s/it]
 84%|████████▍ | 525/625 [57:58<11:30,  6.90s/it]
 84%|████████▍ | 526/625 [58:05<11:13,  6.80s/it]
 84%|████████▍ | 527/625 [58:12<11:21,  6.96s/it]
 84%|████████▍ | 528/625 [58:19<11:07,  6.88s/it]
 85%|████████▍ | 529/625 [58:25<10:52,  6.79s/it]
 85%|████████▍ | 530/625 [58:32<10:34,  6.68s/it]


 85%|████████▍ | 530/625 [58:32<10:34,  6.68s/it]
 85%|████████▍ | 531/625 [58:38<10:13,  6.53s/it]
 85%|████████▌ | 532/625 [58:44<10:04,  6.50s/it]
 85%|████████▌ | 533/625 [58:50<09:47,  6.39s/it]
 85%|████████▌ | 534/625 [58:57<09:33,  6.30s/it]
 86%|████████▌ | 535/625 [59:03<09:23,  6.27s/it]
 86%|████████▌ | 536/625 [59:09<09:20,  6.30s/it]
 86%|████████▌ | 537/625 [59:16<09:19,  6.35s/it]
 86%|████████▌ | 538/625 [59:22<09:04,  6.26s/it]
 86%|████████▌ | 539/625 [59:28<08:58,  6.26s/it]
 86%|████████▋ | 540/625 [59:35<09:16,  6.55s/it]


 86%|████████▋ | 540/625 [59:35<09:16,  6.55s/it]
 87%|████████▋ | 541/625 [59:42<09:11,  6.57s/it]
 87%|████████▋ | 542/625 [59:48<08:52,  6.42s/it]
 87%|████████▋ | 543/625 [59:54<08:40,  6.35s/it]
 87%|████████▋ | 544/625 [1:00:00<08:25,  6.24s/it]
 87%|████████▋ | 545/625 [1:00:06<08:14,  6.18s/it]
 87%|████████▋ | 546/625 [1:00:12<07:59,  6.07s/it]
 88%|████████▊ | 547/625 [1:00:18<07:56,  6.11s/it]
 88%|████████▊ | 548/625 [1:00:24<07:58,  6.22s/it]
 88%|████████▊ | 549/625 [1:00:31<07:53,  6.23s/it]
 88%|████████▊ | 550/625 [1:00:37<07:52,  6.29s/it]


 88%|████████▊ | 550/625 [1:00:37<07:52,  6.29s/it]
 88%|████████▊ | 551/625 [1:00:44<07:59,  6.48s/it]
 88%|████████▊ | 552/625 [1:00:52<08:14,  6.77s/it]
 88%|████████▊ | 553/625 [1:00:58<07:51,  6.54s/it]
 89%|████████▊ | 554/625 [1:01:04<07:40,  6.49s/it]
 89%|████████▉ | 555/625 [1:01:10<07:25,  6.36s/it]
 89%|████████▉ | 556/625 [1:01:16<07:14,  6.30s/it]
 89%|████████▉ | 557/625 [1:01:23<07:23,  6.52s/it]
 89%|████████▉ | 558/625 [1:01:30<07:20,  6.58s/it]
 89%|████████▉ | 559/625 [1:01:36<07:13,  6.56s/it]
 90%|████████▉ | 560/625 [1:01:43<07:07,  6.58s/it]


 90%|████████▉ | 560/625 [1:01:43<07:07,  6.58s/it]
 90%|████████▉ | 561/625 [1:01:49<06:55,  6.49s/it]
 90%|████████▉ | 562/625 [1:01:56<06:47,  6.46s/it]
 90%|█████████ | 563/625 [1:02:02<06:38,  6.42s/it]
 90%|█████████ | 564/625 [1:02:09<06:32,  6.43s/it]
 90%|█████████ | 565/625 [1:02:15<06:22,  6.37s/it]
 91%|█████████ | 566/625 [1:02:21<06:14,  6.34s/it]
 91%|█████████ | 567/625 [1:02:28<06:18,  6.52s/it]
 91%|█████████ | 568/625 [1:02:34<06:05,  6.41s/it]
 91%|█████████ | 569/625 [1:02:41<06:02,  6.47s/it]
 91%|█████████ | 570/625 [1:02:47<05:55,  6.47s/it]


 91%|█████████ | 570/625 [1:02:47<05:55,  6.47s/it]
 91%|█████████▏| 571/625 [1:02:54<05:51,  6.50s/it]
 92%|█████████▏| 572/625 [1:03:01<05:56,  6.73s/it]
 92%|█████████▏| 573/625 [1:03:08<05:47,  6.67s/it]
 92%|█████████▏| 574/625 [1:03:15<05:46,  6.80s/it]
 92%|█████████▏| 575/625 [1:03:22<05:47,  6.95s/it]
 92%|█████████▏| 576/625 [1:03:28<05:34,  6.82s/it]
 92%|█████████▏| 577/625 [1:03:35<05:26,  6.80s/it]
 92%|█████████▏| 578/625 [1:03:42<05:14,  6.70s/it]
 93%|█████████▎| 579/625 [1:03:48<05:08,  6.71s/it]
 93%|█████████▎| 580/625 [1:03:55<04:55,  6.56s/it]


 93%|█████████▎| 580/625 [1:03:55<04:55,  6.56s/it]
 93%|█████████▎| 581/625 [1:04:01<04:46,  6.51s/it]
 93%|█████████▎| 582/625 [1:04:07<04:37,  6.46s/it]
 93%|█████████▎| 583/625 [1:04:14<04:29,  6.42s/it]
 93%|█████████▎| 584/625 [1:04:20<04:21,  6.39s/it]
 94%|█████████▎| 585/625 [1:04:27<04:20,  6.51s/it]
 94%|█████████▍| 586/625 [1:04:33<04:10,  6.41s/it]
 94%|█████████▍| 587/625 [1:04:40<04:09,  6.56s/it]
 94%|█████████▍| 588/625 [1:04:46<04:02,  6.56s/it]
 94%|█████████▍| 589/625 [1:04:53<03:52,  6.45s/it]
 94%|█████████▍| 590/625 [1:04:59<03:43,  6.38s/it]


 94%|█████████▍| 590/625 [1:04:59<03:43,  6.38s/it]
 95%|█████████▍| 591/625 [1:05:05<03:35,  6.32s/it]
 95%|█████████▍| 592/625 [1:05:11<03:25,  6.21s/it]
 95%|█████████▍| 593/625 [1:05:17<03:16,  6.14s/it]
 95%|█████████▌| 594/625 [1:05:23<03:10,  6.13s/it]
 95%|█████████▌| 595/625 [1:05:29<03:01,  6.06s/it]
 95%|█████████▌| 596/625 [1:05:37<03:15,  6.74s/it]
 96%|█████████▌| 597/625 [1:05:44<03:09,  6.77s/it]
 96%|█████████▌| 598/625 [1:05:51<03:04,  6.84s/it]
 96%|█████████▌| 599/625 [1:05:58<02:55,  6.76s/it]
 96%|█████████▌| 600/625 [1:06:04<02:47,  6.71s/it]


 96%|█████████▌| 600/625 [1:06:04<02:47,  6.71s/it]
 96%|█████████▌| 601/625 [1:06:12<02:45,  6.89s/it]
 96%|█████████▋| 602/625 [1:06:19<02:40,  6.98s/it]
 96%|█████████▋| 603/625 [1:06:25<02:30,  6.86s/it]
 97%|█████████▋| 604/625 [1:06:32<02:21,  6.75s/it]
 97%|█████████▋| 605/625 [1:06:38<02:13,  6.69s/it]
 97%|█████████▋| 606/625 [1:06:45<02:03,  6.52s/it]
 97%|█████████▋| 607/625 [1:06:51<01:56,  6.50s/it]
 97%|█████████▋| 608/625 [1:06:58<01:53,  6.70s/it]
 97%|█████████▋| 609/625 [1:07:04<01:44,  6.56s/it]
 98%|█████████▊| 610/625 [1:07:10<01:34,  6.33s/it]


 98%|█████████▊| 610/625 [1:07:10<01:34,  6.33s/it]
 98%|█████████▊| 611/625 [1:07:17<01:28,  6.33s/it]
 98%|█████████▊| 612/625 [1:07:24<01:24,  6.52s/it]
 98%|█████████▊| 613/625 [1:07:30<01:16,  6.36s/it]
 98%|█████████▊| 614/625 [1:07:37<01:12,  6.61s/it]
 98%|█████████▊| 615/625 [1:07:44<01:07,  6.78s/it]
 99%|█████████▊| 616/625 [1:07:51<01:00,  6.74s/it]
 99%|█████████▊| 617/625 [1:07:57<00:52,  6.58s/it]
 99%|█████████▉| 618/625 [1:08:04<00:46,  6.65s/it]
 99%|█████████▉| 619/625 [1:08:09<00:38,  6.42s/it]
 99%|█████████▉| 620/625 [1:08:16<00:32,  6.41s/it]


 99%|█████████▉| 620/625 [1:08:16<00:32,  6.41s/it]
 99%|█████████▉| 621/625 [1:08:22<00:25,  6.45s/it]
100%|█████████▉| 622/625 [1:08:29<00:19,  6.55s/it]
100%|█████████▉| 623/625 [1:08:36<00:13,  6.68s/it]
100%|█████████▉| 624/625 [1:08:43<00:06,  6.65s/it]
100%|██████████| 625/625 [1:08:49<00:00,  6.51s/it]


100%|██████████| 625/625 [1:08:49<00:00,  6.51s/it]
100%|██████████| 625/625 [1:08:49<00:00,  6.61s/it]
{'loss': '13.85', 'grad_norm': '15.57', 'learning_rate': '4.737e-06', 'epoch': '0.016'}
{'loss': '12.83', 'grad_norm': '11.47', 'learning_rate': '1e-05', 'epoch': '0.032'}
{'loss': '10.94', 'grad_norm': '14.99', 'learning_rate': '9.993e-06', 'epoch': '0.048'}
{'loss': '9.564', 'grad_norm': '13.04', 'learning_rate': '9.973e-06', 'epoch': '0.064'}
{'loss': '8.319', 'grad_norm': '16.5', 'learning_rate': '9.94e-06', 'epoch': '0.08'}
{'loss': '7.552', 'grad_norm': '15.96', 'learning_rate': '9.893e-06', 'epoch': '0.096'}
{'loss': '6.806', 'grad_norm': '18.8', 'learning_rate': '9.833e-06', 'epoch': '0.112'}
{'loss': '6.201', 'grad_norm': '18.41', 'learning_rate': '9.76e-06', 'epoch': '0.128'}
{'loss': '5.474', 'grad_norm': '19.24', 'learning_rate': '9.674e-06', 'epoch': '0.144'}
{'loss': '4.943', 'grad_norm': '40.07', 'learning_rate': '9.576e-06', 'epoch': '0.16'}
{'loss': '4.933', 'grad_norm': '21.85', 'learning_rate': '9.466e-06', 'epoch': '0.176'}
{'loss': '4.227', 'grad_norm': '20.75', 'learning_rate': '9.343e-06', 'epoch': '0.192'}
{'loss': '4.132', 'grad_norm': '34.24', 'learning_rate': '9.209e-06', 'epoch': '0.208'}
{'loss': '3.644', 'grad_norm': '20.92', 'learning_rate': '9.063e-06', 'epoch': '0.224'}
{'loss': '3.451', 'grad_norm': '32', 'learning_rate': '8.907e-06', 'epoch': '0.24'}
{'loss': '3.128', 'grad_norm': '38.27', 'learning_rate': '8.74e-06', 'epoch': '0.256'}
{'loss': '2.909', 'grad_norm': '30.29', 'learning_rate': '8.563e-06', 'epoch': '0.272'}
{'loss': '2.574', 'grad_norm': '25.26', 'learning_rate': '8.376e-06', 'epoch': '0.288'}
{'loss': '2.627', 'grad_norm': '33.09', 'learning_rate': '8.181e-06', 'epoch': '0.304'}
{'loss': '2.384', 'grad_norm': '25.49', 'learning_rate': '7.977e-06', 'epoch': '0.32'}
{'loss': '2.312', 'grad_norm': '29.95', 'learning_rate': '7.764e-06', 'epoch': '0.336'}
{'loss': '1.98', 'grad_norm': '42.46', 'learning_rate': '7.545e-06', 'epoch': '0.352'}
{'loss': '1.965', 'grad_norm': '52.99', 'learning_rate': '7.318e-06', 'epoch': '0.368'}
{'loss': '1.639', 'grad_norm': '24.35', 'learning_rate': '7.086e-06', 'epoch': '0.384'}
{'loss': '1.636', 'grad_norm': '22.96', 'learning_rate': '6.847e-06', 'epoch': '0.4'}
{'loss': '1.626', 'grad_norm': '24.3', 'learning_rate': '6.604e-06', 'epoch': '0.416'}
{'loss': '1.463', 'grad_norm': '22.92', 'learning_rate': '6.357e-06', 'epoch': '0.432'}
{'loss': '1.433', 'grad_norm': '21.44', 'learning_rate': '6.105e-06', 'epoch': '0.448'}
{'loss': '1.473', 'grad_norm': '24.27', 'learning_rate': '5.851e-06', 'epoch': '0.464'}
{'loss': '1.302', 'grad_norm': '28.09', 'learning_rate': '5.595e-06', 'epoch': '0.48'}
{'loss': '1.275', 'grad_norm': '21.78', 'learning_rate': '5.337e-06', 'epoch': '0.496'}
{'loss': '1.16', 'grad_norm': '25.38', 'learning_rate': '5.078e-06', 'epoch': '0.512'}
{'loss': '1.145', 'grad_norm': '29.06', 'learning_rate': '4.819e-06', 'epoch': '0.528'}
{'loss': '1.062', 'grad_norm': '23.78', 'learning_rate': '4.56e-06', 'epoch': '0.544'}
{'loss': '1.034', 'grad_norm': '35.16', 'learning_rate': '4.302e-06', 'epoch': '0.56'}
{'loss': '1.037', 'grad_norm': '26.03', 'learning_rate': '4.047e-06', 'epoch': '0.576'}
{'loss': '1.033', 'grad_norm': '29.2', 'learning_rate': '3.794e-06', 'epoch': '0.592'}
{'loss': '0.9587', 'grad_norm': '23.68', 'learning_rate': '3.544e-06', 'epoch': '0.608'}
{'loss': '0.9969', 'grad_norm': '19.77', 'learning_rate': '3.298e-06', 'epoch': '0.624'}
{'loss': '0.9221', 'grad_norm': '31.77', 'learning_rate': '3.057e-06', 'epoch': '0.64'}
{'loss': '0.9428', 'grad_norm': '24.75', 'learning_rate': '2.821e-06', 'epoch': '0.656'}
{'loss': '0.9443', 'grad_norm': '25.11', 'learning_rate': '2.59e-06', 'epoch': '0.672'}
{'loss': '0.9593', 'grad_norm': '24.15', 'learning_rate': '2.367e-06', 'epoch': '0.688'}
{'loss': '0.9113', 'grad_norm': '24.37', 'learning_rate': '2.15e-06', 'epoch': '0.704'}
{'loss': '0.8839', 'grad_norm': '26.06', 'learning_rate': '1.941e-06', 'epoch': '0.72'}
{'loss': '0.8859', 'grad_norm': '22.39', 'learning_rate': '1.74e-06', 'epoch': '0.736'}
{'loss': '0.8346', 'grad_norm': '25.01', 'learning_rate': '1.548e-06', 'epoch': '0.752'}
{'loss': '0.8602', 'grad_norm': '19.99', 'learning_rate': '1.365e-06', 'epoch': '0.768'}
{'loss': '0.8088', 'grad_norm': '21.17', 'learning_rate': '1.192e-06', 'epoch': '0.784'}
{'loss': '0.8484', 'grad_norm': '19.34', 'learning_rate': '1.029e-06', 'epoch': '0.8'}
{'loss': '0.8048', 'grad_norm': '26.04', 'learning_rate': '8.772e-07', 'epoch': '0.816'}
{'loss': '0.8291', 'grad_norm': '22.08', 'learning_rate': '7.361e-07', 'epoch': '0.832'}
{'loss': '0.8002', 'grad_norm': '20.79', 'learning_rate': '6.065e-07', 'epoch': '0.848'}
{'loss': '0.8646', 'grad_norm': '23.02', 'learning_rate': '4.887e-07', 'epoch': '0.864'}
{'loss': '0.8237', 'grad_norm': '18.97', 'learning_rate': '3.831e-07', 'epoch': '0.88'}
{'loss': '0.8131', 'grad_norm': '16.53', 'learning_rate': '2.898e-07', 'epoch': '0.896'}
{'loss': '0.8019', 'grad_norm': '22.05', 'learning_rate': '2.092e-07', 'epoch': '0.912'}
{'loss': '0.8447', 'grad_norm': '22.86', 'learning_rate': '1.415e-07', 'epoch': '0.928'}
{'loss': '0.7992', 'grad_norm': '26.14', 'learning_rate': '8.682e-08', 'epoch': '0.944'}
{'loss': '0.8318', 'grad_norm': '20.76', 'learning_rate': '4.535e-08', 'epoch': '0.96'}
{'loss': '0.8072', 'grad_norm': '17.28', 'learning_rate': '1.719e-08', 'epoch': '0.976'}
{'loss': '0.8586', 'grad_norm': '24.54', 'learning_rate': '2.419e-09', 'epoch': '0.992'}
{'train_runtime': '4129', 'train_samples_per_second': '1.211', 'train_steps_per_second': '0.151', 'train_loss': '2.674', 'epoch': '1'}
[train_think] saved adapter to /home/ericflo/Development/small-model-experimentation/large_artifacts/qwen35_4b_why_scale_ladder/adapters/why_scale_5000
