[train_think] 2000 examples (0 skipped as over-length)

Loading weights:   0%|          | 0/426 [00:00<?, ?it/s]
Loading weights:   0%|          | 1/426 [00:00<00:55,  7.59it/s]/home/ericflo/Development/small-model-experimentation/.venv/lib/python3.12/site-packages/bitsandbytes/backends/cuda/ops.py:213: FutureWarning: _check_is_size will be removed in a future PyTorch release along with guard_size_oblivious.     Use _check(i >= 0) instead.
  torch._check_is_size(blocksize)

Loading weights:   1%|▏         | 6/426 [00:00<00:18, 22.51it/s]
Loading weights:  12%|█▏        | 53/426 [00:00<00:02, 182.04it/s]
Loading weights:  25%|██▌       | 107/426 [00:00<00:01, 301.95it/s]
Loading weights:  37%|███▋      | 157/426 [00:00<00:00, 363.42it/s]
Loading weights:  49%|████▉     | 208/426 [00:00<00:00, 409.49it/s]
Loading weights:  61%|██████    | 259/426 [00:00<00:00, 433.65it/s]
Loading weights:  73%|███████▎  | 311/426 [00:00<00:00, 457.97it/s]
Loading weights:  84%|████████▍ | 359/426 [00:01<00:00, 437.53it/s]
Loading weights:  96%|█████████▌| 407/426 [00:01<00:00, 445.40it/s]
Loading weights: 100%|██████████| 426/426 [00:01<00:00, 356.80it/s]
[transformers] warmup_ratio is deprecated and will be removed in v5.2. Use `warmup_steps` instead.
trainable params: 42,467,328 || all params: 4,248,218,624 || trainable%: 0.9997

  0%|          | 0/1000 [00:00<?, ?it/s]
  0%|          | 1/1000 [00:08<2:17:42,  8.27s/it]
  0%|          | 2/1000 [00:14<1:58:37,  7.13s/it]
  0%|          | 3/1000 [00:21<1:54:53,  6.91s/it]
  0%|          | 4/1000 [00:27<1:51:18,  6.71s/it]
  0%|          | 5/1000 [00:33<1:48:19,  6.53s/it]
  1%|          | 6/1000 [00:39<1:45:38,  6.38s/it]
  1%|          | 7/1000 [00:46<1:44:52,  6.34s/it]
  1%|          | 8/1000 [00:52<1:45:03,  6.35s/it]
  1%|          | 9/1000 [00:59<1:45:31,  6.39s/it]
  1%|          | 10/1000 [01:06<1:49:24,  6.63s/it]


  1%|          | 10/1000 [01:06<1:49:24,  6.63s/it]
  1%|          | 11/1000 [01:11<1:44:31,  6.34s/it]
  1%|          | 12/1000 [01:18<1:44:24,  6.34s/it]
  1%|▏         | 13/1000 [01:24<1:43:35,  6.30s/it]
  1%|▏         | 14/1000 [01:30<1:41:50,  6.20s/it]
  2%|▏         | 15/1000 [01:35<1:38:19,  5.99s/it]
  2%|▏         | 16/1000 [01:41<1:38:13,  5.99s/it]
  2%|▏         | 17/1000 [01:48<1:41:06,  6.17s/it]
  2%|▏         | 18/1000 [01:54<1:39:26,  6.08s/it]
  2%|▏         | 19/1000 [02:00<1:40:08,  6.13s/it]
  2%|▏         | 20/1000 [02:06<1:40:53,  6.18s/it]


  2%|▏         | 20/1000 [02:06<1:40:53,  6.18s/it]
  2%|▏         | 21/1000 [02:12<1:38:41,  6.05s/it]
  2%|▏         | 22/1000 [02:18<1:37:29,  5.98s/it]
  2%|▏         | 23/1000 [02:25<1:43:20,  6.35s/it]
  2%|▏         | 24/1000 [02:31<1:42:43,  6.32s/it]
  2%|▎         | 25/1000 [02:37<1:41:10,  6.23s/it]
  3%|▎         | 26/1000 [02:44<1:44:49,  6.46s/it]
  3%|▎         | 27/1000 [02:51<1:44:42,  6.46s/it]
  3%|▎         | 28/1000 [02:57<1:43:03,  6.36s/it]
  3%|▎         | 29/1000 [03:04<1:44:02,  6.43s/it]
  3%|▎         | 30/1000 [03:10<1:42:49,  6.36s/it]


  3%|▎         | 30/1000 [03:10<1:42:49,  6.36s/it]
  3%|▎         | 31/1000 [03:16<1:42:16,  6.33s/it]
  3%|▎         | 32/1000 [03:22<1:40:26,  6.23s/it]
  3%|▎         | 33/1000 [03:28<1:38:52,  6.14s/it]
  3%|▎         | 34/1000 [03:34<1:36:33,  6.00s/it]
  4%|▎         | 35/1000 [03:40<1:39:46,  6.20s/it]
  4%|▎         | 36/1000 [03:47<1:41:39,  6.33s/it]
  4%|▎         | 37/1000 [03:53<1:41:53,  6.35s/it]
  4%|▍         | 38/1000 [03:59<1:39:37,  6.21s/it]
  4%|▍         | 39/1000 [04:05<1:38:49,  6.17s/it]
  4%|▍         | 40/1000 [04:12<1:39:30,  6.22s/it]


  4%|▍         | 40/1000 [04:12<1:39:30,  6.22s/it]
  4%|▍         | 41/1000 [04:18<1:40:40,  6.30s/it]
  4%|▍         | 42/1000 [04:25<1:41:16,  6.34s/it]
  4%|▍         | 43/1000 [04:31<1:39:54,  6.26s/it]
  4%|▍         | 44/1000 [04:37<1:39:07,  6.22s/it]
  4%|▍         | 45/1000 [04:44<1:41:41,  6.39s/it]
  5%|▍         | 46/1000 [04:50<1:43:06,  6.48s/it]
  5%|▍         | 47/1000 [04:57<1:45:17,  6.63s/it]
  5%|▍         | 48/1000 [05:04<1:44:52,  6.61s/it]
  5%|▍         | 49/1000 [05:11<1:46:34,  6.72s/it]
  5%|▌         | 50/1000 [05:17<1:43:37,  6.54s/it]


  5%|▌         | 50/1000 [05:17<1:43:37,  6.54s/it]
  5%|▌         | 51/1000 [05:24<1:43:42,  6.56s/it]
  5%|▌         | 52/1000 [05:31<1:45:44,  6.69s/it]
  5%|▌         | 53/1000 [05:37<1:43:31,  6.56s/it]
  5%|▌         | 54/1000 [05:43<1:41:53,  6.46s/it]
  6%|▌         | 55/1000 [05:50<1:43:20,  6.56s/it]
  6%|▌         | 56/1000 [05:57<1:45:51,  6.73s/it]
  6%|▌         | 57/1000 [06:03<1:43:12,  6.57s/it]
  6%|▌         | 58/1000 [06:09<1:41:13,  6.45s/it]
  6%|▌         | 59/1000 [06:16<1:40:07,  6.38s/it]
  6%|▌         | 60/1000 [06:22<1:38:21,  6.28s/it]


  6%|▌         | 60/1000 [06:22<1:38:21,  6.28s/it]
  6%|▌         | 61/1000 [06:28<1:38:59,  6.33s/it]
  6%|▌         | 62/1000 [06:34<1:39:14,  6.35s/it]
  6%|▋         | 63/1000 [06:41<1:41:31,  6.50s/it]
  6%|▋         | 64/1000 [06:48<1:43:06,  6.61s/it]
  6%|▋         | 65/1000 [06:55<1:45:53,  6.80s/it]
  7%|▋         | 66/1000 [07:02<1:46:03,  6.81s/it]
  7%|▋         | 67/1000 [07:09<1:46:13,  6.83s/it]
  7%|▋         | 68/1000 [07:16<1:46:51,  6.88s/it]
  7%|▋         | 69/1000 [07:22<1:44:11,  6.71s/it]
  7%|▋         | 70/1000 [07:29<1:44:17,  6.73s/it]


  7%|▋         | 70/1000 [07:29<1:44:17,  6.73s/it]
  7%|▋         | 71/1000 [07:36<1:43:45,  6.70s/it]
  7%|▋         | 72/1000 [07:42<1:43:31,  6.69s/it]
  7%|▋         | 73/1000 [07:49<1:42:11,  6.61s/it]
  7%|▋         | 74/1000 [07:55<1:39:43,  6.46s/it]
  8%|▊         | 75/1000 [08:01<1:38:36,  6.40s/it]
  8%|▊         | 76/1000 [08:07<1:36:19,  6.26s/it]
  8%|▊         | 77/1000 [08:13<1:34:39,  6.15s/it]
  8%|▊         | 78/1000 [08:20<1:40:07,  6.52s/it]
  8%|▊         | 79/1000 [08:27<1:40:50,  6.57s/it]
  8%|▊         | 80/1000 [08:33<1:37:52,  6.38s/it]


  8%|▊         | 80/1000 [08:33<1:37:52,  6.38s/it]
  8%|▊         | 81/1000 [08:40<1:38:36,  6.44s/it]
  8%|▊         | 82/1000 [08:46<1:37:21,  6.36s/it]
  8%|▊         | 83/1000 [08:52<1:35:02,  6.22s/it]
  8%|▊         | 84/1000 [08:59<1:37:46,  6.40s/it]
  8%|▊         | 85/1000 [09:04<1:35:30,  6.26s/it]
  9%|▊         | 86/1000 [09:10<1:34:08,  6.18s/it]
  9%|▊         | 87/1000 [09:17<1:35:44,  6.29s/it]
  9%|▉         | 88/1000 [09:24<1:37:46,  6.43s/it]
  9%|▉         | 89/1000 [09:31<1:40:24,  6.61s/it]
  9%|▉         | 90/1000 [09:37<1:40:03,  6.60s/it]


  9%|▉         | 90/1000 [09:37<1:40:03,  6.60s/it]
  9%|▉         | 91/1000 [09:44<1:39:21,  6.56s/it]
  9%|▉         | 92/1000 [09:50<1:38:42,  6.52s/it]
  9%|▉         | 93/1000 [09:56<1:36:44,  6.40s/it]
  9%|▉         | 94/1000 [10:02<1:33:41,  6.20s/it]
 10%|▉         | 95/1000 [10:08<1:33:18,  6.19s/it]
 10%|▉         | 96/1000 [10:14<1:32:08,  6.12s/it]
 10%|▉         | 97/1000 [10:20<1:30:15,  6.00s/it]
 10%|▉         | 98/1000 [10:27<1:34:05,  6.26s/it]
 10%|▉         | 99/1000 [10:34<1:36:15,  6.41s/it]
 10%|█         | 100/1000 [10:40<1:37:02,  6.47s/it]


 10%|█         | 100/1000 [10:40<1:37:02,  6.47s/it]
 10%|█         | 101/1000 [10:48<1:41:03,  6.74s/it]
 10%|█         | 102/1000 [10:54<1:38:52,  6.61s/it]
 10%|█         | 103/1000 [11:01<1:38:58,  6.62s/it]
 10%|█         | 104/1000 [11:07<1:37:34,  6.53s/it]
 10%|█         | 105/1000 [11:13<1:35:13,  6.38s/it]
 11%|█         | 106/1000 [11:19<1:33:25,  6.27s/it]
 11%|█         | 107/1000 [11:25<1:34:08,  6.32s/it]
 11%|█         | 108/1000 [11:31<1:33:12,  6.27s/it]
 11%|█         | 109/1000 [11:37<1:31:21,  6.15s/it]
 11%|█         | 110/1000 [11:43<1:31:08,  6.14s/it]


 11%|█         | 110/1000 [11:43<1:31:08,  6.14s/it]
 11%|█         | 111/1000 [11:50<1:31:12,  6.16s/it]
 11%|█         | 112/1000 [11:56<1:33:41,  6.33s/it]
 11%|█▏        | 113/1000 [12:03<1:33:29,  6.32s/it]
 11%|█▏        | 114/1000 [12:09<1:33:13,  6.31s/it]
 12%|█▏        | 115/1000 [12:14<1:29:09,  6.04s/it]
 12%|█▏        | 116/1000 [12:20<1:29:01,  6.04s/it]
 12%|█▏        | 117/1000 [12:27<1:31:48,  6.24s/it]
 12%|█▏        | 118/1000 [12:34<1:34:19,  6.42s/it]
 12%|█▏        | 119/1000 [12:40<1:31:55,  6.26s/it]
 12%|█▏        | 120/1000 [12:47<1:36:16,  6.56s/it]


 12%|█▏        | 120/1000 [12:47<1:36:16,  6.56s/it]
 12%|█▏        | 121/1000 [12:54<1:36:55,  6.62s/it]
 12%|█▏        | 122/1000 [13:01<1:36:56,  6.62s/it]
 12%|█▏        | 123/1000 [13:07<1:34:39,  6.48s/it]
 12%|█▏        | 124/1000 [13:13<1:33:09,  6.38s/it]
 12%|█▎        | 125/1000 [13:19<1:32:01,  6.31s/it]
 13%|█▎        | 126/1000 [13:25<1:32:33,  6.35s/it]
 13%|█▎        | 127/1000 [13:32<1:34:47,  6.52s/it]
 13%|█▎        | 128/1000 [13:39<1:33:56,  6.46s/it]
 13%|█▎        | 129/1000 [13:45<1:33:21,  6.43s/it]
 13%|█▎        | 130/1000 [13:51<1:31:42,  6.32s/it]


 13%|█▎        | 130/1000 [13:51<1:31:42,  6.32s/it]
 13%|█▎        | 131/1000 [13:57<1:30:10,  6.23s/it]
 13%|█▎        | 132/1000 [14:04<1:33:07,  6.44s/it]
 13%|█▎        | 133/1000 [14:11<1:33:14,  6.45s/it]
 13%|█▎        | 134/1000 [14:17<1:31:10,  6.32s/it]
 14%|█▎        | 135/1000 [14:23<1:29:49,  6.23s/it]
 14%|█▎        | 136/1000 [14:28<1:28:15,  6.13s/it]
 14%|█▎        | 137/1000 [14:35<1:28:53,  6.18s/it]
 14%|█▍        | 138/1000 [14:42<1:32:23,  6.43s/it]
 14%|█▍        | 139/1000 [14:48<1:33:29,  6.52s/it]
 14%|█▍        | 140/1000 [14:55<1:34:55,  6.62s/it]


 14%|█▍        | 140/1000 [14:55<1:34:55,  6.62s/it]
 14%|█▍        | 141/1000 [15:01<1:32:26,  6.46s/it]
 14%|█▍        | 142/1000 [15:08<1:34:14,  6.59s/it]
 14%|█▍        | 143/1000 [15:15<1:34:34,  6.62s/it]
 14%|█▍        | 144/1000 [15:21<1:33:28,  6.55s/it]
 14%|█▍        | 145/1000 [15:28<1:31:36,  6.43s/it]
 15%|█▍        | 146/1000 [15:34<1:30:50,  6.38s/it]
 15%|█▍        | 147/1000 [15:40<1:28:50,  6.25s/it]
 15%|█▍        | 148/1000 [15:46<1:27:47,  6.18s/it]
 15%|█▍        | 149/1000 [15:52<1:27:21,  6.16s/it]
 15%|█▌        | 150/1000 [15:58<1:28:27,  6.24s/it]


 15%|█▌        | 150/1000 [15:58<1:28:27,  6.24s/it]
 15%|█▌        | 151/1000 [16:05<1:30:56,  6.43s/it]
 15%|█▌        | 152/1000 [16:12<1:34:00,  6.65s/it]
 15%|█▌        | 153/1000 [16:19<1:35:45,  6.78s/it]
 15%|█▌        | 154/1000 [16:26<1:35:29,  6.77s/it]
 16%|█▌        | 155/1000 [16:33<1:36:06,  6.82s/it]
 16%|█▌        | 156/1000 [16:40<1:34:35,  6.72s/it]
 16%|█▌        | 157/1000 [16:46<1:31:45,  6.53s/it]
 16%|█▌        | 158/1000 [16:52<1:29:05,  6.35s/it]
 16%|█▌        | 159/1000 [16:58<1:27:44,  6.26s/it]
 16%|█▌        | 160/1000 [17:04<1:26:11,  6.16s/it]


 16%|█▌        | 160/1000 [17:04<1:26:11,  6.16s/it]
 16%|█▌        | 161/1000 [17:10<1:25:07,  6.09s/it]
 16%|█▌        | 162/1000 [17:16<1:26:45,  6.21s/it]
 16%|█▋        | 163/1000 [17:23<1:29:32,  6.42s/it]
 16%|█▋        | 164/1000 [17:30<1:32:46,  6.66s/it]
 16%|█▋        | 165/1000 [17:37<1:32:28,  6.64s/it]
 17%|█▋        | 166/1000 [17:44<1:34:28,  6.80s/it]
 17%|█▋        | 167/1000 [17:50<1:30:26,  6.51s/it]
 17%|█▋        | 168/1000 [17:56<1:29:28,  6.45s/it]
 17%|█▋        | 169/1000 [18:03<1:31:41,  6.62s/it]
 17%|█▋        | 170/1000 [18:09<1:29:15,  6.45s/it]


 17%|█▋        | 170/1000 [18:09<1:29:15,  6.45s/it]
 17%|█▋        | 171/1000 [18:15<1:25:28,  6.19s/it]
 17%|█▋        | 172/1000 [18:20<1:23:23,  6.04s/it]
 17%|█▋        | 173/1000 [18:28<1:28:28,  6.42s/it]
 17%|█▋        | 174/1000 [18:35<1:31:00,  6.61s/it]
 18%|█▊        | 175/1000 [18:41<1:30:56,  6.61s/it]
 18%|█▊        | 176/1000 [18:48<1:31:00,  6.63s/it]
 18%|█▊        | 177/1000 [18:54<1:29:12,  6.50s/it]
 18%|█▊        | 178/1000 [19:01<1:29:36,  6.54s/it]
 18%|█▊        | 179/1000 [19:08<1:31:14,  6.67s/it]
 18%|█▊        | 180/1000 [19:14<1:29:57,  6.58s/it]


 18%|█▊        | 180/1000 [19:14<1:29:57,  6.58s/it]
 18%|█▊        | 181/1000 [19:21<1:29:46,  6.58s/it]
 18%|█▊        | 182/1000 [19:27<1:29:54,  6.59s/it]
 18%|█▊        | 183/1000 [19:33<1:26:10,  6.33s/it]
 18%|█▊        | 184/1000 [19:39<1:23:16,  6.12s/it]
 18%|█▊        | 185/1000 [19:46<1:25:45,  6.31s/it]
 19%|█▊        | 186/1000 [19:52<1:27:22,  6.44s/it]
 19%|█▊        | 187/1000 [19:59<1:27:06,  6.43s/it]
 19%|█▉        | 188/1000 [20:06<1:31:47,  6.78s/it]
 19%|█▉        | 189/1000 [20:14<1:34:32,  6.99s/it]
 19%|█▉        | 190/1000 [20:20<1:31:39,  6.79s/it]


 19%|█▉        | 190/1000 [20:20<1:31:39,  6.79s/it]
 19%|█▉        | 191/1000 [20:27<1:31:25,  6.78s/it]
 19%|█▉        | 192/1000 [20:33<1:30:10,  6.70s/it]
 19%|█▉        | 193/1000 [20:40<1:29:06,  6.63s/it]
 19%|█▉        | 194/1000 [20:46<1:27:21,  6.50s/it]
 20%|█▉        | 195/1000 [20:52<1:26:35,  6.45s/it]
 20%|█▉        | 196/1000 [20:58<1:24:33,  6.31s/it]
 20%|█▉        | 197/1000 [21:04<1:23:25,  6.23s/it]
 20%|█▉        | 198/1000 [21:12<1:28:17,  6.61s/it]
 20%|█▉        | 199/1000 [21:18<1:28:07,  6.60s/it]
 20%|██        | 200/1000 [21:25<1:27:12,  6.54s/it]


 20%|██        | 200/1000 [21:25<1:27:12,  6.54s/it]
 20%|██        | 201/1000 [21:32<1:29:12,  6.70s/it]
 20%|██        | 202/1000 [21:39<1:31:44,  6.90s/it]
 20%|██        | 203/1000 [21:46<1:29:17,  6.72s/it]
 20%|██        | 204/1000 [21:52<1:26:18,  6.51s/it]
 20%|██        | 205/1000 [21:58<1:26:18,  6.51s/it]
 21%|██        | 206/1000 [22:05<1:27:07,  6.58s/it]
 21%|██        | 207/1000 [22:11<1:24:08,  6.37s/it]
 21%|██        | 208/1000 [22:17<1:22:51,  6.28s/it]
 21%|██        | 209/1000 [22:23<1:22:17,  6.24s/it]
 21%|██        | 210/1000 [22:29<1:23:03,  6.31s/it]


 21%|██        | 210/1000 [22:29<1:23:03,  6.31s/it]
 21%|██        | 211/1000 [22:36<1:22:57,  6.31s/it]
 21%|██        | 212/1000 [22:43<1:24:48,  6.46s/it]
 21%|██▏       | 213/1000 [22:50<1:28:46,  6.77s/it]
 21%|██▏       | 214/1000 [22:57<1:28:53,  6.79s/it]
 22%|██▏       | 215/1000 [23:04<1:31:29,  6.99s/it]
 22%|██▏       | 216/1000 [23:11<1:29:37,  6.86s/it]
 22%|██▏       | 217/1000 [23:18<1:30:27,  6.93s/it]
 22%|██▏       | 218/1000 [23:25<1:31:11,  7.00s/it]
 22%|██▏       | 219/1000 [23:31<1:27:28,  6.72s/it]
 22%|██▏       | 220/1000 [23:38<1:26:02,  6.62s/it]


 22%|██▏       | 220/1000 [23:38<1:26:02,  6.62s/it]
 22%|██▏       | 221/1000 [23:44<1:25:10,  6.56s/it]
 22%|██▏       | 222/1000 [23:50<1:22:54,  6.39s/it]
 22%|██▏       | 223/1000 [23:57<1:24:32,  6.53s/it]
 22%|██▏       | 224/1000 [24:03<1:23:38,  6.47s/it]
 22%|██▎       | 225/1000 [24:10<1:24:40,  6.56s/it]
 23%|██▎       | 226/1000 [24:16<1:23:32,  6.48s/it]
 23%|██▎       | 227/1000 [24:22<1:22:26,  6.40s/it]
 23%|██▎       | 228/1000 [24:29<1:23:28,  6.49s/it]
 23%|██▎       | 229/1000 [24:35<1:21:00,  6.30s/it]
 23%|██▎       | 230/1000 [24:41<1:19:32,  6.20s/it]


 23%|██▎       | 230/1000 [24:41<1:19:32,  6.20s/it]
 23%|██▎       | 231/1000 [24:47<1:19:51,  6.23s/it]
 23%|██▎       | 232/1000 [24:54<1:20:22,  6.28s/it]
 23%|██▎       | 233/1000 [25:01<1:23:00,  6.49s/it]
 23%|██▎       | 234/1000 [25:07<1:23:39,  6.55s/it]
 24%|██▎       | 235/1000 [25:14<1:23:08,  6.52s/it]
 24%|██▎       | 236/1000 [25:20<1:21:15,  6.38s/it]
 24%|██▎       | 237/1000 [25:26<1:19:33,  6.26s/it]
 24%|██▍       | 238/1000 [25:32<1:18:55,  6.21s/it]
 24%|██▍       | 239/1000 [25:38<1:17:23,  6.10s/it]
 24%|██▍       | 240/1000 [25:44<1:16:49,  6.07s/it]


 24%|██▍       | 240/1000 [25:44<1:16:49,  6.07s/it]
 24%|██▍       | 241/1000 [25:50<1:18:47,  6.23s/it]
 24%|██▍       | 242/1000 [25:57<1:20:20,  6.36s/it]
 24%|██▍       | 243/1000 [26:03<1:19:22,  6.29s/it]
 24%|██▍       | 244/1000 [26:10<1:20:53,  6.42s/it]
 24%|██▍       | 245/1000 [26:16<1:19:18,  6.30s/it]
 25%|██▍       | 246/1000 [26:22<1:18:31,  6.25s/it]
 25%|██▍       | 247/1000 [26:28<1:17:57,  6.21s/it]
 25%|██▍       | 248/1000 [26:34<1:16:55,  6.14s/it]
 25%|██▍       | 249/1000 [26:40<1:16:48,  6.14s/it]
 25%|██▌       | 250/1000 [26:46<1:16:28,  6.12s/it]


 25%|██▌       | 250/1000 [26:46<1:16:28,  6.12s/it]
 25%|██▌       | 251/1000 [26:53<1:17:34,  6.21s/it]
 25%|██▌       | 252/1000 [26:59<1:17:19,  6.20s/it]
 25%|██▌       | 253/1000 [27:05<1:16:52,  6.17s/it]
 25%|██▌       | 254/1000 [27:12<1:19:09,  6.37s/it]
 26%|██▌       | 255/1000 [27:18<1:19:48,  6.43s/it]
 26%|██▌       | 256/1000 [27:25<1:18:53,  6.36s/it]
 26%|██▌       | 257/1000 [27:31<1:20:26,  6.50s/it]
 26%|██▌       | 258/1000 [27:37<1:18:21,  6.34s/it]
 26%|██▌       | 259/1000 [27:44<1:18:03,  6.32s/it]
 26%|██▌       | 260/1000 [27:50<1:16:47,  6.23s/it]


 26%|██▌       | 260/1000 [27:50<1:16:47,  6.23s/it]
 26%|██▌       | 261/1000 [27:56<1:15:46,  6.15s/it]
 26%|██▌       | 262/1000 [28:02<1:14:45,  6.08s/it]
 26%|██▋       | 263/1000 [28:07<1:13:48,  6.01s/it]
 26%|██▋       | 264/1000 [28:13<1:12:50,  5.94s/it]
 26%|██▋       | 265/1000 [28:19<1:13:38,  6.01s/it]
 27%|██▋       | 266/1000 [28:26<1:15:00,  6.13s/it]
 27%|██▋       | 267/1000 [28:33<1:17:47,  6.37s/it]
 27%|██▋       | 268/1000 [28:39<1:18:16,  6.42s/it]
 27%|██▋       | 269/1000 [28:46<1:19:05,  6.49s/it]
 27%|██▋       | 270/1000 [28:53<1:20:54,  6.65s/it]


 27%|██▋       | 270/1000 [28:53<1:20:54,  6.65s/it]
 27%|██▋       | 271/1000 [29:00<1:20:54,  6.66s/it]
 27%|██▋       | 272/1000 [29:06<1:19:24,  6.54s/it]
 27%|██▋       | 273/1000 [29:13<1:19:27,  6.56s/it]
 27%|██▋       | 274/1000 [29:19<1:18:53,  6.52s/it]
 28%|██▊       | 275/1000 [29:26<1:21:25,  6.74s/it]
 28%|██▊       | 276/1000 [29:34<1:23:51,  6.95s/it]
 28%|██▊       | 277/1000 [29:40<1:22:55,  6.88s/it]
 28%|██▊       | 278/1000 [29:46<1:20:03,  6.65s/it]
 28%|██▊       | 279/1000 [29:53<1:19:11,  6.59s/it]
 28%|██▊       | 280/1000 [29:59<1:18:14,  6.52s/it]


 28%|██▊       | 280/1000 [29:59<1:18:14,  6.52s/it]
 28%|██▊       | 281/1000 [30:05<1:17:02,  6.43s/it]
 28%|██▊       | 282/1000 [30:12<1:18:17,  6.54s/it]
 28%|██▊       | 283/1000 [30:19<1:19:53,  6.69s/it]
 28%|██▊       | 284/1000 [30:26<1:19:25,  6.66s/it]
 28%|██▊       | 285/1000 [30:32<1:17:57,  6.54s/it]
 29%|██▊       | 286/1000 [30:39<1:17:33,  6.52s/it]
 29%|██▊       | 287/1000 [30:45<1:17:55,  6.56s/it]
 29%|██▉       | 288/1000 [30:51<1:15:49,  6.39s/it]
 29%|██▉       | 289/1000 [30:57<1:13:37,  6.21s/it]
 29%|██▉       | 290/1000 [31:04<1:15:31,  6.38s/it]


 29%|██▉       | 290/1000 [31:04<1:15:31,  6.38s/it]
 29%|██▉       | 291/1000 [31:11<1:18:40,  6.66s/it]
 29%|██▉       | 292/1000 [31:18<1:18:44,  6.67s/it]
 29%|██▉       | 293/1000 [31:24<1:17:59,  6.62s/it]
 29%|██▉       | 294/1000 [31:31<1:17:52,  6.62s/it]
 30%|██▉       | 295/1000 [31:38<1:17:37,  6.61s/it]
 30%|██▉       | 296/1000 [31:44<1:16:22,  6.51s/it]
 30%|██▉       | 297/1000 [31:51<1:17:18,  6.60s/it]
 30%|██▉       | 298/1000 [31:57<1:15:44,  6.47s/it]
 30%|██▉       | 299/1000 [32:03<1:13:44,  6.31s/it]
 30%|███       | 300/1000 [32:09<1:13:38,  6.31s/it]


 30%|███       | 300/1000 [32:09<1:13:38,  6.31s/it]
 30%|███       | 301/1000 [32:15<1:12:14,  6.20s/it]
 30%|███       | 302/1000 [32:22<1:13:20,  6.31s/it]
 30%|███       | 303/1000 [32:28<1:14:29,  6.41s/it]
 30%|███       | 304/1000 [32:35<1:14:35,  6.43s/it]
 30%|███       | 305/1000 [32:41<1:14:35,  6.44s/it]
 31%|███       | 306/1000 [32:48<1:15:32,  6.53s/it]
 31%|███       | 307/1000 [32:54<1:15:17,  6.52s/it]
 31%|███       | 308/1000 [33:01<1:15:38,  6.56s/it]
 31%|███       | 309/1000 [33:08<1:16:01,  6.60s/it]
 31%|███       | 310/1000 [33:14<1:15:19,  6.55s/it]


 31%|███       | 310/1000 [33:14<1:15:19,  6.55s/it]
 31%|███       | 311/1000 [33:21<1:15:25,  6.57s/it]
 31%|███       | 312/1000 [33:27<1:15:40,  6.60s/it]
 31%|███▏      | 313/1000 [33:34<1:14:15,  6.49s/it]
 31%|███▏      | 314/1000 [33:40<1:14:51,  6.55s/it]
 32%|███▏      | 315/1000 [33:46<1:13:02,  6.40s/it]
 32%|███▏      | 316/1000 [33:52<1:11:27,  6.27s/it]
 32%|███▏      | 317/1000 [33:59<1:12:55,  6.41s/it]
 32%|███▏      | 318/1000 [34:06<1:13:14,  6.44s/it]
 32%|███▏      | 319/1000 [34:12<1:13:03,  6.44s/it]
 32%|███▏      | 320/1000 [34:18<1:12:09,  6.37s/it]


 32%|███▏      | 320/1000 [34:18<1:12:09,  6.37s/it]
 32%|███▏      | 321/1000 [34:24<1:10:42,  6.25s/it]
 32%|███▏      | 322/1000 [34:30<1:10:07,  6.21s/it]
 32%|███▏      | 323/1000 [34:36<1:09:04,  6.12s/it]
 32%|███▏      | 324/1000 [34:43<1:10:36,  6.27s/it]
 32%|███▎      | 325/1000 [34:49<1:11:33,  6.36s/it]
 33%|███▎      | 326/1000 [34:57<1:13:50,  6.57s/it]
 33%|███▎      | 327/1000 [35:03<1:13:54,  6.59s/it]
 33%|███▎      | 328/1000 [35:11<1:18:03,  6.97s/it]
 33%|███▎      | 329/1000 [35:17<1:15:13,  6.73s/it]
 33%|███▎      | 330/1000 [35:24<1:16:02,  6.81s/it]


 33%|███▎      | 330/1000 [35:24<1:16:02,  6.81s/it]
 33%|███▎      | 331/1000 [35:31<1:15:57,  6.81s/it]
 33%|███▎      | 332/1000 [35:37<1:14:41,  6.71s/it]
 33%|███▎      | 333/1000 [35:43<1:12:12,  6.50s/it]
 33%|███▎      | 334/1000 [35:50<1:11:54,  6.48s/it]
 34%|███▎      | 335/1000 [35:57<1:12:12,  6.52s/it]
 34%|███▎      | 336/1000 [36:03<1:10:41,  6.39s/it]
 34%|███▎      | 337/1000 [36:09<1:09:15,  6.27s/it]
 34%|███▍      | 338/1000 [36:15<1:09:25,  6.29s/it]
 34%|███▍      | 339/1000 [36:21<1:09:36,  6.32s/it]
 34%|███▍      | 340/1000 [36:28<1:10:53,  6.44s/it]


 34%|███▍      | 340/1000 [36:28<1:10:53,  6.44s/it]
 34%|███▍      | 341/1000 [36:36<1:14:34,  6.79s/it]
 34%|███▍      | 342/1000 [36:43<1:14:56,  6.83s/it]
 34%|███▍      | 343/1000 [36:49<1:14:08,  6.77s/it]
 34%|███▍      | 344/1000 [36:56<1:12:32,  6.63s/it]
 34%|███▍      | 345/1000 [37:02<1:11:37,  6.56s/it]
 35%|███▍      | 346/1000 [37:08<1:09:54,  6.41s/it]
 35%|███▍      | 347/1000 [37:14<1:10:03,  6.44s/it]
 35%|███▍      | 348/1000 [37:22<1:12:47,  6.70s/it]
 35%|███▍      | 349/1000 [37:29<1:14:59,  6.91s/it]
 35%|███▌      | 350/1000 [37:36<1:14:09,  6.85s/it]


 35%|███▌      | 350/1000 [37:36<1:14:09,  6.85s/it]
 35%|███▌      | 351/1000 [37:43<1:14:04,  6.85s/it]
 35%|███▌      | 352/1000 [37:49<1:11:20,  6.61s/it]
 35%|███▌      | 353/1000 [37:55<1:09:42,  6.46s/it]
 35%|███▌      | 354/1000 [38:02<1:10:54,  6.59s/it]
 36%|███▌      | 355/1000 [38:08<1:09:08,  6.43s/it]
 36%|███▌      | 356/1000 [38:14<1:08:13,  6.36s/it]
 36%|███▌      | 357/1000 [38:21<1:09:09,  6.45s/it]
 36%|███▌      | 358/1000 [38:27<1:07:40,  6.33s/it]
 36%|███▌      | 359/1000 [38:33<1:07:34,  6.33s/it]
 36%|███▌      | 360/1000 [38:40<1:08:57,  6.47s/it]


 36%|███▌      | 360/1000 [38:40<1:08:57,  6.47s/it]
 36%|███▌      | 361/1000 [38:47<1:11:46,  6.74s/it]
 36%|███▌      | 362/1000 [38:53<1:09:54,  6.58s/it]
 36%|███▋      | 363/1000 [39:00<1:10:51,  6.68s/it]
 36%|███▋      | 364/1000 [39:07<1:10:12,  6.62s/it]
 36%|███▋      | 365/1000 [39:13<1:09:49,  6.60s/it]
 37%|███▋      | 366/1000 [39:19<1:07:43,  6.41s/it]
 37%|███▋      | 367/1000 [39:26<1:07:14,  6.37s/it]
 37%|███▋      | 368/1000 [39:33<1:08:58,  6.55s/it]
 37%|███▋      | 369/1000 [39:39<1:07:46,  6.44s/it]
 37%|███▋      | 370/1000 [39:46<1:09:15,  6.60s/it]


 37%|███▋      | 370/1000 [39:46<1:09:15,  6.60s/it]
 37%|███▋      | 371/1000 [39:53<1:11:23,  6.81s/it]
 37%|███▋      | 372/1000 [39:59<1:09:45,  6.66s/it]
 37%|███▋      | 373/1000 [40:06<1:08:07,  6.52s/it]
 37%|███▋      | 374/1000 [40:13<1:09:41,  6.68s/it]
 38%|███▊      | 375/1000 [40:19<1:10:11,  6.74s/it]
 38%|███▊      | 376/1000 [40:26<1:09:14,  6.66s/it]
 38%|███▊      | 377/1000 [40:32<1:08:40,  6.61s/it]
 38%|███▊      | 378/1000 [40:38<1:06:40,  6.43s/it]
 38%|███▊      | 379/1000 [40:46<1:08:37,  6.63s/it]
 38%|███▊      | 380/1000 [40:53<1:09:34,  6.73s/it]


 38%|███▊      | 380/1000 [40:53<1:09:34,  6.73s/it]
 38%|███▊      | 381/1000 [41:00<1:10:21,  6.82s/it]
 38%|███▊      | 382/1000 [41:06<1:10:31,  6.85s/it]
 38%|███▊      | 383/1000 [41:13<1:08:09,  6.63s/it]
 38%|███▊      | 384/1000 [41:19<1:07:13,  6.55s/it]
 38%|███▊      | 385/1000 [41:25<1:04:13,  6.27s/it]
 39%|███▊      | 386/1000 [41:30<1:01:44,  6.03s/it]
 39%|███▊      | 387/1000 [41:36<1:02:32,  6.12s/it]
 39%|███▉      | 388/1000 [41:42<1:02:11,  6.10s/it]
 39%|███▉      | 389/1000 [41:49<1:04:23,  6.32s/it]
 39%|███▉      | 390/1000 [41:56<1:06:45,  6.57s/it]


 39%|███▉      | 390/1000 [41:56<1:06:45,  6.57s/it]
 39%|███▉      | 391/1000 [42:03<1:05:43,  6.48s/it]
 39%|███▉      | 392/1000 [42:09<1:03:52,  6.30s/it]
 39%|███▉      | 393/1000 [42:15<1:04:13,  6.35s/it]
 39%|███▉      | 394/1000 [42:21<1:03:33,  6.29s/it]
 40%|███▉      | 395/1000 [42:27<1:01:26,  6.09s/it]
 40%|███▉      | 396/1000 [42:33<1:01:25,  6.10s/it]
 40%|███▉      | 397/1000 [42:39<1:01:01,  6.07s/it]
 40%|███▉      | 398/1000 [42:45<1:00:18,  6.01s/it]
 40%|███▉      | 399/1000 [42:50<58:56,  5.88s/it]
 40%|████      | 400/1000 [42:57<1:00:37,  6.06s/it]


 40%|████      | 400/1000 [42:57<1:00:37,  6.06s/it]
 40%|████      | 401/1000 [43:03<1:01:48,  6.19s/it]
 40%|████      | 402/1000 [43:10<1:02:56,  6.32s/it]
 40%|████      | 403/1000 [43:17<1:04:10,  6.45s/it]
 40%|████      | 404/1000 [43:23<1:03:37,  6.41s/it]
 40%|████      | 405/1000 [43:29<1:02:58,  6.35s/it]
 41%|████      | 406/1000 [43:36<1:04:29,  6.51s/it]
 41%|████      | 407/1000 [43:44<1:07:26,  6.82s/it]
 41%|████      | 408/1000 [43:50<1:06:29,  6.74s/it]
 41%|████      | 409/1000 [43:57<1:05:21,  6.63s/it]
 41%|████      | 410/1000 [44:03<1:04:11,  6.53s/it]


 41%|████      | 410/1000 [44:03<1:04:11,  6.53s/it]
 41%|████      | 411/1000 [44:09<1:02:37,  6.38s/it]
 41%|████      | 412/1000 [44:15<1:02:56,  6.42s/it]
 41%|████▏     | 413/1000 [44:22<1:04:33,  6.60s/it]
 41%|████▏     | 414/1000 [44:29<1:03:00,  6.45s/it]
 42%|████▏     | 415/1000 [44:35<1:02:47,  6.44s/it]
 42%|████▏     | 416/1000 [44:41<1:02:09,  6.39s/it]
 42%|████▏     | 417/1000 [44:47<1:01:26,  6.32s/it]
 42%|████▏     | 418/1000 [44:53<1:00:27,  6.23s/it]
 42%|████▏     | 419/1000 [45:00<1:01:01,  6.30s/it]
 42%|████▏     | 420/1000 [45:06<1:00:28,  6.26s/it]


 42%|████▏     | 420/1000 [45:06<1:00:28,  6.26s/it]
 42%|████▏     | 421/1000 [45:12<59:50,  6.20s/it]
 42%|████▏     | 422/1000 [45:18<57:56,  6.01s/it]
 42%|████▏     | 423/1000 [45:24<59:47,  6.22s/it]
 42%|████▏     | 424/1000 [45:31<1:01:20,  6.39s/it]
 42%|████▎     | 425/1000 [45:38<1:02:07,  6.48s/it]
 43%|████▎     | 426/1000 [45:45<1:03:06,  6.60s/it]
 43%|████▎     | 427/1000 [45:51<1:02:21,  6.53s/it]
 43%|████▎     | 428/1000 [45:57<1:01:12,  6.42s/it]
 43%|████▎     | 429/1000 [46:04<1:00:45,  6.38s/it]
 43%|████▎     | 430/1000 [46:09<58:59,  6.21s/it]


 43%|████▎     | 430/1000 [46:09<58:59,  6.21s/it]
 43%|████▎     | 431/1000 [46:16<59:54,  6.32s/it]
 43%|████▎     | 432/1000 [46:24<1:03:45,  6.74s/it]
 43%|████▎     | 433/1000 [46:30<1:02:21,  6.60s/it]
 43%|████▎     | 434/1000 [46:37<1:03:20,  6.71s/it]
 44%|████▎     | 435/1000 [46:43<1:01:46,  6.56s/it]
 44%|████▎     | 436/1000 [46:50<1:03:06,  6.71s/it]
 44%|████▎     | 437/1000 [46:58<1:05:04,  6.94s/it]
 44%|████▍     | 438/1000 [47:05<1:06:31,  7.10s/it]
 44%|████▍     | 439/1000 [47:11<1:04:05,  6.85s/it]
 44%|████▍     | 440/1000 [47:18<1:02:00,  6.64s/it]


 44%|████▍     | 440/1000 [47:18<1:02:00,  6.64s/it]
 44%|████▍     | 441/1000 [47:24<1:02:02,  6.66s/it]
 44%|████▍     | 442/1000 [47:31<1:02:08,  6.68s/it]
 44%|████▍     | 443/1000 [47:37<1:00:31,  6.52s/it]
 44%|████▍     | 444/1000 [47:43<58:14,  6.28s/it]
 44%|████▍     | 445/1000 [47:49<57:22,  6.20s/it]
 45%|████▍     | 446/1000 [47:55<57:33,  6.23s/it]
 45%|████▍     | 447/1000 [48:01<55:56,  6.07s/it]
 45%|████▍     | 448/1000 [48:07<55:45,  6.06s/it]
 45%|████▍     | 449/1000 [48:13<55:32,  6.05s/it]
 45%|████▌     | 450/1000 [48:20<57:47,  6.30s/it]


 45%|████▌     | 450/1000 [48:20<57:47,  6.30s/it]
 45%|████▌     | 451/1000 [48:26<57:45,  6.31s/it]
 45%|████▌     | 452/1000 [48:32<57:03,  6.25s/it]
 45%|████▌     | 453/1000 [48:38<55:54,  6.13s/it]
 45%|████▌     | 454/1000 [48:45<57:02,  6.27s/it]
 46%|████▌     | 455/1000 [48:52<59:31,  6.55s/it]
 46%|████▌     | 456/1000 [48:58<57:53,  6.38s/it]
 46%|████▌     | 457/1000 [49:05<59:10,  6.54s/it]
 46%|████▌     | 458/1000 [49:12<1:01:32,  6.81s/it]
 46%|████▌     | 459/1000 [49:18<59:28,  6.60s/it]
 46%|████▌     | 460/1000 [49:25<58:32,  6.50s/it]


 46%|████▌     | 460/1000 [49:25<58:32,  6.50s/it]
 46%|████▌     | 461/1000 [49:30<56:31,  6.29s/it]
 46%|████▌     | 462/1000 [49:37<57:05,  6.37s/it]
 46%|████▋     | 463/1000 [49:43<55:43,  6.23s/it]
 46%|████▋     | 464/1000 [49:49<55:26,  6.21s/it]
 46%|████▋     | 465/1000 [49:55<55:36,  6.24s/it]
 47%|████▋     | 466/1000 [50:03<58:00,  6.52s/it]
 47%|████▋     | 467/1000 [50:10<59:33,  6.70s/it]
 47%|████▋     | 468/1000 [50:16<59:35,  6.72s/it]
 47%|████▋     | 469/1000 [50:22<57:37,  6.51s/it]
 47%|████▋     | 470/1000 [50:29<57:03,  6.46s/it]


 47%|████▋     | 470/1000 [50:29<57:03,  6.46s/it]
 47%|████▋     | 471/1000 [50:35<55:26,  6.29s/it]
 47%|████▋     | 472/1000 [50:40<53:42,  6.10s/it]
 47%|████▋     | 473/1000 [50:46<53:13,  6.06s/it]
 47%|████▋     | 474/1000 [50:52<53:21,  6.09s/it]
 48%|████▊     | 475/1000 [50:59<53:59,  6.17s/it]
 48%|████▊     | 476/1000 [51:06<56:12,  6.44s/it]
 48%|████▊     | 477/1000 [51:13<58:23,  6.70s/it]
 48%|████▊     | 478/1000 [51:19<57:07,  6.57s/it]
 48%|████▊     | 479/1000 [51:26<56:37,  6.52s/it]
 48%|████▊     | 480/1000 [51:32<54:28,  6.28s/it]


 48%|████▊     | 480/1000 [51:32<54:28,  6.28s/it]
 48%|████▊     | 481/1000 [51:38<53:44,  6.21s/it]
 48%|████▊     | 482/1000 [51:44<54:10,  6.28s/it]
 48%|████▊     | 483/1000 [51:50<53:37,  6.22s/it]
 48%|████▊     | 484/1000 [51:57<53:44,  6.25s/it]
 48%|████▊     | 485/1000 [52:03<54:32,  6.36s/it]
 49%|████▊     | 486/1000 [52:09<54:20,  6.34s/it]
 49%|████▊     | 487/1000 [52:16<54:59,  6.43s/it]
 49%|████▉     | 488/1000 [52:23<55:46,  6.54s/it]
 49%|████▉     | 489/1000 [52:29<54:04,  6.35s/it]
 49%|████▉     | 490/1000 [52:35<54:44,  6.44s/it]


 49%|████▉     | 490/1000 [52:35<54:44,  6.44s/it]
 49%|████▉     | 491/1000 [52:42<55:57,  6.60s/it]
 49%|████▉     | 492/1000 [52:49<54:45,  6.47s/it]
 49%|████▉     | 493/1000 [52:55<54:32,  6.45s/it]
 49%|████▉     | 494/1000 [53:02<54:43,  6.49s/it]
 50%|████▉     | 495/1000 [53:08<53:59,  6.41s/it]
 50%|████▉     | 496/1000 [53:13<52:08,  6.21s/it]
 50%|████▉     | 497/1000 [53:20<52:29,  6.26s/it]
 50%|████▉     | 498/1000 [53:27<53:31,  6.40s/it]
 50%|████▉     | 499/1000 [53:33<53:03,  6.36s/it]
 50%|█████     | 500/1000 [53:39<52:40,  6.32s/it]


 50%|█████     | 500/1000 [53:39<52:40,  6.32s/it]
 50%|█████     | 501/1000 [53:45<51:47,  6.23s/it]
 50%|█████     | 502/1000 [53:51<51:09,  6.16s/it]
 50%|█████     | 503/1000 [53:57<50:42,  6.12s/it]
 50%|█████     | 504/1000 [54:03<50:24,  6.10s/it]
 50%|█████     | 505/1000 [54:10<51:32,  6.25s/it]
 51%|█████     | 506/1000 [54:17<53:01,  6.44s/it]
 51%|█████     | 507/1000 [54:24<54:36,  6.65s/it]
 51%|█████     | 508/1000 [54:30<53:58,  6.58s/it]
 51%|█████     | 509/1000 [54:37<53:44,  6.57s/it]
 51%|█████     | 510/1000 [54:44<54:12,  6.64s/it]


 51%|█████     | 510/1000 [54:44<54:12,  6.64s/it]
 51%|█████     | 511/1000 [54:49<52:05,  6.39s/it]
 51%|█████     | 512/1000 [54:56<53:17,  6.55s/it]
 51%|█████▏    | 513/1000 [55:03<53:07,  6.54s/it]
 51%|█████▏    | 514/1000 [55:10<54:02,  6.67s/it]
 52%|█████▏    | 515/1000 [55:16<53:47,  6.65s/it]
 52%|█████▏    | 516/1000 [55:23<52:45,  6.54s/it]
 52%|█████▏    | 517/1000 [55:29<52:29,  6.52s/it]
 52%|█████▏    | 518/1000 [55:35<51:43,  6.44s/it]
 52%|█████▏    | 519/1000 [55:41<50:21,  6.28s/it]
 52%|█████▏    | 520/1000 [55:48<50:21,  6.29s/it]


 52%|█████▏    | 520/1000 [55:48<50:21,  6.29s/it]
 52%|█████▏    | 521/1000 [55:54<49:43,  6.23s/it]
 52%|█████▏    | 522/1000 [56:00<48:58,  6.15s/it]
 52%|█████▏    | 523/1000 [56:06<49:00,  6.16s/it]
 52%|█████▏    | 524/1000 [56:12<49:35,  6.25s/it]
 52%|█████▎    | 525/1000 [56:19<50:18,  6.35s/it]
 53%|█████▎    | 526/1000 [56:25<50:33,  6.40s/it]
 53%|█████▎    | 527/1000 [56:33<52:13,  6.62s/it]
 53%|█████▎    | 528/1000 [56:40<54:39,  6.95s/it]
 53%|█████▎    | 529/1000 [56:47<54:39,  6.96s/it]
 53%|█████▎    | 530/1000 [56:54<54:36,  6.97s/it]


 53%|█████▎    | 530/1000 [56:54<54:36,  6.97s/it]
 53%|█████▎    | 531/1000 [57:01<53:02,  6.79s/it]
 53%|█████▎    | 532/1000 [57:07<52:10,  6.69s/it]
 53%|█████▎    | 533/1000 [57:13<51:04,  6.56s/it]
 53%|█████▎    | 534/1000 [57:19<49:47,  6.41s/it]
 54%|█████▎    | 535/1000 [57:25<48:51,  6.30s/it]
 54%|█████▎    | 536/1000 [57:32<48:47,  6.31s/it]
 54%|█████▎    | 537/1000 [57:38<47:28,  6.15s/it]
 54%|█████▍    | 538/1000 [57:43<46:22,  6.02s/it]
 54%|█████▍    | 539/1000 [57:50<47:53,  6.23s/it]
 54%|█████▍    | 540/1000 [57:57<49:16,  6.43s/it]


 54%|█████▍    | 540/1000 [57:57<49:16,  6.43s/it]
 54%|█████▍    | 541/1000 [58:04<50:59,  6.67s/it]
 54%|█████▍    | 542/1000 [58:11<51:17,  6.72s/it]
 54%|█████▍    | 543/1000 [58:18<52:33,  6.90s/it]
 54%|█████▍    | 544/1000 [58:25<52:10,  6.86s/it]
 55%|█████▍    | 545/1000 [58:31<49:50,  6.57s/it]
 55%|█████▍    | 546/1000 [58:38<49:59,  6.61s/it]
 55%|█████▍    | 547/1000 [58:44<49:12,  6.52s/it]
 55%|█████▍    | 548/1000 [58:51<49:27,  6.56s/it]
 55%|█████▍    | 549/1000 [58:57<48:27,  6.45s/it]
 55%|█████▌    | 550/1000 [59:03<47:49,  6.38s/it]


 55%|█████▌    | 550/1000 [59:03<47:49,  6.38s/it]
 55%|█████▌    | 551/1000 [59:10<48:17,  6.45s/it]
 55%|█████▌    | 552/1000 [59:16<48:54,  6.55s/it]
 55%|█████▌    | 553/1000 [59:23<49:15,  6.61s/it]
 55%|█████▌    | 554/1000 [59:30<50:29,  6.79s/it]
 56%|█████▌    | 555/1000 [59:37<50:15,  6.78s/it]
 56%|█████▌    | 556/1000 [59:45<51:30,  6.96s/it]
 56%|█████▌    | 557/1000 [59:51<50:25,  6.83s/it]
 56%|█████▌    | 558/1000 [59:57<49:01,  6.66s/it]
 56%|█████▌    | 559/1000 [1:00:04<48:24,  6.59s/it]
 56%|█████▌    | 560/1000 [1:00:10<48:06,  6.56s/it]


 56%|█████▌    | 560/1000 [1:00:10<48:06,  6.56s/it]
 56%|█████▌    | 561/1000 [1:00:16<46:49,  6.40s/it]
 56%|█████▌    | 562/1000 [1:00:22<46:13,  6.33s/it]
 56%|█████▋    | 563/1000 [1:00:29<47:07,  6.47s/it]
 56%|█████▋    | 564/1000 [1:00:36<47:15,  6.50s/it]
 56%|█████▋    | 565/1000 [1:00:42<46:59,  6.48s/it]
 57%|█████▋    | 566/1000 [1:00:49<46:34,  6.44s/it]
 57%|█████▋    | 567/1000 [1:00:55<46:54,  6.50s/it]
 57%|█████▋    | 568/1000 [1:01:02<46:38,  6.48s/it]
 57%|█████▋    | 569/1000 [1:01:09<48:12,  6.71s/it]
 57%|█████▋    | 570/1000 [1:01:15<46:58,  6.55s/it]


 57%|█████▋    | 570/1000 [1:01:15<46:58,  6.55s/it]
 57%|█████▋    | 571/1000 [1:01:21<45:46,  6.40s/it]
 57%|█████▋    | 572/1000 [1:01:28<46:02,  6.45s/it]
 57%|█████▋    | 573/1000 [1:01:35<47:58,  6.74s/it]
 57%|█████▋    | 574/1000 [1:01:42<47:52,  6.74s/it]
 57%|█████▊    | 575/1000 [1:01:49<47:36,  6.72s/it]
 58%|█████▊    | 576/1000 [1:01:55<46:17,  6.55s/it]
 58%|█████▊    | 577/1000 [1:02:01<45:26,  6.45s/it]
 58%|█████▊    | 578/1000 [1:02:07<44:39,  6.35s/it]
 58%|█████▊    | 579/1000 [1:02:14<44:53,  6.40s/it]
 58%|█████▊    | 580/1000 [1:02:20<44:52,  6.41s/it]


 58%|█████▊    | 580/1000 [1:02:20<44:52,  6.41s/it]
 58%|█████▊    | 581/1000 [1:02:26<44:13,  6.33s/it]
 58%|█████▊    | 582/1000 [1:02:32<43:36,  6.26s/it]
 58%|█████▊    | 583/1000 [1:02:39<44:37,  6.42s/it]
 58%|█████▊    | 584/1000 [1:02:46<45:30,  6.56s/it]
 58%|█████▊    | 585/1000 [1:02:52<45:06,  6.52s/it]
 59%|█████▊    | 586/1000 [1:02:59<45:15,  6.56s/it]
 59%|█████▊    | 587/1000 [1:03:05<43:33,  6.33s/it]
 59%|█████▉    | 588/1000 [1:03:11<43:28,  6.33s/it]
 59%|█████▉    | 589/1000 [1:03:17<42:33,  6.21s/it]
 59%|█████▉    | 590/1000 [1:03:23<42:34,  6.23s/it]


 59%|█████▉    | 590/1000 [1:03:23<42:34,  6.23s/it]
 59%|█████▉    | 591/1000 [1:03:30<42:45,  6.27s/it]
 59%|█████▉    | 592/1000 [1:03:36<43:10,  6.35s/it]
 59%|█████▉    | 593/1000 [1:03:43<43:45,  6.45s/it]
 59%|█████▉    | 594/1000 [1:03:50<45:07,  6.67s/it]
 60%|█████▉    | 595/1000 [1:03:57<46:15,  6.85s/it]
 60%|█████▉    | 596/1000 [1:04:04<45:57,  6.83s/it]
 60%|█████▉    | 597/1000 [1:04:11<45:03,  6.71s/it]
 60%|█████▉    | 598/1000 [1:04:17<43:54,  6.55s/it]
 60%|█████▉    | 599/1000 [1:04:23<43:26,  6.50s/it]
 60%|██████    | 600/1000 [1:04:29<42:20,  6.35s/it]


 60%|██████    | 600/1000 [1:04:29<42:20,  6.35s/it]
 60%|██████    | 601/1000 [1:04:35<41:34,  6.25s/it]
 60%|██████    | 602/1000 [1:04:41<41:29,  6.25s/it]
 60%|██████    | 603/1000 [1:04:48<41:50,  6.32s/it]
 60%|██████    | 604/1000 [1:04:55<43:20,  6.57s/it]
 60%|██████    | 605/1000 [1:05:02<43:26,  6.60s/it]
 61%|██████    | 606/1000 [1:05:08<42:22,  6.45s/it]
 61%|██████    | 607/1000 [1:05:14<42:25,  6.48s/it]
 61%|██████    | 608/1000 [1:05:22<43:48,  6.71s/it]
 61%|██████    | 609/1000 [1:05:28<42:47,  6.57s/it]
 61%|██████    | 610/1000 [1:05:34<41:48,  6.43s/it]


 61%|██████    | 610/1000 [1:05:34<41:48,  6.43s/it]
 61%|██████    | 611/1000 [1:05:40<41:12,  6.36s/it]
 61%|██████    | 612/1000 [1:05:46<40:02,  6.19s/it]
 61%|██████▏   | 613/1000 [1:05:52<39:30,  6.13s/it]
 61%|██████▏   | 614/1000 [1:05:59<40:19,  6.27s/it]
 62%|██████▏   | 615/1000 [1:06:05<40:46,  6.35s/it]
 62%|██████▏   | 616/1000 [1:06:12<41:42,  6.52s/it]
 62%|██████▏   | 617/1000 [1:06:18<41:00,  6.42s/it]
 62%|██████▏   | 618/1000 [1:06:25<41:25,  6.51s/it]
 62%|██████▏   | 619/1000 [1:06:31<40:38,  6.40s/it]
 62%|██████▏   | 620/1000 [1:06:38<41:04,  6.48s/it]


 62%|██████▏   | 620/1000 [1:06:38<41:04,  6.48s/it]
 62%|██████▏   | 621/1000 [1:06:44<40:58,  6.49s/it]
 62%|██████▏   | 622/1000 [1:06:50<40:19,  6.40s/it]
 62%|██████▏   | 623/1000 [1:06:56<39:32,  6.29s/it]
 62%|██████▏   | 624/1000 [1:07:03<39:14,  6.26s/it]
 62%|██████▎   | 625/1000 [1:07:08<38:08,  6.10s/it]
 63%|██████▎   | 626/1000 [1:07:15<38:11,  6.13s/it]
 63%|██████▎   | 627/1000 [1:07:22<41:06,  6.61s/it]
 63%|██████▎   | 628/1000 [1:07:29<41:58,  6.77s/it]
 63%|██████▎   | 629/1000 [1:07:36<41:24,  6.70s/it]
 63%|██████▎   | 630/1000 [1:07:43<41:12,  6.68s/it]


 63%|██████▎   | 630/1000 [1:07:43<41:12,  6.68s/it]
 63%|██████▎   | 631/1000 [1:07:49<41:19,  6.72s/it]
 63%|██████▎   | 632/1000 [1:07:56<41:07,  6.71s/it]
 63%|██████▎   | 633/1000 [1:08:02<40:11,  6.57s/it]
 63%|██████▎   | 634/1000 [1:08:09<40:43,  6.68s/it]
 64%|██████▎   | 635/1000 [1:08:16<40:48,  6.71s/it]
 64%|██████▎   | 636/1000 [1:08:22<39:21,  6.49s/it]
 64%|██████▎   | 637/1000 [1:08:28<38:56,  6.44s/it]
 64%|██████▍   | 638/1000 [1:08:34<38:17,  6.35s/it]
 64%|██████▍   | 639/1000 [1:08:41<38:36,  6.42s/it]
 64%|██████▍   | 640/1000 [1:08:47<38:29,  6.42s/it]


 64%|██████▍   | 640/1000 [1:08:47<38:29,  6.42s/it]
 64%|██████▍   | 641/1000 [1:08:54<38:54,  6.50s/it]
 64%|██████▍   | 642/1000 [1:09:00<38:23,  6.43s/it]
 64%|██████▍   | 643/1000 [1:09:06<37:16,  6.27s/it]
 64%|██████▍   | 644/1000 [1:09:13<37:31,  6.33s/it]
 64%|██████▍   | 645/1000 [1:09:19<37:47,  6.39s/it]
 65%|██████▍   | 646/1000 [1:09:26<38:27,  6.52s/it]
 65%|██████▍   | 647/1000 [1:09:33<38:53,  6.61s/it]
 65%|██████▍   | 648/1000 [1:09:39<37:52,  6.46s/it]
 65%|██████▍   | 649/1000 [1:09:46<38:39,  6.61s/it]
 65%|██████▌   | 650/1000 [1:09:53<38:19,  6.57s/it]


 65%|██████▌   | 650/1000 [1:09:53<38:19,  6.57s/it]
 65%|██████▌   | 651/1000 [1:09:58<37:08,  6.39s/it]
 65%|██████▌   | 652/1000 [1:10:04<36:22,  6.27s/it]
 65%|██████▌   | 653/1000 [1:10:11<36:20,  6.28s/it]
 65%|██████▌   | 654/1000 [1:10:17<36:13,  6.28s/it]
 66%|██████▌   | 655/1000 [1:10:23<36:24,  6.33s/it]
 66%|██████▌   | 656/1000 [1:10:30<36:30,  6.37s/it]
 66%|██████▌   | 657/1000 [1:10:37<37:06,  6.49s/it]
 66%|██████▌   | 658/1000 [1:10:42<35:37,  6.25s/it]
 66%|██████▌   | 659/1000 [1:10:49<35:17,  6.21s/it]
 66%|██████▌   | 660/1000 [1:10:55<35:14,  6.22s/it]


 66%|██████▌   | 660/1000 [1:10:55<35:14,  6.22s/it]
 66%|██████▌   | 661/1000 [1:11:01<34:28,  6.10s/it]
 66%|██████▌   | 662/1000 [1:11:07<34:11,  6.07s/it]
 66%|██████▋   | 663/1000 [1:11:14<36:00,  6.41s/it]
 66%|██████▋   | 664/1000 [1:11:20<35:39,  6.37s/it]
 66%|██████▋   | 665/1000 [1:11:26<35:39,  6.39s/it]
 67%|██████▋   | 666/1000 [1:11:33<35:13,  6.33s/it]
 67%|██████▋   | 667/1000 [1:11:39<34:55,  6.29s/it]
 67%|██████▋   | 668/1000 [1:11:45<33:55,  6.13s/it]
 67%|██████▋   | 669/1000 [1:11:51<33:53,  6.14s/it]
 67%|██████▋   | 670/1000 [1:11:57<34:17,  6.24s/it]


 67%|██████▋   | 670/1000 [1:11:57<34:17,  6.24s/it]
 67%|██████▋   | 671/1000 [1:12:04<34:54,  6.37s/it]
 67%|██████▋   | 672/1000 [1:12:10<34:38,  6.34s/it]
 67%|██████▋   | 673/1000 [1:12:16<34:14,  6.28s/it]
 67%|██████▋   | 674/1000 [1:12:22<33:41,  6.20s/it]
 68%|██████▊   | 675/1000 [1:12:28<32:43,  6.04s/it]
 68%|██████▊   | 676/1000 [1:12:34<33:04,  6.12s/it]
 68%|██████▊   | 677/1000 [1:12:41<33:43,  6.26s/it]
 68%|██████▊   | 678/1000 [1:12:48<35:11,  6.56s/it]
 68%|██████▊   | 679/1000 [1:12:55<35:50,  6.70s/it]
 68%|██████▊   | 680/1000 [1:13:02<35:44,  6.70s/it]


 68%|██████▊   | 680/1000 [1:13:02<35:44,  6.70s/it]
 68%|██████▊   | 681/1000 [1:13:08<35:05,  6.60s/it]
 68%|██████▊   | 682/1000 [1:13:14<33:48,  6.38s/it]
 68%|██████▊   | 683/1000 [1:13:20<33:11,  6.28s/it]
 68%|██████▊   | 684/1000 [1:13:26<32:08,  6.10s/it]
 68%|██████▊   | 685/1000 [1:13:32<32:00,  6.10s/it]
 69%|██████▊   | 686/1000 [1:13:39<33:51,  6.47s/it]
 69%|██████▊   | 687/1000 [1:13:46<34:40,  6.65s/it]
 69%|██████▉   | 688/1000 [1:13:52<33:42,  6.48s/it]
 69%|██████▉   | 689/1000 [1:13:59<33:55,  6.55s/it]
 69%|██████▉   | 690/1000 [1:14:05<32:49,  6.35s/it]


 69%|██████▉   | 690/1000 [1:14:05<32:49,  6.35s/it]
 69%|██████▉   | 691/1000 [1:14:11<32:42,  6.35s/it]
 69%|██████▉   | 692/1000 [1:14:18<32:11,  6.27s/it]
 69%|██████▉   | 693/1000 [1:14:24<31:39,  6.19s/it]
 69%|██████▉   | 694/1000 [1:14:29<31:09,  6.11s/it]
 70%|██████▉   | 695/1000 [1:14:35<30:30,  6.00s/it]
 70%|██████▉   | 696/1000 [1:14:41<30:32,  6.03s/it]
 70%|██████▉   | 697/1000 [1:14:48<30:46,  6.09s/it]
 70%|██████▉   | 698/1000 [1:14:54<31:51,  6.33s/it]
 70%|██████▉   | 699/1000 [1:15:01<32:32,  6.49s/it]
 70%|███████   | 700/1000 [1:15:08<32:33,  6.51s/it]


 70%|███████   | 700/1000 [1:15:08<32:33,  6.51s/it]
 70%|███████   | 701/1000 [1:15:14<32:03,  6.43s/it]
 70%|███████   | 702/1000 [1:15:21<31:59,  6.44s/it]
 70%|███████   | 703/1000 [1:15:27<32:04,  6.48s/it]
 70%|███████   | 704/1000 [1:15:33<30:58,  6.28s/it]
 70%|███████   | 705/1000 [1:15:39<30:48,  6.27s/it]
 71%|███████   | 706/1000 [1:15:45<30:28,  6.22s/it]
 71%|███████   | 707/1000 [1:15:52<30:46,  6.30s/it]
 71%|███████   | 708/1000 [1:15:58<30:02,  6.17s/it]
 71%|███████   | 709/1000 [1:16:04<29:36,  6.10s/it]
 71%|███████   | 710/1000 [1:16:10<29:38,  6.13s/it]


 71%|███████   | 710/1000 [1:16:10<29:38,  6.13s/it]
 71%|███████   | 711/1000 [1:16:17<30:25,  6.32s/it]
 71%|███████   | 712/1000 [1:16:23<29:58,  6.24s/it]
 71%|███████▏  | 713/1000 [1:16:29<29:53,  6.25s/it]
 71%|███████▏  | 714/1000 [1:16:35<29:55,  6.28s/it]
 72%|███████▏  | 715/1000 [1:16:41<29:11,  6.15s/it]
 72%|███████▏  | 716/1000 [1:16:47<28:17,  5.98s/it]
 72%|███████▏  | 717/1000 [1:16:52<27:49,  5.90s/it]
 72%|███████▏  | 718/1000 [1:16:58<28:00,  5.96s/it]
 72%|███████▏  | 719/1000 [1:17:05<28:49,  6.16s/it]
 72%|███████▏  | 720/1000 [1:17:12<29:48,  6.39s/it]


 72%|███████▏  | 720/1000 [1:17:12<29:48,  6.39s/it]
 72%|███████▏  | 721/1000 [1:17:19<30:06,  6.47s/it]
 72%|███████▏  | 722/1000 [1:17:25<29:56,  6.46s/it]
 72%|███████▏  | 723/1000 [1:17:32<30:23,  6.58s/it]
 72%|███████▏  | 724/1000 [1:17:39<30:14,  6.57s/it]
 72%|███████▎  | 725/1000 [1:17:45<30:32,  6.66s/it]
 73%|███████▎  | 726/1000 [1:17:52<30:59,  6.79s/it]
 73%|███████▎  | 727/1000 [1:17:59<30:51,  6.78s/it]
 73%|███████▎  | 728/1000 [1:18:06<30:27,  6.72s/it]
 73%|███████▎  | 729/1000 [1:18:12<29:01,  6.43s/it]
 73%|███████▎  | 730/1000 [1:18:18<28:22,  6.31s/it]


 73%|███████▎  | 730/1000 [1:18:18<28:22,  6.31s/it]
 73%|███████▎  | 731/1000 [1:18:24<28:13,  6.30s/it]
 73%|███████▎  | 732/1000 [1:18:31<28:38,  6.41s/it]
 73%|███████▎  | 733/1000 [1:18:37<28:15,  6.35s/it]
 73%|███████▎  | 734/1000 [1:18:43<28:07,  6.34s/it]
 74%|███████▎  | 735/1000 [1:18:50<29:27,  6.67s/it]
 74%|███████▎  | 736/1000 [1:18:57<28:46,  6.54s/it]
 74%|███████▎  | 737/1000 [1:19:03<27:51,  6.35s/it]
 74%|███████▍  | 738/1000 [1:19:09<27:28,  6.29s/it]
 74%|███████▍  | 739/1000 [1:19:15<27:12,  6.25s/it]
 74%|███████▍  | 740/1000 [1:19:21<26:42,  6.17s/it]


 74%|███████▍  | 740/1000 [1:19:21<26:42,  6.17s/it]
 74%|███████▍  | 741/1000 [1:19:27<26:29,  6.14s/it]
 74%|███████▍  | 742/1000 [1:19:33<26:29,  6.16s/it]
 74%|███████▍  | 743/1000 [1:19:39<26:00,  6.07s/it]
 74%|███████▍  | 744/1000 [1:19:45<25:26,  5.96s/it]
 74%|███████▍  | 745/1000 [1:19:51<25:20,  5.96s/it]
 75%|███████▍  | 746/1000 [1:19:58<26:16,  6.21s/it]
 75%|███████▍  | 747/1000 [1:20:04<26:25,  6.27s/it]
 75%|███████▍  | 748/1000 [1:20:11<26:54,  6.41s/it]
 75%|███████▍  | 749/1000 [1:20:17<27:05,  6.48s/it]
 75%|███████▌  | 750/1000 [1:20:24<27:23,  6.57s/it]


 75%|███████▌  | 750/1000 [1:20:24<27:23,  6.57s/it]
 75%|███████▌  | 751/1000 [1:20:31<27:06,  6.53s/it]
 75%|███████▌  | 752/1000 [1:20:37<26:39,  6.45s/it]
 75%|███████▌  | 753/1000 [1:20:43<26:12,  6.37s/it]
 75%|███████▌  | 754/1000 [1:20:49<25:46,  6.29s/it]
 76%|███████▌  | 755/1000 [1:20:56<26:27,  6.48s/it]
 76%|███████▌  | 756/1000 [1:21:02<25:49,  6.35s/it]
 76%|███████▌  | 757/1000 [1:21:09<26:34,  6.56s/it]
 76%|███████▌  | 758/1000 [1:21:15<26:14,  6.51s/it]
 76%|███████▌  | 759/1000 [1:21:21<25:31,  6.35s/it]
 76%|███████▌  | 760/1000 [1:21:27<24:42,  6.18s/it]


 76%|███████▌  | 760/1000 [1:21:27<24:42,  6.18s/it]
 76%|███████▌  | 761/1000 [1:21:33<24:31,  6.16s/it]
 76%|███████▌  | 762/1000 [1:21:40<25:29,  6.42s/it]
 76%|███████▋  | 763/1000 [1:21:47<25:51,  6.55s/it]
 76%|███████▋  | 764/1000 [1:21:54<26:10,  6.66s/it]
 76%|███████▋  | 765/1000 [1:22:00<25:40,  6.56s/it]
 77%|███████▋  | 766/1000 [1:22:07<25:38,  6.57s/it]
 77%|███████▋  | 767/1000 [1:22:14<25:54,  6.67s/it]
 77%|███████▋  | 768/1000 [1:22:21<25:41,  6.65s/it]
 77%|███████▋  | 769/1000 [1:22:27<25:26,  6.61s/it]
 77%|███████▋  | 770/1000 [1:22:34<25:17,  6.60s/it]


 77%|███████▋  | 770/1000 [1:22:34<25:17,  6.60s/it]
 77%|███████▋  | 771/1000 [1:22:40<24:23,  6.39s/it]
 77%|███████▋  | 772/1000 [1:22:46<23:48,  6.27s/it]
 77%|███████▋  | 773/1000 [1:22:52<23:44,  6.28s/it]
 77%|███████▋  | 774/1000 [1:22:58<23:29,  6.23s/it]
 78%|███████▊  | 775/1000 [1:23:04<23:24,  6.24s/it]
 78%|███████▊  | 776/1000 [1:23:11<23:44,  6.36s/it]
 78%|███████▊  | 777/1000 [1:23:18<24:08,  6.49s/it]
 78%|███████▊  | 778/1000 [1:23:24<23:50,  6.44s/it]
 78%|███████▊  | 779/1000 [1:23:30<23:16,  6.32s/it]
 78%|███████▊  | 780/1000 [1:23:36<23:09,  6.32s/it]


 78%|███████▊  | 780/1000 [1:23:36<23:09,  6.32s/it]
 78%|███████▊  | 781/1000 [1:23:42<22:32,  6.18s/it]
 78%|███████▊  | 782/1000 [1:23:48<21:51,  6.02s/it]
 78%|███████▊  | 783/1000 [1:23:54<21:43,  6.01s/it]
 78%|███████▊  | 784/1000 [1:24:00<22:18,  6.20s/it]
 78%|███████▊  | 785/1000 [1:24:06<21:47,  6.08s/it]
 79%|███████▊  | 786/1000 [1:24:12<21:16,  5.96s/it]
 79%|███████▊  | 787/1000 [1:24:18<20:53,  5.88s/it]
 79%|███████▉  | 788/1000 [1:24:24<20:44,  5.87s/it]
 79%|███████▉  | 789/1000 [1:24:31<22:31,  6.40s/it]
 79%|███████▉  | 790/1000 [1:24:38<22:48,  6.52s/it]


 79%|███████▉  | 790/1000 [1:24:38<22:48,  6.52s/it]
 79%|███████▉  | 791/1000 [1:24:45<23:08,  6.65s/it]
 79%|███████▉  | 792/1000 [1:24:52<23:01,  6.64s/it]
 79%|███████▉  | 793/1000 [1:24:58<23:01,  6.67s/it]
 79%|███████▉  | 794/1000 [1:25:05<22:36,  6.58s/it]
 80%|███████▉  | 795/1000 [1:25:11<21:59,  6.44s/it]
 80%|███████▉  | 796/1000 [1:25:17<21:16,  6.26s/it]
 80%|███████▉  | 797/1000 [1:25:23<21:14,  6.28s/it]
 80%|███████▉  | 798/1000 [1:25:29<20:33,  6.11s/it]
 80%|███████▉  | 799/1000 [1:25:34<19:59,  5.97s/it]
 80%|████████  | 800/1000 [1:25:41<20:28,  6.14s/it]


 80%|████████  | 800/1000 [1:25:41<20:28,  6.14s/it]
 80%|████████  | 801/1000 [1:25:47<20:03,  6.05s/it]
 80%|████████  | 802/1000 [1:25:53<20:07,  6.10s/it]
 80%|████████  | 803/1000 [1:26:00<20:45,  6.32s/it]
 80%|████████  | 804/1000 [1:26:06<21:01,  6.44s/it]
 80%|████████  | 805/1000 [1:26:13<21:30,  6.62s/it]
 81%|████████  | 806/1000 [1:26:20<21:28,  6.64s/it]
 81%|████████  | 807/1000 [1:26:26<21:04,  6.55s/it]
 81%|████████  | 808/1000 [1:26:32<20:27,  6.39s/it]
 81%|████████  | 809/1000 [1:26:39<20:20,  6.39s/it]
 81%|████████  | 810/1000 [1:26:45<19:45,  6.24s/it]


 81%|████████  | 810/1000 [1:26:45<19:45,  6.24s/it]
 81%|████████  | 811/1000 [1:26:51<19:24,  6.16s/it]
 81%|████████  | 812/1000 [1:26:57<19:00,  6.07s/it]
 81%|████████▏ | 813/1000 [1:27:03<19:21,  6.21s/it]
 81%|████████▏ | 814/1000 [1:27:10<19:27,  6.28s/it]
 82%|████████▏ | 815/1000 [1:27:16<19:49,  6.43s/it]
 82%|████████▏ | 816/1000 [1:27:23<19:42,  6.43s/it]
 82%|████████▏ | 817/1000 [1:27:29<19:44,  6.47s/it]
 82%|████████▏ | 818/1000 [1:27:35<19:10,  6.32s/it]
 82%|████████▏ | 819/1000 [1:27:42<19:11,  6.36s/it]
 82%|████████▏ | 820/1000 [1:27:48<18:58,  6.33s/it]


 82%|████████▏ | 820/1000 [1:27:48<18:58,  6.33s/it]
 82%|████████▏ | 821/1000 [1:27:54<18:45,  6.29s/it]
 82%|████████▏ | 822/1000 [1:28:01<18:40,  6.29s/it]
 82%|████████▏ | 823/1000 [1:28:06<18:10,  6.16s/it]
 82%|████████▏ | 824/1000 [1:28:13<18:34,  6.33s/it]
 82%|████████▎ | 825/1000 [1:28:20<18:41,  6.41s/it]
 83%|████████▎ | 826/1000 [1:28:26<18:54,  6.52s/it]
 83%|████████▎ | 827/1000 [1:28:34<19:36,  6.80s/it]
 83%|████████▎ | 828/1000 [1:28:40<19:09,  6.69s/it]
 83%|████████▎ | 829/1000 [1:28:47<19:00,  6.67s/it]
 83%|████████▎ | 830/1000 [1:28:54<18:47,  6.63s/it]


 83%|████████▎ | 830/1000 [1:28:54<18:47,  6.63s/it]
 83%|████████▎ | 831/1000 [1:29:00<18:27,  6.55s/it]
 83%|████████▎ | 832/1000 [1:29:07<18:32,  6.62s/it]
 83%|████████▎ | 833/1000 [1:29:13<17:53,  6.43s/it]
 83%|████████▎ | 834/1000 [1:29:19<17:33,  6.34s/it]
 84%|████████▎ | 835/1000 [1:29:25<17:22,  6.32s/it]
 84%|████████▎ | 836/1000 [1:29:31<17:11,  6.29s/it]
 84%|████████▎ | 837/1000 [1:29:38<17:08,  6.31s/it]
 84%|████████▍ | 838/1000 [1:29:43<16:31,  6.12s/it]
 84%|████████▍ | 839/1000 [1:29:50<17:07,  6.38s/it]
 84%|████████▍ | 840/1000 [1:29:57<17:03,  6.40s/it]


 84%|████████▍ | 840/1000 [1:29:57<17:03,  6.40s/it]
 84%|████████▍ | 841/1000 [1:30:03<16:51,  6.36s/it]
 84%|████████▍ | 842/1000 [1:30:09<16:31,  6.28s/it]
 84%|████████▍ | 843/1000 [1:30:16<16:55,  6.47s/it]
 84%|████████▍ | 844/1000 [1:30:23<16:56,  6.52s/it]
 84%|████████▍ | 845/1000 [1:30:30<17:05,  6.62s/it]
 85%|████████▍ | 846/1000 [1:30:36<17:13,  6.71s/it]
 85%|████████▍ | 847/1000 [1:30:43<16:47,  6.59s/it]
 85%|████████▍ | 848/1000 [1:30:49<16:34,  6.54s/it]
 85%|████████▍ | 849/1000 [1:30:55<16:06,  6.40s/it]
 85%|████████▌ | 850/1000 [1:31:02<16:05,  6.44s/it]


 85%|████████▌ | 850/1000 [1:31:02<16:05,  6.44s/it]
 85%|████████▌ | 851/1000 [1:31:08<15:54,  6.41s/it]
 85%|████████▌ | 852/1000 [1:31:14<15:22,  6.24s/it]
 85%|████████▌ | 853/1000 [1:31:20<15:27,  6.31s/it]
 85%|████████▌ | 854/1000 [1:31:26<15:08,  6.22s/it]
 86%|████████▌ | 855/1000 [1:31:33<15:06,  6.25s/it]
 86%|████████▌ | 856/1000 [1:31:40<15:30,  6.46s/it]
 86%|████████▌ | 857/1000 [1:31:47<15:40,  6.58s/it]
 86%|████████▌ | 858/1000 [1:31:53<15:44,  6.65s/it]
 86%|████████▌ | 859/1000 [1:31:59<15:09,  6.45s/it]
 86%|████████▌ | 860/1000 [1:32:05<14:26,  6.19s/it]


 86%|████████▌ | 860/1000 [1:32:05<14:26,  6.19s/it]
 86%|████████▌ | 861/1000 [1:32:12<14:43,  6.35s/it]
 86%|████████▌ | 862/1000 [1:32:18<14:27,  6.29s/it]
 86%|████████▋ | 863/1000 [1:32:24<14:08,  6.19s/it]
 86%|████████▋ | 864/1000 [1:32:29<13:40,  6.03s/it]
 86%|████████▋ | 865/1000 [1:32:36<13:41,  6.08s/it]
 87%|████████▋ | 866/1000 [1:32:42<13:32,  6.06s/it]
 87%|████████▋ | 867/1000 [1:32:47<13:11,  5.95s/it]
 87%|████████▋ | 868/1000 [1:32:53<13:06,  5.96s/it]
 87%|████████▋ | 869/1000 [1:32:59<13:03,  5.98s/it]
 87%|████████▋ | 870/1000 [1:33:06<13:10,  6.08s/it]


 87%|████████▋ | 870/1000 [1:33:06<13:10,  6.08s/it]
 87%|████████▋ | 871/1000 [1:33:12<13:19,  6.20s/it]
 87%|████████▋ | 872/1000 [1:33:19<13:33,  6.36s/it]
 87%|████████▋ | 873/1000 [1:33:25<13:28,  6.37s/it]
 87%|████████▋ | 874/1000 [1:33:32<13:20,  6.35s/it]
 88%|████████▊ | 875/1000 [1:33:38<13:34,  6.51s/it]
 88%|████████▊ | 876/1000 [1:33:46<13:52,  6.71s/it]
 88%|████████▊ | 877/1000 [1:33:52<13:49,  6.74s/it]
 88%|████████▊ | 878/1000 [1:34:00<13:55,  6.85s/it]
 88%|████████▊ | 879/1000 [1:34:06<13:26,  6.66s/it]
 88%|████████▊ | 880/1000 [1:34:12<13:08,  6.57s/it]


 88%|████████▊ | 880/1000 [1:34:12<13:08,  6.57s/it]
 88%|████████▊ | 881/1000 [1:34:18<12:44,  6.42s/it]
 88%|████████▊ | 882/1000 [1:34:24<12:22,  6.29s/it]
 88%|████████▊ | 883/1000 [1:34:31<12:21,  6.34s/it]
 88%|████████▊ | 884/1000 [1:34:37<12:22,  6.40s/it]
 88%|████████▊ | 885/1000 [1:34:43<12:08,  6.33s/it]
 89%|████████▊ | 886/1000 [1:34:49<11:54,  6.27s/it]
 89%|████████▊ | 887/1000 [1:34:56<11:48,  6.27s/it]
 89%|████████▉ | 888/1000 [1:35:03<12:09,  6.52s/it]
 89%|████████▉ | 889/1000 [1:35:10<12:22,  6.69s/it]
 89%|████████▉ | 890/1000 [1:35:17<12:12,  6.66s/it]


 89%|████████▉ | 890/1000 [1:35:17<12:12,  6.66s/it]
 89%|████████▉ | 891/1000 [1:35:23<11:55,  6.56s/it]
 89%|████████▉ | 892/1000 [1:35:29<11:35,  6.44s/it]
 89%|████████▉ | 893/1000 [1:35:35<11:16,  6.32s/it]
 89%|████████▉ | 894/1000 [1:35:41<11:04,  6.27s/it]
 90%|████████▉ | 895/1000 [1:35:47<10:40,  6.10s/it]
 90%|████████▉ | 896/1000 [1:35:53<10:41,  6.17s/it]
 90%|████████▉ | 897/1000 [1:35:59<10:31,  6.14s/it]
 90%|████████▉ | 898/1000 [1:36:07<10:59,  6.46s/it]
 90%|████████▉ | 899/1000 [1:36:13<10:52,  6.46s/it]
 90%|█████████ | 900/1000 [1:36:19<10:38,  6.39s/it]


 90%|█████████ | 900/1000 [1:36:19<10:38,  6.39s/it]
 90%|█████████ | 901/1000 [1:36:26<10:37,  6.44s/it]
 90%|█████████ | 902/1000 [1:36:32<10:36,  6.49s/it]
 90%|█████████ | 903/1000 [1:36:39<10:38,  6.58s/it]
 90%|█████████ | 904/1000 [1:36:45<10:19,  6.46s/it]
 90%|█████████ | 905/1000 [1:36:51<09:52,  6.23s/it]
 91%|█████████ | 906/1000 [1:36:57<09:28,  6.05s/it]
 91%|█████████ | 907/1000 [1:37:03<09:39,  6.23s/it]
 91%|█████████ | 908/1000 [1:37:11<10:02,  6.55s/it]
 91%|█████████ | 909/1000 [1:37:17<09:48,  6.46s/it]
 91%|█████████ | 910/1000 [1:37:24<09:55,  6.62s/it]


 91%|█████████ | 910/1000 [1:37:24<09:55,  6.62s/it]
 91%|█████████ | 911/1000 [1:37:30<09:46,  6.59s/it]
 91%|█████████ | 912/1000 [1:37:37<09:30,  6.49s/it]
 91%|█████████▏| 913/1000 [1:37:43<09:08,  6.31s/it]
 91%|█████████▏| 914/1000 [1:37:49<08:53,  6.21s/it]
 92%|█████████▏| 915/1000 [1:37:55<08:44,  6.17s/it]
 92%|█████████▏| 916/1000 [1:38:02<08:57,  6.40s/it]
 92%|█████████▏| 917/1000 [1:38:08<09:02,  6.54s/it]
 92%|█████████▏| 918/1000 [1:38:15<09:02,  6.62s/it]
 92%|█████████▏| 919/1000 [1:38:22<08:57,  6.64s/it]
 92%|█████████▏| 920/1000 [1:38:28<08:41,  6.52s/it]


 92%|█████████▏| 920/1000 [1:38:28<08:41,  6.52s/it]
 92%|█████████▏| 921/1000 [1:38:34<08:26,  6.41s/it]
 92%|█████████▏| 922/1000 [1:38:40<08:07,  6.25s/it]
 92%|█████████▏| 923/1000 [1:38:46<07:57,  6.20s/it]
 92%|█████████▏| 924/1000 [1:38:52<07:52,  6.21s/it]
 92%|█████████▎| 925/1000 [1:38:58<07:38,  6.11s/it]
 93%|█████████▎| 926/1000 [1:39:05<07:37,  6.18s/it]
 93%|█████████▎| 927/1000 [1:39:11<07:41,  6.32s/it]
 93%|█████████▎| 928/1000 [1:39:18<07:39,  6.39s/it]
 93%|█████████▎| 929/1000 [1:39:24<07:28,  6.31s/it]
 93%|█████████▎| 930/1000 [1:39:31<07:34,  6.49s/it]


 93%|█████████▎| 930/1000 [1:39:31<07:34,  6.49s/it]
 93%|█████████▎| 931/1000 [1:39:37<07:20,  6.38s/it]
 93%|█████████▎| 932/1000 [1:39:43<07:07,  6.29s/it]
 93%|█████████▎| 933/1000 [1:39:49<06:56,  6.22s/it]
 93%|█████████▎| 934/1000 [1:39:56<07:02,  6.40s/it]
 94%|█████████▎| 935/1000 [1:40:02<06:57,  6.42s/it]
 94%|█████████▎| 936/1000 [1:40:09<06:47,  6.36s/it]
 94%|█████████▎| 937/1000 [1:40:14<06:27,  6.15s/it]
 94%|█████████▍| 938/1000 [1:40:20<06:11,  6.00s/it]
 94%|█████████▍| 939/1000 [1:40:27<06:27,  6.36s/it]
 94%|█████████▍| 940/1000 [1:40:35<06:38,  6.64s/it]


 94%|█████████▍| 940/1000 [1:40:35<06:38,  6.64s/it]
 94%|█████████▍| 941/1000 [1:40:40<06:20,  6.44s/it]
 94%|█████████▍| 942/1000 [1:40:46<06:01,  6.23s/it]
 94%|█████████▍| 943/1000 [1:40:52<05:54,  6.23s/it]
 94%|█████████▍| 944/1000 [1:40:58<05:44,  6.16s/it]
 94%|█████████▍| 945/1000 [1:41:05<05:40,  6.18s/it]
 95%|█████████▍| 946/1000 [1:41:11<05:40,  6.31s/it]
 95%|█████████▍| 947/1000 [1:41:17<05:25,  6.15s/it]
 95%|█████████▍| 948/1000 [1:41:23<05:18,  6.12s/it]
 95%|█████████▍| 949/1000 [1:41:29<05:12,  6.13s/it]
 95%|█████████▌| 950/1000 [1:41:36<05:21,  6.44s/it]

{'loss': '13.98', 'grad_norm': '18.63', 'learning_rate': '3e-06', 'epoch': '0.04'}
{'loss': '13.09', 'grad_norm': '11.56', 'learning_rate': '6.333e-06', 'epoch': '0.08'}
{'loss': '11.52', 'grad_norm': '12.83', 'learning_rate': '9.667e-06', 'epoch': '0.12'}
{'loss': '10.03', 'grad_norm': '13.55', 'learning_rate': '9.998e-06', 'epoch': '0.16'}
{'loss': '8.765', 'grad_norm': '12.81', 'learning_rate': '9.991e-06', 'epoch': '0.2'}
{'loss': '7.994', 'grad_norm': '15.98', 'learning_rate': '9.978e-06', 'epoch': '0.24'}
{'loss': '6.996', 'grad_norm': '14.46', 'learning_rate': '9.96e-06', 'epoch': '0.28'}
{'loss': '6.577', 'grad_norm': '19.04', 'learning_rate': '9.937e-06', 'epoch': '0.32'}
{'loss': '5.764', 'grad_norm': '16.05', 'learning_rate': '9.909e-06', 'epoch': '0.36'}
{'loss': '5.538', 'grad_norm': '17.67', 'learning_rate': '9.876e-06', 'epoch': '0.4'}
{'loss': '5.081', 'grad_norm': '20.82', 'learning_rate': '9.837e-06', 'epoch': '0.44'}
{'loss': '4.333', 'grad_norm': '22.81', 'learning_rate': '9.794e-06', 'epoch': '0.48'}
{'loss': '3.832', 'grad_norm': '25.38', 'learning_rate': '9.745e-06', 'epoch': '0.52'}
{'loss': '3.858', 'grad_norm': '22.14', 'learning_rate': '9.692e-06', 'epoch': '0.56'}
{'loss': '3.223', 'grad_norm': '27.5', 'learning_rate': '9.633e-06', 'epoch': '0.6'}
{'loss': '3.058', 'grad_norm': '39.3', 'learning_rate': '9.57e-06', 'epoch': '0.64'}
{'loss': '3.005', 'grad_norm': '28.02', 'learning_rate': '9.502e-06', 'epoch': '0.68'}
{'loss': '2.829', 'grad_norm': '29.05', 'learning_rate': '9.429e-06', 'epoch': '0.72'}
{'loss': '2.423', 'grad_norm': '24.55', 'learning_rate': '9.352e-06', 'epoch': '0.76'}
{'loss': '2.019', 'grad_norm': '25.78', 'learning_rate': '9.27e-06', 'epoch': '0.8'}
{'loss': '2.162', 'grad_norm': '24.24', 'learning_rate': '9.183e-06', 'epoch': '0.84'}
{'loss': '2.174', 'grad_norm': '24.86', 'learning_rate': '9.092e-06', 'epoch': '0.88'}
{'loss': '1.671', 'grad_norm': '26.94', 'learning_rate': '8.997e-06', 'epoch': '0.92'}
{'loss': '1.63', 'grad_norm': '30.84', 'learning_rate': '8.898e-06', 'epoch': '0.96'}
{'loss': '1.467', 'grad_norm': '30.49', 'learning_rate': '8.794e-06', 'epoch': '1'}
{'loss': '1.44', 'grad_norm': '24.56', 'learning_rate': '8.687e-06', 'epoch': '1.04'}
{'loss': '1.38', 'grad_norm': '24.31', 'learning_rate': '8.575e-06', 'epoch': '1.08'}
{'loss': '1.249', 'grad_norm': '28.38', 'learning_rate': '8.46e-06', 'epoch': '1.12'}
{'loss': '1.181', 'grad_norm': '31.44', 'learning_rate': '8.342e-06', 'epoch': '1.16'}
{'loss': '1.103', 'grad_norm': '19.5', 'learning_rate': '8.219e-06', 'epoch': '1.2'}
{'loss': '1.122', 'grad_norm': '18.78', 'learning_rate': '8.094e-06', 'epoch': '1.24'}
{'loss': '1.026', 'grad_norm': '32.46', 'learning_rate': '7.965e-06', 'epoch': '1.28'}
{'loss': '0.9569', 'grad_norm': '38.27', 'learning_rate': '7.833e-06', 'epoch': '1.32'}
{'loss': '0.9861', 'grad_norm': '20.87', 'learning_rate': '7.698e-06', 'epoch': '1.36'}
{'loss': '0.9419', 'grad_norm': '20.71', 'learning_rate': '7.561e-06', 'epoch': '1.4'}
{'loss': '0.948', 'grad_norm': '21.84', 'learning_rate': '7.42e-06', 'epoch': '1.44'}
{'loss': '0.7973', 'grad_norm': '17.83', 'learning_rate': '7.277e-06', 'epoch': '1.48'}
{'loss': '0.8025', 'grad_norm': '18.62', 'learning_rate': '7.132e-06', 'epoch': '1.52'}
{'loss': '0.8232', 'grad_norm': '22.82', 'learning_rate': '6.984e-06', 'epoch': '1.56'}
{'loss': '0.771', 'grad_norm': '23.94', 'learning_rate': '6.835e-06', 'epoch': '1.6'}
{'loss': '0.8327', 'grad_norm': '22.29', 'learning_rate': '6.683e-06', 'epoch': '1.64'}
{'loss': '0.8423', 'grad_norm': '29.74', 'learning_rate': '6.53e-06', 'epoch': '1.68'}
{'loss': '0.8327', 'grad_norm': '22.27', 'learning_rate': '6.375e-06', 'epoch': '1.72'}
{'loss': '0.7288', 'grad_norm': '20.44', 'learning_rate': '6.218e-06', 'epoch': '1.76'}
{'loss': '0.7717', 'grad_norm': '16.24', 'learning_rate': '6.061e-06', 'epoch': '1.8'}
{'loss': '0.7783', 'grad_norm': '16.3', 'learning_rate': '5.902e-06', 'epoch': '1.84'}
{'loss': '0.7426', 'grad_norm': '26.43', 'learning_rate': '5.742e-06', 'epoch': '1.88'}
{'loss': '0.7423', 'grad_norm': '18.41', 'learning_rate': '5.582e-06', 'epoch': '1.92'}
{'loss': '0.6884', 'grad_norm': '11.36', 'learning_rate': '5.421e-06', 'epoch': '1.96'}
{'loss': '0.7089', 'grad_norm': '20.73', 'learning_rate': '5.259e-06', 'epoch': '2'}
{'loss': '0.7006', 'grad_norm': '11.93', 'learning_rate': '5.097e-06', 'epoch': '2.04'}
{'loss': '0.6997', 'grad_norm': '17.26', 'learning_rate': '4.935e-06', 'epoch': '2.08'}
{'loss': '0.6495', 'grad_norm': '18.32', 'learning_rate': '4.773e-06', 'epoch': '2.12'}
{'loss': '0.6451', 'grad_norm': '10.89', 'learning_rate': '4.612e-06', 'epoch': '2.16'}
{'loss': '0.6693', 'grad_norm': '9.904', 'learning_rate': '4.451e-06', 'epoch': '2.2'}
{'loss': '0.6813', 'grad_norm': '10.27', 'learning_rate': '4.29e-06', 'epoch': '2.24'}
{'loss': '0.6529', 'grad_norm': '13.79', 'learning_rate': '4.13e-06', 'epoch': '2.28'}
{'loss': '0.6669', 'grad_norm': '16.37', 'learning_rate': '3.971e-06', 'epoch': '2.32'}
{'loss': '0.657', 'grad_norm': '10.01', 'learning_rate': '3.813e-06', 'epoch': '2.36'}
{'loss': '0.6417', 'grad_norm': '10.66', 'learning_rate': '3.656e-06', 'epoch': '2.4'}
{'loss': '0.6664', 'grad_norm': '11.57', 'learning_rate': '3.501e-06', 'epoch': '2.44'}
{'loss': '0.5956', 'grad_norm': '8.625', 'learning_rate': '3.348e-06', 'epoch': '2.48'}
{'loss': '0.6187', 'grad_norm': '11.84', 'learning_rate': '3.196e-06', 'epoch': '2.52'}
{'loss': '0.6186', 'grad_norm': '14.9', 'learning_rate': '3.046e-06', 'epoch': '2.56'}
{'loss': '0.6406', 'grad_norm': '11.62', 'learning_rate': '2.898e-06', 'epoch': '2.6'}
{'loss': '0.641', 'grad_norm': '11.81', 'learning_rate': '2.752e-06', 'epoch': '2.64'}
{'loss': '0.6576', 'grad_norm': '16.45', 'learning_rate': '2.608e-06', 'epoch': '2.68'}
{'loss': '0.6514', 'grad_norm': '16.36', 'learning_rate': '2.467e-06', 'epoch': '2.72'}
{'loss': '0.6024', 'grad_norm': '10.69', 'learning_rate': '2.329e-06', 'epoch': '2.76'}
{'loss': '0.6582', 'grad_norm': '11.18', 'learning_rate': '2.194e-06', 'epoch': '2.8'}
{'loss': '0.6446', 'grad_norm': '12.46', 'learning_rate': '2.061e-06', 'epoch': '2.84'}
{'loss': '0.6195', 'grad_norm': '10.84', 'learning_rate': '1.932e-06', 'epoch': '2.88'}
{'loss': '0.6498', 'grad_norm': '11.96', 'learning_rate': '1.805e-06', 'epoch': '2.92'}
{'loss': '0.5889', 'grad_norm': '9.654', 'learning_rate': '1.683e-06', 'epoch': '2.96'}
{'loss': '0.6228', 'grad_norm': '11.25', 'learning_rate': '1.563e-06', 'epoch': '3'}
{'loss': '0.6095', 'grad_norm': '10.06', 'learning_rate': '1.447e-06', 'epoch': '3.04'}
{'loss': '0.6048', 'grad_norm': '10.77', 'learning_rate': '1.335e-06', 'epoch': '3.08'}
{'loss': '0.5772', 'grad_norm': '11.54', 'learning_rate': '1.227e-06', 'epoch': '3.12'}
{'loss': '0.5779', 'grad_norm': '10.05', 'learning_rate': '1.123e-06', 'epoch': '3.16'}
{'loss': '0.5941', 'grad_norm': '11.64', 'learning_rate': '1.023e-06', 'epoch': '3.2'}
{'loss': '0.6057', 'grad_norm': '9.761', 'learning_rate': '9.266e-07', 'epoch': '3.24'}
{'loss': '0.5892', 'grad_norm': '12.84', 'learning_rate': '8.348e-07', 'epoch': '3.28'}
{'loss': '0.611', 'grad_norm': '14.4', 'learning_rate': '7.474e-07', 'epoch': '3.32'}
{'loss': '0.5997', 'grad_norm': '10.43', 'learning_rate': '6.645e-07', 'epoch': '3.36'}
{'loss': '0.5804', 'grad_norm': '11.12', 'learning_rate': '5.861e-07', 'epoch': '3.4'}
{'loss': '0.6053', 'grad_norm': '10.47', 'learning_rate': '5.124e-07', 'epoch': '3.44'}
{'loss': '0.5536', 'grad_norm': '9.118', 'learning_rate': '4.433e-07', 'epoch': '3.48'}
{'loss': '0.5798', 'grad_norm': '8.78', 'learning_rate': '3.791e-07', 'epoch': '3.52'}
{'loss': '0.5613', 'grad_norm': '11.68', 'learning_rate': '3.196e-07', 'epoch': '3.56'}
{'loss': '0.5915', 'grad_norm': '9.903', 'learning_rate': '2.651e-07', 'epoch': '3.6'}
{'loss': '0.5982', 'grad_norm': '10.75', 'learning_rate': '2.156e-07', 'epoch': '3.64'}
{'loss': '0.6175', 'grad_norm': '11.97', 'learning_rate': '1.711e-07', 'epoch': '3.68'}
{'loss': '0.616', 'grad_norm': '14.68', 'learning_rate': '1.316e-07', 'epoch': '3.72'}
{'loss': '0.5803', 'grad_norm': '11.71', 'learning_rate': '9.726e-08', 'epoch': '3.76'}
{'loss': '0.6153', 'grad_norm': '11.37', 'learning_rate': '6.805e-08', 'epoch': '3.8'}
 95%|█████████▌| 950/1000 [1:41:36<05:21,  6.44s/it]
 95%|█████████▌| 951/1000 [1:41:44<05:33,  6.81s/it]
 95%|█████████▌| 952/1000 [1:41:51<05:25,  6.79s/it]
 95%|█████████▌| 953/1000 [1:41:58<05:25,  6.93s/it]
 95%|█████████▌| 954/1000 [1:42:05<05:12,  6.79s/it]
