evaluated 1/3
evaluated 2/3
evaluated 3/3
{
  "by_family": {
    "synthetic_10": {
      "exact": 0,
      "exact_accuracy": 0.0,
      "n": 3,
      "parse_ok": 0,
      "parse_rate": 0.0
    }
  },
  "by_num_samples": {
    "1": {
      "exact": 0,
      "exact_accuracy": 0.0,
      "n": 1,
      "parse_ok": 0,
      "parse_rate": 0.0
    },
    "2": {
      "exact": 0,
      "exact_accuracy": 0.0,
      "n": 1,
      "parse_ok": 0,
      "parse_rate": 0.0
    },
    "3": {
      "exact": 0,
      "exact_accuracy": 0.0,
      "n": 1,
      "parse_ok": 0,
      "parse_rate": 0.0
    }
  },
  "overall": {
    "exact": 0,
    "exact_accuracy": 0.0,
    "n": 3,
    "parse_ok": 0,
    "parse_rate": 0.0
  }
}
