{
  "exact": 138,
  "exact_accuracy": 0.552,
  "max_new_tokens": 768,
  "parse_ok": 236,
  "parse_rate": 0.944
}
{
  "candidate_count_mean": 5.6,
  "first_visible_accuracy": 0.172,
  "first_visible_heldout": 43,
  "heldout_coverage": 0.18,
  "heldout_covered": 45
}
{
  "abi_only": 10,
  "both_direct_and_abi": 35,
  "direct_accuracy_on_abi_covered": {
    "count": 35,
    "n": 45,
    "rate": 0.7777777777777778
  },
  "direct_accuracy_on_abi_uncovered": {
    "count": 103,
    "n": 205,
    "rate": 0.5024390243902439
  },
  "direct_only": 103,
  "direct_or_abi_first_visible": 147,
  "direct_or_abi_first_visible_rate": 0.588,
  "direct_or_abi_oracle": 148,
  "direct_or_abi_oracle_rate": 0.592,
  "neither": 102
}
