policy-data:train:   0%|          | 0/12 [00:00<?, ?it/s]policy-data:train:  17%|█▋        | 2/12 [00:00<00:01,  5.54it/s]policy-data:train:  42%|████▏     | 5/12 [00:00<00:00, 10.00it/s]policy-data:train:  58%|█████▊    | 7/12 [00:01<00:01,  4.22it/s]policy-data:train:  67%|██████▋   | 8/12 [00:01<00:01,  3.61it/s]policy-data:train:  83%|████████▎ | 10/12 [00:01<00:00,  5.22it/s]policy-data:train: 100%|██████████| 12/12 [00:02<00:00,  4.50it/s]policy-data:train: 100%|██████████| 12/12 [00:02<00:00,  4.75it/s]
policy-data:eval:   0%|          | 0/8 [00:00<?, ?it/s]policy-data:eval:  25%|██▌       | 2/8 [00:00<00:01,  5.49it/s]policy-data:eval:  50%|█████     | 4/8 [00:00<00:00,  9.53it/s]policy-data:eval:  75%|███████▌  | 6/8 [00:01<00:00,  5.53it/s]policy-data:eval:  88%|████████▊ | 7/8 [00:01<00:00,  3.89it/s]policy-data:eval: 100%|██████████| 8/8 [00:01<00:00,  3.51it/s]policy-data:eval: 100%|██████████| 8/8 [00:01<00:00,  4.29it/s]
{
  "eval_data": "data/seed/dsl_train.jsonl",
  "eval_records": 8,
  "eval_summary": {
    "avg_target_actual_eliminated": 65.5,
    "avg_target_entropy": 0.394,
    "by_family": {
      "contains_code": 1,
      "scalar_branch_label": 1
    },
    "by_step": {
      "1": 2
    },
    "examples": 2
  },
  "label": "oracle-elimination option among displayed candidate query choices",
  "max_buckets": 6,
  "max_options": 24,
  "max_policy_candidates": 128,
  "max_query_pool_cases": 48,
  "max_steps": 3,
  "max_total_programs_per_record": 4000,
  "seed": 20260702,
  "train_data": "data/static_bridge_80/dsl_train.jsonl",
  "train_records": 12,
  "train_summary": {
    "avg_target_actual_eliminated": 14.0,
    "avg_target_entropy": 1.125,
    "by_family": {
      "contains_count_label": 1,
      "length_label": 1,
      "length_mod_label": 1,
      "scalar_branch_label": 3,
      "sum_threshold_label": 2
    },
    "by_step": {
      "1": 5,
      "2": 2,
      "3": 1
    },
    "examples": 8
  }
}
