evaluated 1/25 direct=1 visible=1 program=1 agree=1
evaluated 2/25 direct=1 visible=1 program=1 agree=1
evaluated 3/25 direct=0 visible=0 program=0 agree=0
evaluated 4/25 direct=0 visible=0 program=0 agree=0
evaluated 5/25 direct=0 visible=0 program=0 agree=0
evaluated 6/25 direct=1 visible=0 program=0 agree=0
evaluated 7/25 direct=0 visible=1 program=0 agree=1
evaluated 8/25 direct=0 visible=0 program=0 agree=0
evaluated 9/25 direct=1 visible=0 program=0 agree=0
evaluated 10/25 direct=0 visible=1 program=0 agree=1
evaluated 11/25 direct=0 visible=0 program=0 agree=0
evaluated 12/25 direct=0 visible=1 program=0 agree=1
evaluated 13/25 direct=1 visible=0 program=0 agree=0
evaluated 14/25 direct=1 visible=0 program=0 agree=0
evaluated 15/25 direct=0 visible=0 program=0 agree=0
evaluated 16/25 direct=0 visible=0 program=0 agree=0
evaluated 17/25 direct=1 visible=0 program=0 agree=0
evaluated 18/25 direct=0 visible=0 program=0 agree=0
evaluated 19/25 direct=0 visible=1 program=1 agree=0
evaluated 20/25 direct=1 visible=0 program=0 agree=0
evaluated 21/25 direct=0 visible=1 program=0 agree=1
evaluated 22/25 direct=1 visible=0 program=0 agree=0
evaluated 23/25 direct=1 visible=0 program=0 agree=0
evaluated 24/25 direct=0 visible=0 program=0 agree=0
evaluated 25/25 direct=1 visible=0 program=0 agree=0
{
  "by_family": {
    "craigslist_data_wrangler": {
      "agreement": 0,
      "agreement_correct": 0,
      "agreement_precision": 0.0,
      "agreement_rate": 0.0,
      "code_found": 1,
      "code_found_rate": 1.0,
      "direct_accuracy": 1.0,
      "direct_exact": 1,
      "direct_parse_ok": 1,
      "direct_parse_rate": 1.0,
      "hybrid_accuracy": 1.0,
      "hybrid_exact": 1,
      "n": 1,
      "oracle_union": 1,
      "oracle_union_rate": 1.0,
      "program_accuracy": 0.0,
      "program_hidden_exact": 0,
      "visible_exec_ok": 1,
      "visible_exec_ok_rate": 1.0,
      "visible_pass": 0,
      "visible_pass_rate": 0.0
    },
    "potters_wheel_divide": {
      "agreement": 1,
      "agreement_correct": 0,
      "agreement_precision": 0.0,
      "agreement_rate": 1.0,
      "code_found": 1,
      "code_found_rate": 1.0,
      "direct_accuracy": 0.0,
      "direct_exact": 0,
      "direct_parse_ok": 1,
      "direct_parse_rate": 1.0,
      "hybrid_accuracy": 0.0,
      "hybrid_exact": 0,
      "n": 1,
      "oracle_union": 0,
      "oracle_union_rate": 0.0,
      "program_accuracy": 0.0,
      "program_hidden_exact": 0,
      "visible_exec_ok": 1,
      "visible_exec_ok_rate": 1.0,
      "visible_pass": 1,
      "visible_pass_rate": 1.0
    },
    "potters_wheel_fold_2": {
      "agreement": 0,
      "agreement_correct": 0,
      "agreement_precision": 0.0,
      "agreement_rate": 0.0,
      "code_found": 1,
      "code_found_rate": 1.0,
      "direct_accuracy": 1.0,
      "direct_exact": 1,
      "direct_parse_ok": 1,
      "direct_parse_rate": 1.0,
      "hybrid_accuracy": 1.0,
      "hybrid_exact": 1,
      "n": 1,
      "oracle_union": 1,
      "oracle_union_rate": 1.0,
      "program_accuracy": 0.0,
      "program_hidden_exact": 0,
      "visible_exec_ok": 1,
      "visible_exec_ok_rate": 1.0,
      "visible_pass": 0,
      "visible_pass_rate": 0.0
    },
    "potters_wheel_split_fold": {
      "agreement": 0,
      "agreement_correct": 0,
      "agreement_precision": 0.0,
      "agreement_rate": 0.0,
      "code_found": 1,
      "code_found_rate": 1.0,
      "direct_accuracy": 1.0,
      "direct_exact": 1,
      "direct_parse_ok": 1,
      "direct_parse_rate": 1.0,
      "hybrid_accuracy": 1.0,
      "hybrid_exact": 1,
      "n": 1,
      "oracle_union": 1,
      "oracle_union_rate": 1.0,
      "program_accuracy": 0.0,
      "program_hidden_exact": 0,
      "visible_exec_ok": 1,
      "visible_exec_ok_rate": 1.0,
      "visible_pass": 0,
      "visible_pass_rate": 0.0
    },
    "potters_wheel_unfold": {
      "agreement": 0,
      "agreement_correct": 0,
      "agreement_precision": 0.0,
      "agreement_rate": 0.0,
      "code_found": 1,
      "code_found_rate": 1.0,
      "direct_accuracy": 0.0,
      "direct_exact": 0,
      "direct_parse_ok": 1,
      "direct_parse_rate": 1.0,
      "hybrid_accuracy": 0.0,
      "hybrid_exact": 0,
      "n": 1,
      "oracle_union": 0,
      "oracle_union_rate": 0.0,
      "program_accuracy": 0.0,
      "program_hidden_exact": 0,
      "visible_exec_ok": 1,
      "visible_exec_ok_rate": 1.0,
      "visible_pass": 0,
      "visible_pass_rate": 0.0
    },
    "proactive_wrangling_fold": {
      "agreement": 0,
      "agreement_correct": 0,
      "agreement_precision": 0.0,
      "agreement_rate": 0.0,
      "code_found": 1,
      "code_found_rate": 1.0,
      "direct_accuracy": 1.0,
      "direct_exact": 1,
      "direct_parse_ok": 1,
      "direct_parse_rate": 1.0,
      "hybrid_accuracy": 1.0,
      "hybrid_exact": 1,
      "n": 1,
      "oracle_union": 1,
      "oracle_union_rate": 1.0,
      "program_accuracy": 0.0,
      "program_hidden_exact": 0,
      "visible_exec_ok": 1,
      "visible_exec_ok_rate": 1.0,
      "visible_pass": 0,
      "visible_pass_rate": 0.0
    },
    "synthetic_10": {
      "agreement": 1,
      "agreement_correct": 1,
      "agreement_precision": 1.0,
      "agreement_rate": 1.0,
      "code_found": 1,
      "code_found_rate": 1.0,
      "direct_accuracy": 1.0,
      "direct_exact": 1,
      "direct_parse_ok": 1,
      "direct_parse_rate": 1.0,
      "hybrid_accuracy": 1.0,
      "hybrid_exact": 1,
      "n": 1,
      "oracle_union": 1,
      "oracle_union_rate": 1.0,
      "program_accuracy": 1.0,
      "program_hidden_exact": 1,
      "visible_exec_ok": 1,
      "visible_exec_ok_rate": 1.0,
      "visible_pass": 1,
      "visible_pass_rate": 1.0
    },
    "synthetic_12": {
      "agreement": 1,
      "agreement_correct": 1,
      "agreement_precision": 1.0,
      "agreement_rate": 1.0,
      "code_found": 1,
      "code_found_rate": 1.0,
      "direct_accuracy": 1.0,
      "direct_exact": 1,
      "direct_parse_ok": 1,
      "direct_parse_rate": 1.0,
      "hybrid_accuracy": 1.0,
      "hybrid_exact": 1,
      "n": 1,
      "oracle_union": 1,
      "oracle_union_rate": 1.0,
      "program_accuracy": 1.0,
      "program_hidden_exact": 1,
      "visible_exec_ok": 1,
      "visible_exec_ok_rate": 1.0,
      "visible_pass": 1,
      "visible_pass_rate": 1.0
    },
    "synthetic_15": {
      "agreement": 0,
      "agreement_correct": 0,
      "agreement_precision": 0.0,
      "agreement_rate": 0.0,
      "code_found": 1,
      "code_found_rate": 1.0,
      "direct_accuracy": 0.0,
      "direct_exact": 0,
      "direct_parse_ok": 1,
      "direct_parse_rate": 1.0,
      "hybrid_accuracy": 0.0,
      "hybrid_exact": 0,
      "n": 1,
      "oracle_union": 0,
      "oracle_union_rate": 0.0,
      "program_accuracy": 0.0,
      "program_hidden_exact": 0,
      "visible_exec_ok": 1,
      "visible_exec_ok_rate": 1.0,
      "visible_pass": 0,
      "visible_pass_rate": 0.0
    },
    "synthetic_18": {
      "agreement": 0,
      "agreement_correct": 0,
      "agreement_precision": 0.0,
      "agreement_rate": 0.0,
      "code_found": 1,
      "code_found_rate": 1.0,
      "direct_accuracy": 0.0,
      "direct_exact": 0,
      "direct_parse_ok": 1,
      "direct_parse_rate": 1.0,
      "hybrid_accuracy": 0.0,
      "hybrid_exact": 0,
      "n": 1,
      "oracle_union": 0,
      "oracle_union_rate": 0.0,
      "program_accuracy": 0.0,
      "program_hidden_exact": 0,
      "visible_exec_ok": 0,
      "visible_exec_ok_rate": 0.0,
      "visible_pass": 0,
      "visible_pass_rate": 0.0
    },
    "synthetic_22": {
      "agreement": 0,
      "agreement_correct": 0,
      "agreement_precision": 0.0,
      "agreement_rate": 0.0,
      "code_found": 1,
      "code_found_rate": 1.0,
      "direct_accuracy": 0.0,
      "direct_exact": 0,
      "direct_parse_ok": 1,
      "direct_parse_rate": 1.0,
      "hybrid_accuracy": 0.0,
      "hybrid_exact": 0,
      "n": 1,
      "oracle_union": 0,
      "oracle_union_rate": 0.0,
      "program_accuracy": 0.0,
      "program_hidden_exact": 0,
      "visible_exec_ok": 1,
      "visible_exec_ok_rate": 1.0,
      "visible_pass": 0,
      "visible_pass_rate": 0.0
    },
    "synthetic_25": {
      "agreement": 0,
      "agreement_correct": 0,
      "agreement_precision": 0.0,
      "agreement_rate": 0.0,
      "code_found": 1,
      "code_found_rate": 1.0,
      "direct_accuracy": 1.0,
      "direct_exact": 1,
      "direct_parse_ok": 1,
      "direct_parse_rate": 1.0,
      "hybrid_accuracy": 1.0,
      "hybrid_exact": 1,
      "n": 1,
      "oracle_union": 1,
      "oracle_union_rate": 1.0,
      "program_accuracy": 0.0,
      "program_hidden_exact": 0,
      "visible_exec_ok": 0,
      "visible_exec_ok_rate": 0.0,
      "visible_pass": 0,
      "visible_pass_rate": 0.0
    },
    "synthetic_27": {
      "agreement": 1,
      "agreement_correct": 0,
      "agreement_precision": 0.0,
      "agreement_rate": 1.0,
      "code_found": 1,
      "code_found_rate": 1.0,
      "direct_accuracy": 0.0,
      "direct_exact": 0,
      "direct_parse_ok": 1,
      "direct_parse_rate": 1.0,
      "hybrid_accuracy": 0.0,
      "hybrid_exact": 0,
      "n": 1,
      "oracle_union": 0,
      "oracle_union_rate": 0.0,
      "program_accuracy": 0.0,
      "program_hidden_exact": 0,
      "visible_exec_ok": 1,
      "visible_exec_ok_rate": 1.0,
      "visible_pass": 1,
      "visible_pass_rate": 1.0
    },
    "synthetic_29": {
      "agreement": 0,
      "agreement_correct": 0,
      "agreement_precision": 0.0,
      "agreement_rate": 0.0,
      "code_found": 1,
      "code_found_rate": 1.0,
      "direct_accuracy": 0.0,
      "direct_exact": 0,
      "direct_parse_ok": 1,
      "direct_parse_rate": 1.0,
      "hybrid_accuracy": 0.0,
      "hybrid_exact": 0,
      "n": 1,
      "oracle_union": 0,
      "oracle_union_rate": 0.0,
      "program_accuracy": 0.0,
      "program_hidden_exact": 0,
      "visible_exec_ok": 1,
      "visible_exec_ok_rate": 1.0,
      "visible_pass": 0,
      "visible_pass_rate": 0.0
    },
    "synthetic_30": {
      "agreement": 0,
      "agreement_correct": 0,
      "agreement_precision": 0.0,
      "agreement_rate": 0.0,
      "code_found": 1,
      "code_found_rate": 1.0,
      "direct_accuracy": 1.0,
      "direct_exact": 1,
      "direct_parse_ok": 1,
      "direct_parse_rate": 1.0,
      "hybrid_accuracy": 1.0,
      "hybrid_exact": 1,
      "n": 1,
      "oracle_union": 1,
      "oracle_union_rate": 1.0,
      "program_accuracy": 0.0,
      "program_hidden_exact": 0,
      "visible_exec_ok": 0,
      "visible_exec_ok_rate": 0.0,
      "visible_pass": 0,
      "visible_pass_rate": 0.0
    },
    "synthetic_34": {
      "agreement": 1,
      "agreement_correct": 0,
      "agreement_precision": 0.0,
      "agreement_rate": 1.0,
      "code_found": 1,
      "code_found_rate": 1.0,
      "direct_accuracy": 0.0,
      "direct_exact": 0,
      "direct_parse_ok": 1,
      "direct_parse_rate": 1.0,
      "hybrid_accuracy": 0.0,
      "hybrid_exact": 0,
      "n": 1,
      "oracle_union": 0,
      "oracle_union_rate": 0.0,
      "program_accuracy": 0.0,
      "program_hidden_exact": 0,
      "visible_exec_ok": 1,
      "visible_exec_ok_rate": 1.0,
      "visible_pass": 1,
      "visible_pass_rate": 1.0
    },
    "synthetic_37": {
      "agreement": 0,
      "agreement_correct": 0,
      "agreement_precision": 0.0,
      "agreement_rate": 0.0,
      "code_found": 1,
      "code_found_rate": 1.0,
      "direct_accuracy": 0.0,
      "direct_exact": 0,
      "direct_parse_ok": 1,
      "direct_parse_rate": 1.0,
      "hybrid_accuracy": 0.0,
      "hybrid_exact": 0,
      "n": 1,
      "oracle_union": 0,
      "oracle_union_rate": 0.0,
      "program_accuracy": 0.0,
      "program_hidden_exact": 0,
      "visible_exec_ok": 0,
      "visible_exec_ok_rate": 0.0,
      "visible_pass": 0,
      "visible_pass_rate": 0.0
    },
    "synthetic_40": {
      "agreement": 1,
      "agreement_correct": 0,
      "agreement_precision": 0.0,
      "agreement_rate": 1.0,
      "code_found": 1,
      "code_found_rate": 1.0,
      "direct_accuracy": 0.0,
      "direct_exact": 0,
      "direct_parse_ok": 1,
      "direct_parse_rate": 1.0,
      "hybrid_accuracy": 0.0,
      "hybrid_exact": 0,
      "n": 1,
      "oracle_union": 0,
      "oracle_union_rate": 0.0,
      "program_accuracy": 0.0,
      "program_hidden_exact": 0,
      "visible_exec_ok": 1,
      "visible_exec_ok_rate": 1.0,
      "visible_pass": 1,
      "visible_pass_rate": 1.0
    },
    "synthetic_43": {
      "agreement": 0,
      "agreement_correct": 0,
      "agreement_precision": 0.0,
      "agreement_rate": 0.0,
      "code_found": 1,
      "code_found_rate": 1.0,
      "direct_accuracy": 1.0,
      "direct_exact": 1,
      "direct_parse_ok": 1,
      "direct_parse_rate": 1.0,
      "hybrid_accuracy": 1.0,
      "hybrid_exact": 1,
      "n": 1,
      "oracle_union": 1,
      "oracle_union_rate": 1.0,
      "program_accuracy": 0.0,
      "program_hidden_exact": 0,
      "visible_exec_ok": 1,
      "visible_exec_ok_rate": 1.0,
      "visible_pass": 0,
      "visible_pass_rate": 0.0
    },
    "synthetic_45": {
      "agreement": 0,
      "agreement_correct": 0,
      "agreement_precision": 0.0,
      "agreement_rate": 0.0,
      "code_found": 1,
      "code_found_rate": 1.0,
      "direct_accuracy": 1.0,
      "direct_exact": 1,
      "direct_parse_ok": 1,
      "direct_parse_rate": 1.0,
      "hybrid_accuracy": 1.0,
      "hybrid_exact": 1,
      "n": 1,
      "oracle_union": 1,
      "oracle_union_rate": 1.0,
      "program_accuracy": 0.0,
      "program_hidden_exact": 0,
      "visible_exec_ok": 1,
      "visible_exec_ok_rate": 1.0,
      "visible_pass": 0,
      "visible_pass_rate": 0.0
    },
    "synthetic_47": {
      "agreement": 0,
      "agreement_correct": 0,
      "agreement_precision": 0.0,
      "agreement_rate": 0.0,
      "code_found": 1,
      "code_found_rate": 1.0,
      "direct_accuracy": 0.0,
      "direct_exact": 0,
      "direct_parse_ok": 1,
      "direct_parse_rate": 1.0,
      "hybrid_accuracy": 0.0,
      "hybrid_exact": 0,
      "n": 1,
      "oracle_union": 0,
      "oracle_union_rate": 0.0,
      "program_accuracy": 0.0,
      "program_hidden_exact": 0,
      "visible_exec_ok": 0,
      "visible_exec_ok_rate": 0.0,
      "visible_pass": 0,
      "visible_pass_rate": 0.0
    },
    "synthetic_49": {
      "agreement": 0,
      "agreement_correct": 0,
      "agreement_precision": 0.0,
      "agreement_rate": 0.0,
      "code_found": 1,
      "code_found_rate": 1.0,
      "direct_accuracy": 0.0,
      "direct_exact": 0,
      "direct_parse_ok": 1,
      "direct_parse_rate": 1.0,
      "hybrid_accuracy": 0.0,
      "hybrid_exact": 0,
      "n": 1,
      "oracle_union": 0,
      "oracle_union_rate": 0.0,
      "program_accuracy": 0.0,
      "program_hidden_exact": 0,
      "visible_exec_ok": 1,
      "visible_exec_ok_rate": 1.0,
      "visible_pass": 0,
      "visible_pass_rate": 0.0
    },
    "synthetic_51": {
      "agreement": 0,
      "agreement_correct": 0,
      "agreement_precision": 0.0,
      "agreement_rate": 0.0,
      "code_found": 1,
      "code_found_rate": 1.0,
      "direct_accuracy": 1.0,
      "direct_exact": 1,
      "direct_parse_ok": 1,
      "direct_parse_rate": 1.0,
      "hybrid_accuracy": 1.0,
      "hybrid_exact": 1,
      "n": 1,
      "oracle_union": 1,
      "oracle_union_rate": 1.0,
      "program_accuracy": 0.0,
      "program_hidden_exact": 0,
      "visible_exec_ok": 1,
      "visible_exec_ok_rate": 1.0,
      "visible_pass": 0,
      "visible_pass_rate": 0.0
    },
    "synthetic_6": {
      "agreement": 0,
      "agreement_correct": 0,
      "agreement_precision": 0.0,
      "agreement_rate": 0.0,
      "code_found": 1,
      "code_found_rate": 1.0,
      "direct_accuracy": 0.0,
      "direct_exact": 0,
      "direct_parse_ok": 1,
      "direct_parse_rate": 1.0,
      "hybrid_accuracy": 0.0,
      "hybrid_exact": 0,
      "n": 1,
      "oracle_union": 0,
      "oracle_union_rate": 0.0,
      "program_accuracy": 0.0,
      "program_hidden_exact": 0,
      "visible_exec_ok": 1,
      "visible_exec_ok_rate": 1.0,
      "visible_pass": 0,
      "visible_pass_rate": 0.0
    },
    "synthetic_8": {
      "agreement": 0,
      "agreement_correct": 0,
      "agreement_precision": 0.0,
      "agreement_rate": 0.0,
      "code_found": 1,
      "code_found_rate": 1.0,
      "direct_accuracy": 0.0,
      "direct_exact": 0,
      "direct_parse_ok": 0,
      "direct_parse_rate": 0.0,
      "hybrid_accuracy": 1.0,
      "hybrid_exact": 1,
      "n": 1,
      "oracle_union": 1,
      "oracle_union_rate": 1.0,
      "program_accuracy": 1.0,
      "program_hidden_exact": 1,
      "visible_exec_ok": 1,
      "visible_exec_ok_rate": 1.0,
      "visible_pass": 1,
      "visible_pass_rate": 1.0
    }
  },
  "by_num_samples": {
    "1": {
      "agreement": 6,
      "agreement_correct": 2,
      "agreement_precision": 0.3333333333333333,
      "agreement_rate": 0.25,
      "code_found": 24,
      "code_found_rate": 1.0,
      "direct_accuracy": 0.4166666666666667,
      "direct_exact": 10,
      "direct_parse_ok": 23,
      "direct_parse_rate": 0.9583333333333334,
      "hybrid_accuracy": 0.4583333333333333,
      "hybrid_exact": 11,
      "n": 24,
      "oracle_union": 11,
      "oracle_union_rate": 0.4583333333333333,
      "program_accuracy": 0.125,
      "program_hidden_exact": 3,
      "visible_exec_ok": 19,
      "visible_exec_ok_rate": 0.7916666666666666,
      "visible_pass": 7,
      "visible_pass_rate": 0.2916666666666667
    },
    "4": {
      "agreement": 0,
      "agreement_correct": 0,
      "agreement_precision": 0.0,
      "agreement_rate": 0.0,
      "code_found": 1,
      "code_found_rate": 1.0,
      "direct_accuracy": 1.0,
      "direct_exact": 1,
      "direct_parse_ok": 1,
      "direct_parse_rate": 1.0,
      "hybrid_accuracy": 1.0,
      "hybrid_exact": 1,
      "n": 1,
      "oracle_union": 1,
      "oracle_union_rate": 1.0,
      "program_accuracy": 0.0,
      "program_hidden_exact": 0,
      "visible_exec_ok": 1,
      "visible_exec_ok_rate": 1.0,
      "visible_pass": 0,
      "visible_pass_rate": 0.0
    }
  },
  "overall": {
    "agreement": 6,
    "agreement_correct": 2,
    "agreement_precision": 0.3333333333333333,
    "agreement_rate": 0.24,
    "code_found": 25,
    "code_found_rate": 1.0,
    "direct_accuracy": 0.44,
    "direct_exact": 11,
    "direct_parse_ok": 24,
    "direct_parse_rate": 0.96,
    "hybrid_accuracy": 0.48,
    "hybrid_exact": 12,
    "n": 25,
    "oracle_union": 12,
    "oracle_union_rate": 0.48,
    "program_accuracy": 0.12,
    "program_hidden_exact": 3,
    "visible_exec_ok": 20,
    "visible_exec_ok_rate": 0.8,
    "visible_pass": 7,
    "visible_pass_rate": 0.28
  }
}
