evaluated 1/8 direct=1 visible=1 program=1 agree=1
evaluated 2/8 direct=1 visible=1 program=1 agree=1
evaluated 3/8 direct=1 visible=1 program=1 agree=1
evaluated 4/8 direct=1 visible=1 program=1 agree=1
evaluated 5/8 direct=1 visible=1 program=1 agree=1
evaluated 6/8 direct=1 visible=0 program=0 agree=0
evaluated 7/8 direct=1 visible=0 program=0 agree=0
evaluated 8/8 direct=1 visible=0 program=0 agree=0
{
  "by_family": {
    "synthetic_10": {
      "agreement": 5,
      "agreement_correct": 5,
      "agreement_precision": 1.0,
      "agreement_rate": 1.0,
      "code_found": 5,
      "code_found_rate": 1.0,
      "direct_accuracy": 1.0,
      "direct_exact": 5,
      "direct_parse_ok": 5,
      "direct_parse_rate": 1.0,
      "hybrid_accuracy": 1.0,
      "hybrid_exact": 5,
      "n": 5,
      "oracle_union": 5,
      "oracle_union_rate": 1.0,
      "program_accuracy": 1.0,
      "program_hidden_exact": 5,
      "visible_exec_ok": 5,
      "visible_exec_ok_rate": 1.0,
      "visible_pass": 5,
      "visible_pass_rate": 1.0
    },
    "synthetic_11": {
      "agreement": 0,
      "agreement_correct": 0,
      "agreement_precision": 0.0,
      "agreement_rate": 0.0,
      "code_found": 3,
      "code_found_rate": 1.0,
      "direct_accuracy": 1.0,
      "direct_exact": 3,
      "direct_parse_ok": 3,
      "direct_parse_rate": 1.0,
      "hybrid_accuracy": 1.0,
      "hybrid_exact": 3,
      "n": 3,
      "oracle_union": 3,
      "oracle_union_rate": 1.0,
      "program_accuracy": 0.0,
      "program_hidden_exact": 0,
      "visible_exec_ok": 3,
      "visible_exec_ok_rate": 1.0,
      "visible_pass": 0,
      "visible_pass_rate": 0.0
    }
  },
  "by_num_samples": {
    "1": {
      "agreement": 1,
      "agreement_correct": 1,
      "agreement_precision": 1.0,
      "agreement_rate": 0.5,
      "code_found": 2,
      "code_found_rate": 1.0,
      "direct_accuracy": 1.0,
      "direct_exact": 2,
      "direct_parse_ok": 2,
      "direct_parse_rate": 1.0,
      "hybrid_accuracy": 1.0,
      "hybrid_exact": 2,
      "n": 2,
      "oracle_union": 2,
      "oracle_union_rate": 1.0,
      "program_accuracy": 0.5,
      "program_hidden_exact": 1,
      "visible_exec_ok": 2,
      "visible_exec_ok_rate": 1.0,
      "visible_pass": 1,
      "visible_pass_rate": 0.5
    },
    "2": {
      "agreement": 1,
      "agreement_correct": 1,
      "agreement_precision": 1.0,
      "agreement_rate": 0.5,
      "code_found": 2,
      "code_found_rate": 1.0,
      "direct_accuracy": 1.0,
      "direct_exact": 2,
      "direct_parse_ok": 2,
      "direct_parse_rate": 1.0,
      "hybrid_accuracy": 1.0,
      "hybrid_exact": 2,
      "n": 2,
      "oracle_union": 2,
      "oracle_union_rate": 1.0,
      "program_accuracy": 0.5,
      "program_hidden_exact": 1,
      "visible_exec_ok": 2,
      "visible_exec_ok_rate": 1.0,
      "visible_pass": 1,
      "visible_pass_rate": 0.5
    },
    "3": {
      "agreement": 1,
      "agreement_correct": 1,
      "agreement_precision": 1.0,
      "agreement_rate": 0.5,
      "code_found": 2,
      "code_found_rate": 1.0,
      "direct_accuracy": 1.0,
      "direct_exact": 2,
      "direct_parse_ok": 2,
      "direct_parse_rate": 1.0,
      "hybrid_accuracy": 1.0,
      "hybrid_exact": 2,
      "n": 2,
      "oracle_union": 2,
      "oracle_union_rate": 1.0,
      "program_accuracy": 0.5,
      "program_hidden_exact": 1,
      "visible_exec_ok": 2,
      "visible_exec_ok_rate": 1.0,
      "visible_pass": 1,
      "visible_pass_rate": 0.5
    },
    "4": {
      "agreement": 1,
      "agreement_correct": 1,
      "agreement_precision": 1.0,
      "agreement_rate": 1.0,
      "code_found": 1,
      "code_found_rate": 1.0,
      "direct_accuracy": 1.0,
      "direct_exact": 1,
      "direct_parse_ok": 1,
      "direct_parse_rate": 1.0,
      "hybrid_accuracy": 1.0,
      "hybrid_exact": 1,
      "n": 1,
      "oracle_union": 1,
      "oracle_union_rate": 1.0,
      "program_accuracy": 1.0,
      "program_hidden_exact": 1,
      "visible_exec_ok": 1,
      "visible_exec_ok_rate": 1.0,
      "visible_pass": 1,
      "visible_pass_rate": 1.0
    },
    "5": {
      "agreement": 1,
      "agreement_correct": 1,
      "agreement_precision": 1.0,
      "agreement_rate": 1.0,
      "code_found": 1,
      "code_found_rate": 1.0,
      "direct_accuracy": 1.0,
      "direct_exact": 1,
      "direct_parse_ok": 1,
      "direct_parse_rate": 1.0,
      "hybrid_accuracy": 1.0,
      "hybrid_exact": 1,
      "n": 1,
      "oracle_union": 1,
      "oracle_union_rate": 1.0,
      "program_accuracy": 1.0,
      "program_hidden_exact": 1,
      "visible_exec_ok": 1,
      "visible_exec_ok_rate": 1.0,
      "visible_pass": 1,
      "visible_pass_rate": 1.0
    }
  },
  "overall": {
    "agreement": 5,
    "agreement_correct": 5,
    "agreement_precision": 1.0,
    "agreement_rate": 0.625,
    "code_found": 8,
    "code_found_rate": 1.0,
    "direct_accuracy": 1.0,
    "direct_exact": 8,
    "direct_parse_ok": 8,
    "direct_parse_rate": 1.0,
    "hybrid_accuracy": 1.0,
    "hybrid_exact": 8,
    "n": 8,
    "oracle_union": 8,
    "oracle_union_rate": 1.0,
    "program_accuracy": 0.625,
    "program_hidden_exact": 5,
    "visible_exec_ok": 8,
    "visible_exec_ok_rate": 1.0,
    "visible_pass": 5,
    "visible_pass_rate": 0.625
  }
}
