[build] seen_iid scalar_affine x3
[build] seen_iid threshold_offset x3
[build] seen_iid modulo_label x3
[build] seen_iid tuple_affine x3
[build] seen_iid tuple_sum_wrap x3
[build] seen_iid length_label x3
[build] seen_iid contains_label x3
[build] seen_iid sort_join x3
[build] seen_iid sum_offset x3
[build] seen_iid sum_threshold x3
[build] seen_iid modulo_shift x3
[build] seen_iid length_affine x3
[build] format_shift scalar_affine x3
[build] format_shift threshold_offset x3
[build] format_shift modulo_label x3
[build] format_shift tuple_affine x3
[build] format_shift tuple_sum_wrap x3
[build] format_shift length_label x3
[build] format_shift contains_label x3
[build] format_shift sort_join x3
[build] format_shift sum_offset x3
[build] format_shift sum_threshold x3
[build] format_shift modulo_shift x3
[build] format_shift length_affine x3
[build] recombination_holdout tuple_branch_label x12
[build] recombination_holdout length_contains_code x12
[build] recombination_holdout modulo_sum_label x12
[build] recombination_holdout sorted_tuple_affine x12
[build] recombination_holdout sorted_contains_count x12
[build] train_dose0_seen scalar_affine x20
[build] train_dose0_seen threshold_offset x20
[build] train_dose0_seen modulo_label x20
[build] train_dose0_seen tuple_affine x20
[build] train_dose0_seen tuple_sum_wrap x20
[build] train_dose0_seen length_label x20
[build] train_dose0_seen contains_label x20
[build] train_dose0_seen sort_join x20
[build] train_dose0_seen sum_offset x20
[build] train_dose0_seen sum_threshold x20
[build] train_dose0_seen modulo_shift x20
[build] train_dose0_seen length_affine x20
[build] train_dose1_seen scalar_affine x19
[build] train_dose1_seen threshold_offset x20
[build] train_dose1_seen modulo_label x20
[build] train_dose1_seen tuple_affine x20
[build] train_dose1_seen tuple_sum_wrap x20
[build] train_dose1_seen length_label x20
[build] train_dose1_seen contains_label x20
[build] train_dose1_seen sort_join x20
[build] train_dose1_seen sum_offset x19
[build] train_dose1_seen sum_threshold x19
[build] train_dose1_seen modulo_shift x19
[build] train_dose1_seen length_affine x19
[build] train_dose1_bridge tuple_branch_label x1
[build] train_dose1_bridge length_contains_code x1
[build] train_dose1_bridge modulo_sum_label x1
[build] train_dose1_bridge sorted_tuple_affine x1
[build] train_dose1_bridge sorted_contains_count x1
[build] train_dose2_seen scalar_affine x19
[build] train_dose2_seen threshold_offset x19
[build] train_dose2_seen modulo_label x20
[build] train_dose2_seen tuple_affine x20
[build] train_dose2_seen tuple_sum_wrap x19
[build] train_dose2_seen length_label x19
[build] train_dose2_seen contains_label x19
[build] train_dose2_seen sort_join x19
[build] train_dose2_seen sum_offset x19
[build] train_dose2_seen sum_threshold x19
[build] train_dose2_seen modulo_shift x19
[build] train_dose2_seen length_affine x19
[build] train_dose2_bridge tuple_branch_label x2
[build] train_dose2_bridge length_contains_code x2
[build] train_dose2_bridge modulo_sum_label x2
[build] train_dose2_bridge sorted_tuple_affine x2
[build] train_dose2_bridge sorted_contains_count x2
[build] train_dose4_seen scalar_affine x18
[build] train_dose4_seen threshold_offset x18
[build] train_dose4_seen modulo_label x18
[build] train_dose4_seen tuple_affine x18
[build] train_dose4_seen tuple_sum_wrap x19
[build] train_dose4_seen length_label x19
[build] train_dose4_seen contains_label x19
[build] train_dose4_seen sort_join x19
[build] train_dose4_seen sum_offset x18
[build] train_dose4_seen sum_threshold x18
[build] train_dose4_seen modulo_shift x18
[build] train_dose4_seen length_affine x18
[build] train_dose4_bridge tuple_branch_label x4
[build] train_dose4_bridge length_contains_code x4
[build] train_dose4_bridge modulo_sum_label x4
[build] train_dose4_bridge sorted_tuple_affine x4
[build] train_dose4_bridge sorted_contains_count x4
[build] train_dose8_seen scalar_affine x17
[build] train_dose8_seen threshold_offset x17
[build] train_dose8_seen modulo_label x17
[build] train_dose8_seen tuple_affine x17
[build] train_dose8_seen tuple_sum_wrap x16
[build] train_dose8_seen length_label x16
[build] train_dose8_seen contains_label x16
[build] train_dose8_seen sort_join x16
[build] train_dose8_seen sum_offset x17
[build] train_dose8_seen sum_threshold x17
[build] train_dose8_seen modulo_shift x17
[build] train_dose8_seen length_affine x17
[build] train_dose8_bridge tuple_branch_label x8
[build] train_dose8_bridge length_contains_code x8
[build] train_dose8_bridge modulo_sum_label x8
[build] train_dose8_bridge sorted_tuple_affine x8
[build] train_dose8_bridge sorted_contains_count x8
[build] train_near_miss_focus sum_offset x26
[build] train_near_miss_focus modulo_shift x26
[build] train_near_miss_focus threshold_offset x26
[build] train_near_miss_focus tuple_affine x26
[build] train_near_miss_focus length_affine x26
[build] train_near_miss_focus contains_label x25
[build] train_near_miss_focus sort_join x25
[build] train_near_miss_focus scalar_affine x12
[build] train_near_miss_focus modulo_label x12
[build] train_near_miss_focus tuple_sum_wrap x12
[build] train_near_miss_focus length_label x12
[build] train_near_miss_focus sum_threshold x12
{
  "bridge_doses_per_heldout_pair": [
    0,
    1,
    2,
    4,
    8
  ],
  "bridge_pair_counts": {
    "repair_train_dose0": {},
    "repair_train_dose1": {
      "aggregation+modulo": 1,
      "branching+tuple_access": 1,
      "length+string_match": 1,
      "ordering+string_match": 1,
      "ordering+tuple_access": 1
    },
    "repair_train_dose2": {
      "aggregation+modulo": 2,
      "branching+tuple_access": 2,
      "length+string_match": 2,
      "ordering+string_match": 2,
      "ordering+tuple_access": 2
    },
    "repair_train_dose4": {
      "aggregation+modulo": 4,
      "branching+tuple_access": 4,
      "length+string_match": 4,
      "ordering+string_match": 4,
      "ordering+tuple_access": 4
    },
    "repair_train_dose8": {
      "aggregation+modulo": 8,
      "branching+tuple_access": 8,
      "length+string_match": 8,
      "ordering+string_match": 8,
      "ordering+tuple_access": 8
    },
    "repair_train_near_miss_focus": {}
  },
  "dataset": "bridge_dose_recombination_curriculum",
  "evaluation_files": {
    "format_shift": "experiments/bridge_dose_recombination_curriculum/data/repair_val_format_shift.jsonl",
    "recombination_holdout": "experiments/bridge_dose_recombination_curriculum/data/repair_val_recombination_holdout.jsonl",
    "seen_iid": "experiments/bridge_dose_recombination_curriculum/data/repair_val_seen_iid.jsonl"
  },
  "families": {
    "repair_train_dose0": {
      "contains_label": 20,
      "length_affine": 20,
      "length_label": 20,
      "modulo_label": 20,
      "modulo_shift": 20,
      "scalar_affine": 20,
      "sort_join": 20,
      "sum_offset": 20,
      "sum_threshold": 20,
      "threshold_offset": 20,
      "tuple_affine": 20,
      "tuple_sum_wrap": 20
    },
    "repair_train_dose1": {
      "contains_label": 20,
      "length_affine": 19,
      "length_contains_code": 1,
      "length_label": 20,
      "modulo_label": 20,
      "modulo_shift": 19,
      "modulo_sum_label": 1,
      "scalar_affine": 19,
      "sort_join": 20,
      "sorted_contains_count": 1,
      "sorted_tuple_affine": 1,
      "sum_offset": 19,
      "sum_threshold": 19,
      "threshold_offset": 20,
      "tuple_affine": 20,
      "tuple_branch_label": 1,
      "tuple_sum_wrap": 20
    },
    "repair_train_dose2": {
      "contains_label": 19,
      "length_affine": 19,
      "length_contains_code": 2,
      "length_label": 19,
      "modulo_label": 20,
      "modulo_shift": 19,
      "modulo_sum_label": 2,
      "scalar_affine": 19,
      "sort_join": 19,
      "sorted_contains_count": 2,
      "sorted_tuple_affine": 2,
      "sum_offset": 19,
      "sum_threshold": 19,
      "threshold_offset": 19,
      "tuple_affine": 20,
      "tuple_branch_label": 2,
      "tuple_sum_wrap": 19
    },
    "repair_train_dose4": {
      "contains_label": 19,
      "length_affine": 18,
      "length_contains_code": 4,
      "length_label": 19,
      "modulo_label": 18,
      "modulo_shift": 18,
      "modulo_sum_label": 4,
      "scalar_affine": 18,
      "sort_join": 19,
      "sorted_contains_count": 4,
      "sorted_tuple_affine": 4,
      "sum_offset": 18,
      "sum_threshold": 18,
      "threshold_offset": 18,
      "tuple_affine": 18,
      "tuple_branch_label": 4,
      "tuple_sum_wrap": 19
    },
    "repair_train_dose8": {
      "contains_label": 16,
      "length_affine": 17,
      "length_contains_code": 8,
      "length_label": 16,
      "modulo_label": 17,
      "modulo_shift": 17,
      "modulo_sum_label": 8,
      "scalar_affine": 17,
      "sort_join": 16,
      "sorted_contains_count": 8,
      "sorted_tuple_affine": 8,
      "sum_offset": 17,
      "sum_threshold": 17,
      "threshold_offset": 17,
      "tuple_affine": 17,
      "tuple_branch_label": 8,
      "tuple_sum_wrap": 16
    },
    "repair_train_near_miss_focus": {
      "contains_label": 25,
      "length_affine": 26,
      "length_label": 12,
      "modulo_label": 12,
      "modulo_shift": 26,
      "scalar_affine": 12,
      "sort_join": 25,
      "sum_offset": 26,
      "sum_threshold": 12,
      "threshold_offset": 26,
      "tuple_affine": 26,
      "tuple_sum_wrap": 12
    },
    "repair_val_format_shift": {
      "contains_label": 3,
      "length_affine": 3,
      "length_label": 3,
      "modulo_label": 3,
      "modulo_shift": 3,
      "scalar_affine": 3,
      "sort_join": 3,
      "sum_offset": 3,
      "sum_threshold": 3,
      "threshold_offset": 3,
      "tuple_affine": 3,
      "tuple_sum_wrap": 3
    },
    "repair_val_recombination_holdout": {
      "length_contains_code": 12,
      "modulo_sum_label": 12,
      "sorted_contains_count": 12,
      "sorted_tuple_affine": 12,
      "tuple_branch_label": 12
    },
    "repair_val_seen_iid": {
      "contains_label": 3,
      "length_affine": 3,
      "length_label": 3,
      "modulo_label": 3,
      "modulo_shift": 3,
      "scalar_affine": 3,
      "sort_join": 3,
      "sum_offset": 3,
      "sum_threshold": 3,
      "threshold_offset": 3,
      "tuple_affine": 3,
      "tuple_sum_wrap": 3
    }
  },
  "heldout_factor_pairs": [
    "aggregation+modulo",
    "branching+tuple_access",
    "length+string_match",
    "ordering+string_match",
    "ordering+tuple_access"
  ],
  "near_miss_control_file": "experiments/bridge_dose_recombination_curriculum/data/repair_train_near_miss_focus.jsonl",
  "question": "How many exact bridge examples are needed before trace-conditioned repair generalizes across withheld factor-pair cells?",
  "records": {
    "repair_train_dose0": 240,
    "repair_train_dose1": 240,
    "repair_train_dose2": 240,
    "repair_train_dose4": 240,
    "repair_train_dose8": 240,
    "repair_train_near_miss_focus": 240,
    "repair_val_format_shift": 36,
    "repair_val_recombination_holdout": 60,
    "repair_val_seen_iid": 36
  },
  "seed": 20260621,
  "total_train_records_per_condition": 240,
  "train_factor_pair_counts": {
    "repair_train_dose0": {
      "aggregation+arithmetic": 40,
      "aggregation+branching": 20,
      "aggregation+string_format": 20,
      "aggregation+tuple_access": 20,
      "arithmetic+branching": 60,
      "arithmetic+length": 20,
      "arithmetic+modulo": 20,
      "arithmetic+tuple_access": 20,
      "branching+length": 20,
      "branching+modulo": 40,
      "branching+string_format": 60,
      "branching+string_match": 20,
      "length+string_format": 20,
      "modulo+string_format": 20,
      "ordering+sequence_iteration": 20,
      "ordering+string_format": 20,
      "ordering+string_normalization": 20,
      "sequence_iteration+string_format": 20,
      "sequence_iteration+string_normalization": 20,
      "string_format+string_match": 20,
      "string_format+string_normalization": 20,
      "string_format+tuple_access": 20
    },
    "repair_train_dose1": {
      "aggregation+arithmetic": 39,
      "aggregation+branching": 20,
      "aggregation+modulo": 1,
      "aggregation+ordering": 1,
      "aggregation+sequence_iteration": 1,
      "aggregation+string_format": 22,
      "aggregation+string_match": 1,
      "aggregation+string_normalization": 1,
      "aggregation+tuple_access": 20,
      "arithmetic+branching": 61,
      "arithmetic+length": 20,
      "arithmetic+modulo": 20,
      "arithmetic+ordering": 1,
      "arithmetic+string_format": 3,
      "arithmetic+string_match": 1,
      "arithmetic+tuple_access": 22,
      "branching+length": 21,
      "branching+modulo": 40,
      "branching+string_format": 63,
      "branching+string_match": 21,
      "branching+tuple_access": 1,
      "length+string_format": 21,
      "length+string_match": 1,
      "modulo+string_format": 21,
      "ordering+sequence_iteration": 21,
      "ordering+string_format": 21,
      "ordering+string_match": 1,
      "ordering+string_normalization": 21,
      "ordering+tuple_access": 1,
      "sequence_iteration+string_format": 21,
      "sequence_iteration+string_match": 1,
      "sequence_iteration+string_normalization": 21,
      "string_format+string_match": 22,
      "string_format+string_normalization": 21,
      "string_format+tuple_access": 21,
      "string_match+string_normalization": 1
    },
    "repair_train_dose2": {
      "aggregation+arithmetic": 40,
      "aggregation+branching": 21,
      "aggregation+modulo": 2,
      "aggregation+ordering": 2,
      "aggregation+sequence_iteration": 2,
      "aggregation+string_format": 23,
      "aggregation+string_match": 2,
      "aggregation+string_normalization": 2,
      "aggregation+tuple_access": 19,
      "arithmetic+branching": 63,
      "arithmetic+length": 21,
      "arithmetic+modulo": 21,
      "arithmetic+ordering": 2,
      "arithmetic+string_format": 6,
      "arithmetic+string_match": 2,
      "arithmetic+tuple_access": 24,
      "branching+length": 21,
      "branching+modulo": 41,
      "branching+string_format": 64,
      "branching+string_match": 21,
      "branching+tuple_access": 2,
      "length+string_format": 21,
      "length+string_match": 2,
      "modulo+string_format": 22,
      "ordering+sequence_iteration": 21,
      "ordering+string_format": 21,
      "ordering+string_match": 2,
      "ordering+string_normalization": 21,
      "ordering+tuple_access": 2,
      "sequence_iteration+string_format": 21,
      "sequence_iteration+string_match": 2,
      "sequence_iteration+string_normalization": 21,
      "string_format+string_match": 23,
      "string_format+string_normalization": 21,
      "string_format+tuple_access": 21,
      "string_match+string_normalization": 2
    },
    "repair_train_dose4": {
      "aggregation+arithmetic": 40,
      "aggregation+branching": 22,
      "aggregation+modulo": 4,
      "aggregation+ordering": 4,
      "aggregation+sequence_iteration": 4,
      "aggregation+string_format": 27,
      "aggregation+string_match": 4,
      "aggregation+string_normalization": 4,
      "aggregation+tuple_access": 19,
      "arithmetic+branching": 66,
      "arithmetic+length": 22,
      "arithmetic+modulo": 22,
      "arithmetic+ordering": 4,
      "arithmetic+string_format": 12,
      "arithmetic+string_match": 4,
      "arithmetic+tuple_access": 26,
      "branching+length": 23,
      "branching+modulo": 40,
      "branching+string_format": 68,
      "branching+string_match": 23,
      "branching+tuple_access": 4,
      "length+string_format": 23,
      "length+string_match": 4,
      "modulo+string_format": 22,
      "ordering+sequence_iteration": 23,
      "ordering+string_format": 23,
      "ordering+string_match": 4,
      "ordering+string_normalization": 23,
      "ordering+tuple_access": 4,
      "sequence_iteration+string_format": 23,
      "sequence_iteration+string_match": 4,
      "sequence_iteration+string_normalization": 23,
      "string_format+string_match": 27,
      "string_format+string_normalization": 23,
      "string_format+tuple_access": 23,
      "string_match+string_normalization": 4
    },
    "repair_train_dose8": {
      "aggregation+arithmetic": 42,
      "aggregation+branching": 25,
      "aggregation+modulo": 8,
      "aggregation+ordering": 8,
      "aggregation+sequence_iteration": 8,
      "aggregation+string_format": 32,
      "aggregation+string_match": 8,
      "aggregation+string_normalization": 8,
      "aggregation+tuple_access": 16,
      "arithmetic+branching": 75,
      "arithmetic+length": 25,
      "arithmetic+modulo": 25,
      "arithmetic+ordering": 8,
      "arithmetic+string_format": 24,
      "arithmetic+string_match": 8,
      "arithmetic+tuple_access": 33,
      "branching+length": 24,
      "branching+modulo": 42,
      "branching+string_format": 73,
      "branching+string_match": 24,
      "branching+tuple_access": 8,
      "length+string_format": 24,
      "length+string_match": 8,
      "modulo+string_format": 25,
      "ordering+sequence_iteration": 24,
      "ordering+string_format": 24,
      "ordering+string_match": 8,
      "ordering+string_normalization": 24,
      "ordering+tuple_access": 8,
      "sequence_iteration+string_format": 24,
      "sequence_iteration+string_match": 8,
      "sequence_iteration+string_normalization": 24,
      "string_format+string_match": 32,
      "string_format+string_normalization": 24,
      "string_format+tuple_access": 24,
      "string_match+string_normalization": 8
    },
    "repair_train_near_miss_focus": {
      "aggregation+arithmetic": 38,
      "aggregation+branching": 12,
      "aggregation+string_format": 12,
      "aggregation+tuple_access": 12,
      "arithmetic+branching": 64,
      "arithmetic+length": 26,
      "arithmetic+modulo": 26,
      "arithmetic+tuple_access": 26,
      "branching+length": 12,
      "branching+modulo": 38,
      "branching+string_format": 49,
      "branching+string_match": 25,
      "length+string_format": 12,
      "modulo+string_format": 12,
      "ordering+sequence_iteration": 25,
      "ordering+string_format": 25,
      "ordering+string_normalization": 25,
      "sequence_iteration+string_format": 25,
      "sequence_iteration+string_normalization": 25,
      "string_format+string_match": 25,
      "string_format+string_normalization": 25,
      "string_format+tuple_access": 12
    }
  },
  "train_files": {
    "repair_train_dose0": "experiments/bridge_dose_recombination_curriculum/data/repair_train_dose0.jsonl",
    "repair_train_dose1": "experiments/bridge_dose_recombination_curriculum/data/repair_train_dose1.jsonl",
    "repair_train_dose2": "experiments/bridge_dose_recombination_curriculum/data/repair_train_dose2.jsonl",
    "repair_train_dose4": "experiments/bridge_dose_recombination_curriculum/data/repair_train_dose4.jsonl",
    "repair_train_dose8": "experiments/bridge_dose_recombination_curriculum/data/repair_train_dose8.jsonl"
  }
}
