{"step": 20, "loss": 0.6833, "pi_delta": 0.1189, "ref_delta": -0.0353, "reward_gap": 1.0, "pair_accuracy": 0.5}
{"step": 40, "loss": 0.6323, "pi_delta": -0.2629, "ref_delta": -0.8969, "reward_gap": 0.4991, "pair_accuracy": 0.5}
{"step": 60, "loss": 0.5521, "pi_delta": 1.1941, "ref_delta": -0.42, "reward_gap": 0.1271, "pair_accuracy": 0.5}
{"step": 80, "loss": 0.7377, "pi_delta": 0.3281, "ref_delta": 0.6129, "reward_gap": 1.4, "pair_accuracy": 0.5}
{"step": 100, "loss": 0.4395, "pi_delta": 0.7263, "ref_delta": -2.5325, "reward_gap": 0.9534, "pair_accuracy": 0.5}
{"step": 120, "loss": 0.4056, "pi_delta": 1.0329, "ref_delta": -3.1485, "reward_gap": 1.388, "pair_accuracy": 1.0}
{"step": 140, "loss": 0.4771, "pi_delta": 2.6464, "ref_delta": 0.1606, "reward_gap": 0.2817, "pair_accuracy": 0.5}
{"step": 160, "loss": 1.4354, "pi_delta": -2.9677, "ref_delta": 2.571, "reward_gap": 1.624, "pair_accuracy": 0.0}
{
  "batch_size": 2,
  "beta": 0.2,
  "grad_accum": 2,
  "learning_rate": 8e-05,
  "logs": [
    {
      "loss": 0.693250298500061,
      "pair_accuracy": 1.0,
      "pi_delta": 5.486617565155029,
      "ref_delta": 5.487642765045166,
      "reward_gap": 0.5059863328933716,
      "step": 1
    },
    {
      "loss": 0.8468965291976929,
      "pair_accuracy": 0.0,
      "pi_delta": -3.6976418495178223,
      "ref_delta": -2.263993740081787,
      "reward_gap": 0.3359881341457367,
      "step": 2
    },
    {
      "loss": 0.6289081573486328,
      "pair_accuracy": 1.0,
      "pi_delta": 1.8617922067642212,
      "ref_delta": 1.1477947235107422,
      "reward_gap": 0.16779398918151855,
      "step": 3
    },
    {
      "loss": 0.6738259792327881,
      "pair_accuracy": 1.0,
      "pi_delta": 0.7287998199462891,
      "ref_delta": 0.5318996906280518,
      "reward_gap": 1.3671934604644775,
      "step": 4
    },
    {
      "loss": 0.6863740086555481,
      "pair_accuracy": 0.5,
      "pi_delta": -0.38895511627197266,
      "ref_delta": -0.47154712677001953,
      "reward_gap": 0.5929751992225647,
      "step": 5
    },
    {
      "loss": 0.7841319441795349,
      "pair_accuracy": 0.5,
      "pi_delta": -1.6784948110580444,
      "ref_delta": -0.8067823648452759,
      "reward_gap": 0.4239984452724457,
      "step": 6
    },
    {
      "loss": 0.6892597675323486,
      "pair_accuracy": 0.5,
      "pi_delta": -0.5587253570556641,
      "ref_delta": -0.6004238128662109,
      "reward_gap": 0.4551226794719696,
      "step": 7
    },
    {
      "loss": 0.5952085256576538,
      "pair_accuracy": 1.0,
      "pi_delta": 1.317512035369873,
      "ref_delta": 0.26139163970947266,
      "reward_gap": 0.31970512866973877,
      "step": 8
    },
    {
      "loss": 0.8366144299507141,
      "pair_accuracy": 0.0,
      "pi_delta": -2.873934268951416,
      "ref_delta": -1.6914057731628418,
      "reward_gap": 0.21647970378398895,
      "step": 9
    },
    {
      "loss": 0.6489886045455933,
      "pair_accuracy": 0.5,
      "pi_delta": 0.354924738407135,
      "ref_delta": -0.14166736602783203,
      "reward_gap": 0.1534174680709839,
      "step": 10
    },
    {
      "loss": 0.6761073470115662,
      "pair_accuracy": 1.0,
      "pi_delta": 0.8931316137313843,
      "ref_delta": 0.7208271622657776,
      "reward_gap": 1.2429423332214355,
      "step": 11
    },
    {
      "loss": 0.5461543202400208,
      "pair_accuracy": 0.0,
      "pi_delta": -1.9598660469055176,
      "ref_delta": -3.5667691230773926,
      "reward_gap": 0.9562685489654541,
      "step": 12
    },
    {
      "loss": 0.6935185194015503,
      "pair_accuracy": 1.0,
      "pi_delta": 0.5752458572387695,
      "ref_delta": 0.2381420135498047,
      "reward_gap": 0.6724557280540466,
      "step": 13
    },
    {
      "loss": 0.6820864677429199,
      "pair_accuracy": 0.5,
      "pi_delta": -0.22863197326660156,
      "ref_delta": -0.34865427017211914,
      "reward_gap": 1.150329828262329,
      "step": 14
    },
    {
      "loss": 0.7449713349342346,
      "pair_accuracy": 1.0,
      "pi_delta": 0.27898263931274414,
      "ref_delta": 0.7431750297546387,
      "reward_gap": 0.676710307598114,
      "step": 15
    },
    {
      "loss": 0.7684295177459717,
      "pair_accuracy": 0.5,
      "pi_delta": 0.3963431715965271,
      "ref_delta": 1.1222507953643799,
      "reward_gap": 1.9036774635314941,
      "step": 16
    },
    {
      "loss": 0.869666576385498,
      "pair_accuracy": 0.5,
      "pi_delta": -0.20464420318603516,
      "ref_delta": 1.4276623725891113,
      "reward_gap": 0.49031734466552734,
      "step": 17
    },
    {
      "loss": 0.7453473806381226,
      "pair_accuracy": 0.5,
      "pi_delta": 0.6867303252220154,
      "ref_delta": 1.180419921875,
      "reward_gap": 0.3659019470214844,
      "step": 18
    },
    {
      "loss": 0.9219369888305664,
      "pair_accuracy": 0.5,
      "pi_delta": -0.06913328170776367,
      "ref_delta": 1.7700634002685547,
      "reward_gap": 0.2889171838760376,
      "step": 19
    },
    {
      "loss": 0.683261513710022,
      "pair_accuracy": 0.5,
      "pi_delta": 0.11885547637939453,
      "ref_delta": -0.03527235984802246,
      "reward_gap": 1.0,
      "step": 20
    },
    {
      "loss": 0.8256137371063232,
      "pair_accuracy": 0.0,
      "pi_delta": -0.4767117500305176,
      "ref_delta": 0.7699670791625977,
      "reward_gap": 0.5821542739868164,
      "step": 21
    },
    {
      "loss": 0.6901723146438599,
      "pair_accuracy": 1.0,
      "pi_delta": 1.2195825576782227,
      "ref_delta": 1.1391563415527344,
      "reward_gap": 0.39476150274276733,
      "step": 22
    },
    {
      "loss": 0.578388512134552,
      "pair_accuracy": 0.5,
      "pi_delta": -0.5428729057312012,
      "ref_delta": -1.8060983419418335,
      "reward_gap": 1.2862894535064697,
      "step": 23
    },
    {
      "loss": 0.6568136215209961,
      "pair_accuracy": 0.5,
      "pi_delta": 0.4629383087158203,
      "ref_delta": 0.02653878927230835,
      "reward_gap": 0.5627654790878296,
      "step": 24
    },
    {
      "loss": 0.8610453605651855,
      "pair_accuracy": 0.0,
      "pi_delta": -3.3750855922698975,
      "ref_delta": -1.8239549398422241,
      "reward_gap": 1.150160789489746,
      "step": 25
    },
    {
      "loss": 0.7241010069847107,
      "pair_accuracy": 1.0,
      "pi_delta": 0.7276344299316406,
      "ref_delta": 1.0287528038024902,
      "reward_gap": 0.15322834253311157,
      "step": 26
    },
    {
      "loss": 0.7268953323364258,
      "pair_accuracy": 0.5,
      "pi_delta": -0.3433089852333069,
      "ref_delta": -0.07903099060058594,
      "reward_gap": 0.7499085664749146,
      "step": 27
    },
    {
      "loss": 0.8577315211296082,
      "pair_accuracy": 0.5,
      "pi_delta": 1.9167094230651855,
      "ref_delta": 3.444695472717285,
      "reward_gap": 0.4717540144920349,
      "step": 28
    },
    {
      "loss": 0.8646515607833862,
      "pair_accuracy": 1.0,
      "pi_delta": 2.012267589569092,
      "ref_delta": 3.486833095550537,
      "reward_gap": 0.15524788200855255,
      "step": 29
    },
    {
      "loss": 0.4863942861557007,
      "pair_accuracy": 1.0,
      "pi_delta": 3.4102916717529297,
      "ref_delta": 1.0253186225891113,
      "reward_gap": 0.7164796590805054,
      "step": 30
    },
    {
      "loss": 0.8947839140892029,
      "pair_accuracy": 0.0,
      "pi_delta": -1.4003281593322754,
      "ref_delta": 0.4456433951854706,
      "reward_gap": 1.696158766746521,
      "step": 31
    },
    {
      "loss": 0.5939315557479858,
      "pair_accuracy": 0.5,
      "pi_delta": -0.10260963439941406,
      "ref_delta": -1.1495015621185303,
      "reward_gap": 0.6961587071418762,
      "step": 32
    },
    {
      "loss": 0.584923267364502,
      "pair_accuracy": 1.0,
      "pi_delta": 0.3478880524635315,
      "ref_delta": -0.8044309616088867,
      "reward_gap": 0.7180545330047607,
      "step": 33
    },
    {
      "loss": 1.002139925956726,
      "pair_accuracy": 0.5,
      "pi_delta": -1.2207918167114258,
      "ref_delta": 1.3804421424865723,
      "reward_gap": 0.7721602916717529,
      "step": 34
    },
    {
      "loss": 0.7573468685150146,
      "pair_accuracy": 0.5,
      "pi_delta": -2.1312789916992188,
      "ref_delta": -1.6486334800720215,
      "reward_gap": 0.4492211639881134,
      "step": 35
    },
    {
      "loss": 0.6675705909729004,
      "pair_accuracy": 0.0,
      "pi_delta": -0.1801753044128418,
      "ref_delta": -0.4715547561645508,
      "reward_gap": 1.2254128456115723,
      "step": 36
    },
    {
      "loss": 0.7793022394180298,
      "pair_accuracy": 0.5,
      "pi_delta": -0.6166768074035645,
      "ref_delta": 0.2069501280784607,
      "reward_gap": 0.09510600566864014,
      "step": 37
    },
    {
      "loss": 0.7814327478408813,
      "pair_accuracy": 0.0,
      "pi_delta": -0.3398128151893616,
      "ref_delta": 0.5001797676086426,
      "reward_gap": 1.5,
      "step": 38
    },
    {
      "loss": 0.8814189434051514,
      "pair_accuracy": 0.5,
      "pi_delta": -0.049706995487213135,
      "ref_delta": 1.6519737243652344,
      "reward_gap": 2.311218738555908,
      "step": 39
    },
    {
      "loss": 0.6322823762893677,
      "pair_accuracy": 0.5,
      "pi_delta": -0.26292848587036133,
      "ref_delta": -0.8968659043312073,
      "reward_gap": 0.49906134605407715,
      "step": 40
    },
    {
      "loss": 0.7083742618560791,
      "pair_accuracy": 1.0,
      "pi_delta": 1.227250576019287,
      "ref_delta": 1.344091534614563,
      "reward_gap": 1.7588629722595215,
      "step": 41
    },
    {
      "loss": 0.5918642282485962,
      "pair_accuracy": 0.5,
      "pi_delta": 0.9090789556503296,
      "ref_delta": -0.6091504096984863,
      "reward_gap": 0.533557116985321,
      "step": 42
    },
    {
      "loss": 0.857006311416626,
      "pair_accuracy": 0.5,
      "pi_delta": 0.4592585563659668,
      "ref_delta": 1.960587978363037,
      "reward_gap": 0.7427133917808533,
      "step": 43
    },
    {
      "loss": 0.7231978178024292,
      "pair_accuracy": 0.5,
      "pi_delta": 0.24436324834823608,
      "ref_delta": 0.5105533599853516,
      "reward_gap": 0.6268540024757385,
      "step": 44
    },
    {
      "loss": 0.5120080709457397,
      "pair_accuracy": 0.5,
      "pi_delta": 1.5786798000335693,
      "ref_delta": -0.6980180740356445,
      "reward_gap": 0.14299777150154114,
      "step": 45
    },
    {
      "loss": 0.6728392243385315,
      "pair_accuracy": 0.0,
      "pi_delta": -0.22071456909179688,
      "ref_delta": -0.44960880279541016,
      "reward_gap": 0.3007972240447998,
      "step": 46
    },
    {
      "loss": 0.5781540870666504,
      "pair_accuracy": 0.5,
      "pi_delta": 0.7210426330566406,
      "ref_delta": -0.5643572211265564,
      "reward_gap": 0.6341237425804138,
      "step": 47
    },
    {
      "loss": 0.5289732217788696,
      "pair_accuracy": 1.0,
      "pi_delta": 2.587456464767456,
      "ref_delta": 0.4578518867492676,
      "reward_gap": 0.7924812436103821,
      "step": 48
    },
    {
      "loss": 0.5967413187026978,
      "pair_accuracy": 1.0,
      "pi_delta": 5.824239253997803,
      "ref_delta": 3.851085901260376,
      "reward_gap": 0.7075187563896179,
      "step": 49
    },
    {
      "loss": 0.5217671394348145,
      "pair_accuracy": 1.0,
      "pi_delta": 2.635904312133789,
      "ref_delta": 0.722813606262207,
      "reward_gap": 0.5107665657997131,
      "step": 50
    },
    {
      "loss": 0.6542662382125854,
      "pair_accuracy": 0.5,
      "pi_delta": -0.6657233238220215,
      "ref_delta": -1.0632299184799194,
      "reward_gap": 0.7830422520637512,
      "step": 51
    },
    {
      "loss": 0.39984843134880066,
      "pair_accuracy": 1.0,
      "pi_delta": 3.174492359161377,
      "ref_delta": -0.7570762038230896,
      "reward_gap": 0.43622496724128723,
      "step": 52
    },
    {
      "loss": 0.8616029024124146,
      "pair_accuracy": 0.5,
      "pi_delta": -1.4203283786773682,
      "ref_delta": -0.02322244644165039,
      "reward_gap": 0.42569273710250854,
      "step": 53
    },
    {
      "loss": 0.8005154132843018,
      "pair_accuracy": 0.0,
      "pi_delta": -1.5765199661254883,
      "ref_delta": -0.5573267936706543,
      "reward_gap": 1.8581035137176514,
      "step": 54
    },
    {
      "loss": 1.0856750011444092,
      "pair_accuracy": 0.5,
      "pi_delta": -2.7817749977111816,
      "ref_delta": 0.06578660011291504,
      "reward_gap": 0.09346571564674377,
      "step": 55
    },
    {
      "loss": 0.5637167692184448,
      "pair_accuracy": 0.5,
      "pi_delta": 1.4109034538269043,
      "ref_delta": -0.23132085800170898,
      "reward_gap": 0.9236405491828918,
      "step": 56
    },
    {
      "loss": 0.7701964378356934,
      "pair_accuracy": 0.0,
      "pi_delta": -0.6064099669456482,
      "ref_delta": 0.11454004049301147,
      "reward_gap": 0.7411726713180542,
      "step": 57
    },
    {
      "loss": 1.2045680284500122,
      "pair_accuracy": 0.0,
      "pi_delta": -4.340676307678223,
      "ref_delta": -0.1174764633178711,
      "reward_gap": 1.1008169651031494,
      "step": 58
    },
    {
      "loss": 0.6171330213546753,
      "pair_accuracy": 0.5,
      "pi_delta": 1.0496273040771484,
      "ref_delta": 0.21460485458374023,
      "reward_gap": 0.2569979727268219,
      "step": 59
    },
    {
      "loss": 0.5520866513252258,
      "pair_accuracy": 0.5,
      "pi_delta": 1.1941094398498535,
      "ref_delta": -0.419979989528656,
      "reward_gap": 0.12708315253257751,
      "step": 60
    },
    {
      "loss": 0.9655472040176392,
      "pair_accuracy": 0.0,
      "pi_delta": -3.2445569038391113,
      "ref_delta": -0.8611297607421875,
      "reward_gap": 0.5025808215141296,
      "step": 61
    },
    {
      "loss": 0.26907065510749817,
      "pair_accuracy": 1.0,
      "pi_delta": 11.60619831085205,
      "ref_delta": 3.3052241802215576,
      "reward_gap": 0.31414496898651123,
      "step": 62
    },
    {
      "loss": 0.826788067817688,
      "pair_accuracy": 1.0,
      "pi_delta": 2.0258126258850098,
      "ref_delta": 3.273104667663574,
      "reward_gap": 0.16337256133556366,
      "step": 63
    },
    {
      "loss": 1.5672638416290283,
      "pair_accuracy": 0.5,
      "pi_delta": -9.066472053527832,
      "ref_delta": -3.2507636547088623,
      "reward_gap": 0.5996544361114502,
      "step": 64
    },
    {
      "loss": 1.2680047750473022,
      "pair_accuracy": 0.5,
      "pi_delta": -0.7158327102661133,
      "ref_delta": 0.9129841327667236,
      "reward_gap": 0.5307002663612366,
      "step": 65
    },
    {
      "loss": 0.7634093761444092,
      "pair_accuracy": 0.5,
      "pi_delta": -1.7482600212097168,
      "ref_delta": -1.0805449485778809,
      "reward_gap": 0.15266850590705872,
      "step": 66
    },
    {
      "loss": 0.8484809398651123,
      "pair_accuracy": 0.0,
      "pi_delta": -3.8083837032318115,
      "ref_delta": -2.75730562210083,
      "reward_gap": 0.6672095060348511,
      "step": 67
    },
    {
      "loss": 1.5328540802001953,
      "pair_accuracy": 0.0,
      "pi_delta": -5.877069473266602,
      "ref_delta": 0.5594511032104492,
      "reward_gap": 0.5475786328315735,
      "step": 68
    },
    {
      "loss": 0.72761470079422,
      "pair_accuracy": 0.0,
      "pi_delta": -0.7304730415344238,
      "ref_delta": -0.3932476043701172,
      "reward_gap": 0.953445315361023,
      "step": 69
    },
    {
      "loss": 1.0014292001724243,
      "pair_accuracy": 0.0,
      "pi_delta": -1.776357650756836,
      "ref_delta": 0.9376860857009888,
      "reward_gap": 0.6081339716911316,
      "step": 70
    },
    {
      "loss": 0.7089810967445374,
      "pair_accuracy": 0.5,
      "pi_delta": 0.48400115966796875,
      "ref_delta": 0.09031486511230469,
      "reward_gap": 0.5260442495346069,
      "step": 71
    },
    {
      "loss": 0.6864094734191895,
      "pair_accuracy": 0.0,
      "pi_delta": -1.3668766021728516,
      "ref_delta": -1.4468488693237305,
      "reward_gap": 0.840465784072876,
      "step": 72
    },
    {
      "loss": 0.8453565239906311,
      "pair_accuracy": 0.5,
      "pi_delta": -1.3269338607788086,
      "ref_delta": 0.08736234903335571,
      "reward_gap": 0.3337123394012451,
      "step": 73
    },
    {
      "loss": 0.9402928352355957,
      "pair_accuracy": 0.5,
      "pi_delta": -0.8844451904296875,
      "ref_delta": 1.1726155281066895,
      "reward_gap": 0.2505970895290375,
      "step": 74
    },
    {
      "loss": 0.7278072834014893,
      "pair_accuracy": 1.0,
      "pi_delta": 0.40600156784057617,
      "ref_delta": 0.657292366027832,
      "reward_gap": 0.2500368058681488,
      "step": 75
    },
    {
      "loss": 0.5006074905395508,
      "pair_accuracy": 1.0,
      "pi_delta": 4.6157355308532715,
      "ref_delta": 1.4151484966278076,
      "reward_gap": 1.0849624872207642,
      "step": 76
    },
    {
      "loss": 0.475973904132843,
      "pair_accuracy": 0.5,
      "pi_delta": -2.0415291786193848,
      "ref_delta": -4.60292387008667,
      "reward_gap": 0.5949406623840332,
      "step": 77
    },
    {
      "loss": 0.8039830923080444,
      "pair_accuracy": 1.0,
      "pi_delta": 1.6286334991455078,
      "ref_delta": 2.3231794834136963,
      "reward_gap": 0.7427133917808533,
      "step": 78
    },
    {
      "loss": 0.7269483208656311,
      "pair_accuracy": 0.5,
      "pi_delta": 0.13710308074951172,
      "ref_delta": 0.23174530267715454,
      "reward_gap": 0.7392773628234863,
      "step": 79
    },
    {
      "loss": 0.7376775741577148,
      "pair_accuracy": 0.5,
      "pi_delta": 0.32812070846557617,
      "ref_delta": 0.6128936409950256,
      "reward_gap": 1.3999876976013184,
      "step": 80
    },
    {
      "loss": 0.6686756014823914,
      "pair_accuracy": 0.5,
      "pi_delta": 0.5967735648155212,
      "ref_delta": 0.27831220626831055,
      "reward_gap": 0.17994797229766846,
      "step": 81
    },
    {
      "loss": 1.550635576248169,
      "pair_accuracy": 0.0,
      "pi_delta": -1.3332338333129883,
      "ref_delta": 4.904967784881592,
      "reward_gap": 0.7427133917808533,
      "step": 82
    },
    {
      "loss": 0.7620304226875305,
      "pair_accuracy": 0.5,
      "pi_delta": -0.15964174270629883,
      "ref_delta": 0.2496037483215332,
      "reward_gap": 1.3888038396835327,
      "step": 83
    },
    {
      "loss": 0.7869992256164551,
      "pair_accuracy": 0.5,
      "pi_delta": -0.7809010148048401,
      "ref_delta": 0.10511016845703125,
      "reward_gap": 0.6111962199211121,
      "step": 84
    },
    {
      "loss": 0.87946617603302,
      "pair_accuracy": 0.5,
      "pi_delta": -0.3177828788757324,
      "ref_delta": 1.392045021057129,
      "reward_gap": 0.4917559325695038,
      "step": 85
    },
    {
      "loss": 1.0344210863113403,
      "pair_accuracy": 0.0,
      "pi_delta": -0.4740667939186096,
      "ref_delta": 2.035860061645508,
      "reward_gap": 0.5515467524528503,
      "step": 86
    },
    {
      "loss": 0.6723073720932007,
      "pair_accuracy": 0.5,
      "pi_delta": 0.19791889190673828,
      "ref_delta": -0.024385452270507812,
      "reward_gap": 1.6422266960144043,
      "step": 87
    },
    {
      "loss": 0.6597505807876587,
      "pair_accuracy": 0.5,
      "pi_delta": 0.14649581909179688,
      "ref_delta": -0.19631338119506836,
      "reward_gap": 1.1983294486999512,
      "step": 88
    },
    {
      "loss": 0.6190977096557617,
      "pair_accuracy": 0.5,
      "pi_delta": 0.16445159912109375,
      "ref_delta": -0.6319116950035095,
      "reward_gap": 0.7366429567337036,
      "step": 89
    },
    {
      "loss": 0.9539082050323486,
      "pair_accuracy": 1.0,
      "pi_delta": 1.2924127578735352,
      "ref_delta": 3.413968086242676,
      "reward_gap": 1.3440279960632324,
      "step": 90
    },
    {
      "loss": 0.6411740183830261,
      "pair_accuracy": 0.0,
      "pi_delta": -0.7174739241600037,
      "ref_delta": -1.2545113563537598,
      "reward_gap": 0.13792921602725983,
      "step": 91
    },
    {
      "loss": 0.556236207485199,
      "pair_accuracy": 0.0,
      "pi_delta": -0.8625249266624451,
      "ref_delta": -2.420522689819336,
      "reward_gap": 0.5611677765846252,
      "step": 92
    },
    {
      "loss": 0.916492223739624,
      "pair_accuracy": 0.5,
      "pi_delta": 0.4016643166542053,
      "ref_delta": 2.2379040718078613,
      "reward_gap": 0.5307002663612366,
      "step": 93
    },
    {
      "loss": 0.8324483036994934,
      "pair_accuracy": 0.5,
      "pi_delta": 0.03819805383682251,
      "ref_delta": 1.3349096775054932,
      "reward_gap": 0.6656029224395752,
      "step": 94
    },
    {
      "loss": 0.6009721159934998,
      "pair_accuracy": 0.0,
      "pi_delta": -0.2725691795349121,
      "ref_delta": -1.2503814697265625,
      "reward_gap": 0.5347790122032166,
      "step": 95
    },
    {
      "loss": 0.609417736530304,
      "pair_accuracy": 1.0,
      "pi_delta": 0.8067488670349121,
      "ref_delta": -0.07997941970825195,
      "reward_gap": 0.6132542490959167,
      "step": 96
    },
    {
      "loss": 0.8222440481185913,
      "pair_accuracy": 0.5,
      "pi_delta": 0.23992788791656494,
      "ref_delta": 1.4247140884399414,
      "reward_gap": 0.5319467782974243,
      "step": 97
    },
    {
      "loss": 0.5452617406845093,
      "pair_accuracy": 0.5,
      "pi_delta": -0.029924869537353516,
      "ref_delta": -1.8028545379638672,
      "reward_gap": 0.22709794342517853,
      "step": 98
    },
    {
      "loss": 0.6895067095756531,
      "pair_accuracy": 0.0,
      "pi_delta": -1.4270601272583008,
      "ref_delta": -1.5426034927368164,
      "reward_gap": 0.7275266051292419,
      "step": 99
    },
    {
      "loss": 0.43945109844207764,
      "pair_accuracy": 0.5,
      "pi_delta": 0.7263216972351074,
      "ref_delta": -2.5324888229370117,
      "reward_gap": 0.953445315361023,
      "step": 100
    },
    {
      "loss": 0.8528991937637329,
      "pair_accuracy": 0.5,
      "pi_delta": -0.8020205497741699,
      "ref_delta": 0.6323804259300232,
      "reward_gap": 1.6914544105529785,
      "step": 101
    },
    {
      "loss": 0.979266345500946,
      "pair_accuracy": 1.0,
      "pi_delta": 0.244873046875,
      "ref_delta": 1.8983765840530396,
      "reward_gap": 0.45344528555870056,
      "step": 102
    },
    {
      "loss": 0.8682607412338257,
      "pair_accuracy": 0.5,
      "pi_delta": -0.41522741317749023,
      "ref_delta": 1.1793808937072754,
      "reward_gap": 0.2955508232116699,
      "step": 103
    },
    {
      "loss": 0.49368947744369507,
      "pair_accuracy": 1.0,
      "pi_delta": 0.6306676268577576,
      "ref_delta": -2.10748291015625,
      "reward_gap": 0.21066045761108398,
      "step": 104
    },
    {
      "loss": 0.778603196144104,
      "pair_accuracy": 0.5,
      "pi_delta": -0.7375001907348633,
      "ref_delta": 0.05947303771972656,
      "reward_gap": 0.3703325390815735,
      "step": 105
    },
    {
      "loss": 0.7033562064170837,
      "pair_accuracy": 0.0,
      "pi_delta": -0.32422447204589844,
      "ref_delta": -0.2436419129371643,
      "reward_gap": 0.3222021162509918,
      "step": 106
    },
    {
      "loss": 0.7514901161193848,
      "pair_accuracy": 0.0,
      "pi_delta": -0.5967340469360352,
      "ref_delta": -0.032808780670166016,
      "reward_gap": 0.5930675864219666,
      "step": 107
    },
    {
      "loss": 0.7862945795059204,
      "pair_accuracy": 1.0,
      "pi_delta": 1.611847996711731,
      "ref_delta": 2.4714298248291016,
      "reward_gap": 0.5760015249252319,
      "step": 108
    },
    {
      "loss": 0.8787262439727783,
      "pair_accuracy": 0.0,
      "pi_delta": -0.701024055480957,
      "ref_delta": 0.9825019836425781,
      "reward_gap": 0.8964161276817322,
      "step": 109
    },
    {
      "loss": 1.0085773468017578,
      "pair_accuracy": 1.0,
      "pi_delta": 0.6619043350219727,
      "ref_delta": 3.3729701042175293,
      "reward_gap": 0.24150004982948303,
      "step": 110
    },
    {
      "loss": 0.6488170623779297,
      "pair_accuracy": 0.0,
      "pi_delta": -0.14664411544799805,
      "ref_delta": -0.6619777679443359,
      "reward_gap": 0.17396165430545807,
      "step": 111
    },
    {
      "loss": 0.7501810789108276,
      "pair_accuracy": 0.5,
      "pi_delta": -0.009204328060150146,
      "ref_delta": 0.4927826523780823,
      "reward_gap": 0.30597150325775146,
      "step": 112
    },
    {
      "loss": 0.7285178899765015,
      "pair_accuracy": 0.0,
      "pi_delta": -0.7436614036560059,
      "ref_delta": -0.4283246397972107,
      "reward_gap": 0.16519483923912048,
      "step": 113
    },
    {
      "loss": 0.7235641479492188,
      "pair_accuracy": 0.5,
      "pi_delta": -0.12432861328125,
      "ref_delta": 0.012602806091308594,
      "reward_gap": 1.5178120136260986,
      "step": 114
    },
    {
      "loss": 0.732841432094574,
      "pair_accuracy": 0.5,
      "pi_delta": 0.5095134377479553,
      "ref_delta": 0.7816166877746582,
      "reward_gap": 0.26174959540367126,
      "step": 115
    },
    {
      "loss": 0.6614047884941101,
      "pair_accuracy": 1.0,
      "pi_delta": 0.2129378318786621,
      "ref_delta": -0.3484916687011719,
      "reward_gap": 0.40971386432647705,
      "step": 116
    },
    {
      "loss": 0.8843671083450317,
      "pair_accuracy": 1.0,
      "pi_delta": 0.3953418731689453,
      "ref_delta": 1.947648286819458,
      "reward_gap": 0.7489792704582214,
      "step": 117
    },
    {
      "loss": 0.7553468942642212,
      "pair_accuracy": 0.5,
      "pi_delta": -0.08023399114608765,
      "ref_delta": 0.5057101249694824,
      "reward_gap": 0.14844577014446259,
      "step": 118
    },
    {
      "loss": 0.762428879737854,
      "pair_accuracy": 0.0,
      "pi_delta": -0.13518625497817993,
      "ref_delta": 0.4058108329772949,
      "reward_gap": 0.4239984452724457,
      "step": 119
    },
    {
      "loss": 0.405634343624115,
      "pair_accuracy": 1.0,
      "pi_delta": 1.032930850982666,
      "ref_delta": -3.1485447883605957,
      "reward_gap": 1.387976050376892,
      "step": 120
    },
    {
      "loss": 0.5928995609283447,
      "pair_accuracy": 1.0,
      "pi_delta": 1.1170425415039062,
      "ref_delta": 0.058279991149902344,
      "reward_gap": 0.14394477009773254,
      "step": 121
    },
    {
      "loss": 0.6334888935089111,
      "pair_accuracy": 0.0,
      "pi_delta": -0.590879499912262,
      "ref_delta": -1.208338737487793,
      "reward_gap": 0.8479969501495361,
      "step": 122
    },
    {
      "loss": 0.6284236907958984,
      "pair_accuracy": 1.0,
      "pi_delta": 1.270768165588379,
      "ref_delta": 0.5993061065673828,
      "reward_gap": 0.2257397472858429,
      "step": 123
    },
    {
      "loss": 0.9772279262542725,
      "pair_accuracy": 0.5,
      "pi_delta": 0.42606067657470703,
      "ref_delta": 2.913595199584961,
      "reward_gap": 1.1401655673980713,
      "step": 124
    },
    {
      "loss": 0.6813644170761108,
      "pair_accuracy": 0.0,
      "pi_delta": -0.6337213516235352,
      "ref_delta": -0.8225535750389099,
      "reward_gap": 0.3095698058605194,
      "step": 125
    },
    {
      "loss": 0.8051172494888306,
      "pair_accuracy": 0.0,
      "pi_delta": -1.7119660377502441,
      "ref_delta": -0.7421349883079529,
      "reward_gap": 0.21333354711532593,
      "step": 126
    },
    {
      "loss": 0.8717963695526123,
      "pair_accuracy": 0.0,
      "pi_delta": -2.215320587158203,
      "ref_delta": -0.6199083924293518,
      "reward_gap": 0.46528318524360657,
      "step": 127
    },
    {
      "loss": 0.6611194014549255,
      "pair_accuracy": 0.5,
      "pi_delta": 1.2342910766601562,
      "ref_delta": 0.8885374069213867,
      "reward_gap": 0.14138251543045044,
      "step": 128
    },
    {
      "loss": 0.9903568029403687,
      "pair_accuracy": 0.0,
      "pi_delta": -2.138110637664795,
      "ref_delta": 0.3649892807006836,
      "reward_gap": 1.3999167680740356,
      "step": 129
    },
    {
      "loss": 0.8371211290359497,
      "pair_accuracy": 0.5,
      "pi_delta": 0.0037331581115722656,
      "ref_delta": 1.2973856925964355,
      "reward_gap": 1.6483999490737915,
      "step": 130
    },
    {
      "loss": 0.6160141825675964,
      "pair_accuracy": 0.5,
      "pi_delta": 1.0550551414489746,
      "ref_delta": 0.20461314916610718,
      "reward_gap": 1.7447224855422974,
      "step": 131
    },
    {
      "loss": 0.582263708114624,
      "pair_accuracy": 0.5,
      "pi_delta": 1.1995282173156738,
      "ref_delta": -0.11482000350952148,
      "reward_gap": 0.3507021963596344,
      "step": 132
    },
    {
      "loss": 0.5188615322113037,
      "pair_accuracy": 1.0,
      "pi_delta": 2.183826446533203,
      "ref_delta": 0.18808650970458984,
      "reward_gap": 1.0227984189987183,
      "step": 133
    },
    {
      "loss": 1.3964190483093262,
      "pair_accuracy": 0.0,
      "pi_delta": -1.5975823402404785,
      "ref_delta": 3.749264717102051,
      "reward_gap": 1.2781966924667358,
      "step": 134
    },
    {
      "loss": 0.6558821201324463,
      "pair_accuracy": 0.5,
      "pi_delta": 0.0922861099243164,
      "ref_delta": -0.3395434617996216,
      "reward_gap": 1.7057398557662964,
      "step": 135
    },
    {
      "loss": 0.6032127737998962,
      "pair_accuracy": 0.5,
      "pi_delta": 1.9517645835876465,
      "ref_delta": 0.8698105812072754,
      "reward_gap": 0.33579790592193604,
      "step": 136
    },
    {
      "loss": 0.4824947416782379,
      "pair_accuracy": 1.0,
      "pi_delta": 1.5615997314453125,
      "ref_delta": -0.8620715737342834,
      "reward_gap": 0.34905481338500977,
      "step": 137
    },
    {
      "loss": 0.6403480172157288,
      "pair_accuracy": 0.5,
      "pi_delta": 0.9463095664978027,
      "ref_delta": 0.36631107330322266,
      "reward_gap": 0.12050405144691467,
      "step": 138
    },
    {
      "loss": 0.793633222579956,
      "pair_accuracy": 0.5,
      "pi_delta": 0.20881032943725586,
      "ref_delta": 0.7664245963096619,
      "reward_gap": 1.0307003259658813,
      "step": 139
    },
    {
      "loss": 0.4771135449409485,
      "pair_accuracy": 0.5,
      "pi_delta": 2.6464037895202637,
      "ref_delta": 0.16057288646697998,
      "reward_gap": 0.28171467781066895,
      "step": 140
    },
    {
      "loss": 0.5286800265312195,
      "pair_accuracy": 0.5,
      "pi_delta": 2.0585436820983887,
      "ref_delta": -1.5953264236450195,
      "reward_gap": 0.1379709541797638,
      "step": 141
    },
    {
      "loss": 0.9540055990219116,
      "pair_accuracy": 0.0,
      "pi_delta": -3.447859287261963,
      "ref_delta": -1.3021302223205566,
      "reward_gap": 1.7564464807510376,
      "step": 142
    },
    {
      "loss": 0.9186635613441467,
      "pair_accuracy": 0.0,
      "pi_delta": -3.244393825531006,
      "ref_delta": -1.1973438262939453,
      "reward_gap": 0.18863803148269653,
      "step": 143
    },
    {
      "loss": 0.665027379989624,
      "pair_accuracy": 0.5,
      "pi_delta": 1.186650276184082,
      "ref_delta": 0.03811192512512207,
      "reward_gap": 0.2042098045349121,
      "step": 144
    },
    {
      "loss": 0.9098864793777466,
      "pair_accuracy": 0.0,
      "pi_delta": -2.3763933181762695,
      "ref_delta": -0.4919710159301758,
      "reward_gap": 1.0497678518295288,
      "step": 145
    },
    {
      "loss": 0.5746810436248779,
      "pair_accuracy": 1.0,
      "pi_delta": 1.2104530334472656,
      "ref_delta": -0.09742218255996704,
      "reward_gap": 0.20422600209712982,
      "step": 146
    },
    {
      "loss": 0.5605496168136597,
      "pair_accuracy": 0.5,
      "pi_delta": 0.2588791847229004,
      "ref_delta": -2.9520153999328613,
      "reward_gap": 0.6187201142311096,
      "step": 147
    },
    {
      "loss": 0.9795428514480591,
      "pair_accuracy": 0.5,
      "pi_delta": -0.5031647682189941,
      "ref_delta": 1.7796893119812012,
      "reward_gap": 0.07841749489307404,
      "step": 148
    },
    {
      "loss": 0.5125060677528381,
      "pair_accuracy": 0.5,
      "pi_delta": 0.4688557982444763,
      "ref_delta": -1.566638469696045,
      "reward_gap": 0.13117215037345886,
      "step": 149
    },
    {
      "loss": 0.9125330448150635,
      "pair_accuracy": 0.5,
      "pi_delta": 1.2198033332824707,
      "ref_delta": 3.085875988006592,
      "reward_gap": 0.8485860228538513,
      "step": 150
    },
    {
      "loss": 0.6702243089675903,
      "pair_accuracy": 1.0,
      "pi_delta": 1.5667085647583008,
      "ref_delta": 1.3283686637878418,
      "reward_gap": 0.6609640121459961,
      "step": 151
    },
    {
      "loss": 0.4572804570198059,
      "pair_accuracy": 1.0,
      "pi_delta": 1.0733518600463867,
      "ref_delta": -1.7934752702713013,
      "reward_gap": 0.12140194326639175,
      "step": 152
    },
    {
      "loss": 0.8199501037597656,
      "pair_accuracy": 0.5,
      "pi_delta": -0.15522810816764832,
      "ref_delta": 0.9556715488433838,
      "reward_gap": 0.372713565826416,
      "step": 153
    },
    {
      "loss": 0.7000565528869629,
      "pair_accuracy": 0.5,
      "pi_delta": 0.011293411254882812,
      "ref_delta": -0.12611150741577148,
      "reward_gap": 1.434983491897583,
      "step": 154
    },
    {
      "loss": 0.8107465505599976,
      "pair_accuracy": 0.5,
      "pi_delta": 0.3243746757507324,
      "ref_delta": 1.4331769943237305,
      "reward_gap": 0.6431194543838501,
      "step": 155
    },
    {
      "loss": 0.54270339012146,
      "pair_accuracy": 1.0,
      "pi_delta": 2.211423397064209,
      "ref_delta": 0.5317816734313965,
      "reward_gap": 1.7258726358413696,
      "step": 156
    },
    {
      "loss": 0.6041915416717529,
      "pair_accuracy": 0.5,
      "pi_delta": -0.10350370407104492,
      "ref_delta": -1.21516752243042,
      "reward_gap": 1.160964012145996,
      "step": 157
    },
    {
      "loss": 0.6088282465934753,
      "pair_accuracy": 0.5,
      "pi_delta": 0.4174208641052246,
      "ref_delta": -1.0984349250793457,
      "reward_gap": 1.2822039127349854,
      "step": 158
    },
    {
      "loss": 0.7042350172996521,
      "pair_accuracy": 0.5,
      "pi_delta": 0.22951465845108032,
      "ref_delta": 0.3228740692138672,
      "reward_gap": 1.0,
      "step": 159
    },
    {
      "loss": 1.435415506362915,
      "pair_accuracy": 0.0,
      "pi_delta": -2.967714309692383,
      "ref_delta": 2.57098388671875,
      "reward_gap": 1.6239638328552246,
      "step": 160
    }
  ],
  "max_length": 2048,
  "max_steps": 160,
  "method": "process_dpo_over_verifier_preference_pairs",
  "preference_pairs": 1138,
  "raw_train_states": 1138,
  "shuffle_rewards": true
}
