[1/9] task_id=16 entry=text_lowercase_underscore
  candidates=16 visible_pass=4 hidden_solved=True elapsed=0.46s
[2/9] task_id=26 entry=check_k_elements
  candidates=13 visible_pass=3 hidden_solved=True elapsed=0.376s
[3/9] task_id=31 entry=func
  candidates=13 visible_pass=1 hidden_solved=True elapsed=0.37s
[4/9] task_id=39 entry=rearange_string
  candidates=15 visible_pass=1 hidden_solved=True elapsed=0.421s
[5/9] task_id=43 entry=text_match
  candidates=16 visible_pass=4 hidden_solved=True elapsed=0.453s
[6/9] task_id=44 entry=text_match_string
  candidates=16 visible_pass=4 hidden_solved=True elapsed=0.446s
[7/9] task_id=48 entry=odd_bit_set_number
  candidates=15 visible_pass=1 hidden_solved=True elapsed=0.404s
[8/9] task_id=60 entry=max_len_sub
  candidates=13 visible_pass=2 hidden_solved=True elapsed=0.36s
[9/9] task_id=77 entry=is_Diff
  candidates=15 visible_pass=2 hidden_solved=True elapsed=0.427s
wrote data/pilot_manual_v2_results.jsonl
wrote reports/pilot_manual_v2_summary.json
