{
  "losses": [
    {
      "heldout_task_id": 11,
      "losses": [
        {
          "epoch": 0,
          "loss": 1.0966894626617432,
          "train_acc": 0.260869562625885
        },
        {
          "epoch": 40,
          "loss": 0.08385508507490158,
          "train_acc": 1.0
        },
        {
          "epoch": 80,
          "loss": 0.0425223782658577,
          "train_acc": 1.0
        },
        {
          "epoch": 120,
          "loss": 0.028608452528715134,
          "train_acc": 1.0
        },
        {
          "epoch": 159,
          "loss": 0.02135499194264412,
          "train_acc": 1.0
        }
      ]
    },
    {
      "heldout_task_id": 12,
      "losses": [
        {
          "epoch": 0,
          "loss": 1.4101696014404297,
          "train_acc": 0.043478261679410934
        },
        {
          "epoch": 40,
          "loss": 0.10287032276391983,
          "train_acc": 1.0
        },
        {
          "epoch": 80,
          "loss": 0.04991019517183304,
          "train_acc": 1.0
        },
        {
          "epoch": 120,
          "loss": 0.03293881565332413,
          "train_acc": 1.0
        },
        {
          "epoch": 159,
          "loss": 0.02435942366719246,
          "train_acc": 1.0
        }
      ]
    },
    {
      "heldout_task_id": 13,
      "losses": [
        {
          "epoch": 0,
          "loss": 1.3522655963897705,
          "train_acc": 0.043478261679410934
        },
        {
          "epoch": 40,
          "loss": 0.08936627954244614,
          "train_acc": 1.0
        },
        {
          "epoch": 80,
          "loss": 0.045321960002183914,
          "train_acc": 1.0
        },
        {
          "epoch": 120,
          "loss": 0.030354835093021393,
          "train_acc": 1.0
        },
        {
          "epoch": 159,
          "loss": 0.022536765784025192,
          "train_acc": 1.0
        }
      ]
    },
    {
      "heldout_task_id": 14,
      "losses": [
        {
          "epoch": 0,
          "loss": 1.4128607511520386,
          "train_acc": 0.17391304671764374
        },
        {
          "epoch": 40,
          "loss": 0.10305488854646683,
          "train_acc": 1.0
        },
        {
          "epoch": 80,
          "loss": 0.052714984863996506,
          "train_acc": 1.0
        },
        {
          "epoch": 120,
          "loss": 0.03525516018271446,
          "train_acc": 1.0
        },
        {
          "epoch": 159,
          "loss": 0.026190761476755142,
          "train_acc": 1.0
        }
      ]
    },
    {
      "heldout_task_id": 15,
      "losses": [
        {
          "epoch": 0,
          "loss": 1.2078962326049805,
          "train_acc": 0.17391304671764374
        },
        {
          "epoch": 40,
          "loss": 0.08476323634386063,
          "train_acc": 1.0
        },
        {
          "epoch": 80,
          "loss": 0.043342333287000656,
          "train_acc": 1.0
        },
        {
          "epoch": 120,
          "loss": 0.028830111026763916,
          "train_acc": 1.0
        },
        {
          "epoch": 159,
          "loss": 0.021320385858416557,
          "train_acc": 1.0
        }
      ]
    },
    {
      "heldout_task_id": 16,
      "losses": [
        {
          "epoch": 0,
          "loss": 0.8220565915107727,
          "train_acc": 0.739130437374115
        },
        {
          "epoch": 40,
          "loss": 0.06564603745937347,
          "train_acc": 1.0
        },
        {
          "epoch": 80,
          "loss": 0.032026637345552444,
          "train_acc": 1.0
        },
        {
          "epoch": 120,
          "loss": 0.020960452035069466,
          "train_acc": 1.0
        },
        {
          "epoch": 159,
          "loss": 0.015412886627018452,
          "train_acc": 1.0
        }
      ]
    },
    {
      "heldout_task_id": 17,
      "losses": [
        {
          "epoch": 0,
          "loss": 1.0256191492080688,
          "train_acc": 0.6086956262588501
        },
        {
          "epoch": 40,
          "loss": 0.07249116897583008,
          "train_acc": 1.0
        },
        {
          "epoch": 80,
          "loss": 0.03576590493321419,
          "train_acc": 1.0
        },
        {
          "epoch": 120,
          "loss": 0.023656275123357773,
          "train_acc": 1.0
        },
        {
          "epoch": 159,
          "loss": 0.017484286800026894,
          "train_acc": 1.0
        }
      ]
    },
    {
      "heldout_task_id": 18,
      "losses": [
        {
          "epoch": 0,
          "loss": 1.0971673727035522,
          "train_acc": 0.3478260934352875
        },
        {
          "epoch": 40,
          "loss": 0.07205915451049805,
          "train_acc": 1.0
        },
        {
          "epoch": 80,
          "loss": 0.0362706184387207,
          "train_acc": 1.0
        },
        {
          "epoch": 120,
          "loss": 0.024370091035962105,
          "train_acc": 1.0
        },
        {
          "epoch": 159,
          "loss": 0.018180597573518753,
          "train_acc": 1.0
        }
      ]
    },
    {
      "heldout_task_id": 19,
      "losses": [
        {
          "epoch": 0,
          "loss": 1.1259199380874634,
          "train_acc": 0.3913043439388275
        },
        {
          "epoch": 40,
          "loss": 0.08823394030332565,
          "train_acc": 1.0
        },
        {
          "epoch": 80,
          "loss": 0.04490116611123085,
          "train_acc": 1.0
        },
        {
          "epoch": 120,
          "loss": 0.029919259250164032,
          "train_acc": 1.0
        },
        {
          "epoch": 159,
          "loss": 0.022172357887029648,
          "train_acc": 1.0
        }
      ]
    },
    {
      "heldout_task_id": 20,
      "losses": [
        {
          "epoch": 0,
          "loss": 1.344861388206482,
          "train_acc": 0.08695652335882187
        },
        {
          "epoch": 40,
          "loss": 0.10091261565685272,
          "train_acc": 1.0
        },
        {
          "epoch": 80,
          "loss": 0.05158836022019386,
          "train_acc": 1.0
        },
        {
          "epoch": 120,
          "loss": 0.0343744121491909,
          "train_acc": 1.0
        },
        {
          "epoch": 159,
          "loss": 0.02543887123465538,
          "train_acc": 1.0
        }
      ]
    },
    {
      "heldout_task_id": 21,
      "losses": [
        {
          "epoch": 0,
          "loss": 1.183222770690918,
          "train_acc": 0.30434781312942505
        },
        {
          "epoch": 40,
          "loss": 0.0828934982419014,
          "train_acc": 1.0
        },
        {
          "epoch": 80,
          "loss": 0.04223950207233429,
          "train_acc": 1.0
        },
        {
          "epoch": 120,
          "loss": 0.02837255410850048,
          "train_acc": 1.0
        },
        {
          "epoch": 159,
          "loss": 0.021160993725061417,
          "train_acc": 1.0
        }
      ]
    },
    {
      "heldout_task_id": 22,
      "losses": [
        {
          "epoch": 0,
          "loss": 1.1675180196762085,
          "train_acc": 0.260869562625885
        },
        {
          "epoch": 40,
          "loss": 0.09610958397388458,
          "train_acc": 1.0
        },
        {
          "epoch": 80,
          "loss": 0.04752519726753235,
          "train_acc": 1.0
        },
        {
          "epoch": 120,
          "loss": 0.03119552880525589,
          "train_acc": 1.0
        },
        {
          "epoch": 159,
          "loss": 0.022934358566999435,
          "train_acc": 1.0
        }
      ]
    },
    {
      "heldout_task_id": 23,
      "losses": [
        {
          "epoch": 0,
          "loss": 1.2140471935272217,
          "train_acc": 0.30434781312942505
        },
        {
          "epoch": 40,
          "loss": 0.08798132091760635,
          "train_acc": 1.0
        },
        {
          "epoch": 80,
          "loss": 0.044005345553159714,
          "train_acc": 1.0
        },
        {
          "epoch": 120,
          "loss": 0.028925534337759018,
          "train_acc": 1.0
        },
        {
          "epoch": 159,
          "loss": 0.021235987544059753,
          "train_acc": 1.0
        }
      ]
    },
    {
      "heldout_task_id": 24,
      "losses": [
        {
          "epoch": 0,
          "loss": 1.3020875453948975,
          "train_acc": 0.260869562625885
        },
        {
          "epoch": 40,
          "loss": 0.09131034463644028,
          "train_acc": 1.0
        },
        {
          "epoch": 80,
          "loss": 0.04606148228049278,
          "train_acc": 1.0
        },
        {
          "epoch": 120,
          "loss": 0.030681677162647247,
          "train_acc": 1.0
        },
        {
          "epoch": 159,
          "loss": 0.022744150832295418,
          "train_acc": 1.0
        }
      ]
    },
    {
      "heldout_task_id": 25,
      "losses": [
        {
          "epoch": 0,
          "loss": 1.220621109008789,
          "train_acc": 0.3913043439388275
        },
        {
          "epoch": 40,
          "loss": 0.04569628834724426,
          "train_acc": 1.0
        },
        {
          "epoch": 80,
          "loss": 0.02268259972333908,
          "train_acc": 1.0
        },
        {
          "epoch": 120,
          "loss": 0.015645205974578857,
          "train_acc": 1.0
        },
        {
          "epoch": 159,
          "loss": 0.011853941716253757,
          "train_acc": 1.0
        }
      ]
    },
    {
      "heldout_task_id": 26,
      "losses": [
        {
          "epoch": 0,
          "loss": 1.03900945186615,
          "train_acc": 0.3478260934352875
        },
        {
          "epoch": 40,
          "loss": 0.07720594108104706,
          "train_acc": 1.0
        },
        {
          "epoch": 80,
          "loss": 0.038676049560308456,
          "train_acc": 1.0
        },
        {
          "epoch": 120,
          "loss": 0.02559259720146656,
          "train_acc": 1.0
        },
        {
          "epoch": 159,
          "loss": 0.018912184983491898,
          "train_acc": 1.0
        }
      ]
    },
    {
      "heldout_task_id": 27,
      "losses": [
        {
          "epoch": 0,
          "loss": 1.037787675857544,
          "train_acc": 0.43478259444236755
        },
        {
          "epoch": 40,
          "loss": 0.0779685378074646,
          "train_acc": 1.0
        },
        {
          "epoch": 80,
          "loss": 0.03948640078306198,
          "train_acc": 1.0
        },
        {
          "epoch": 120,
          "loss": 0.02638130821287632,
          "train_acc": 1.0
        },
        {
          "epoch": 159,
          "loss": 0.019619369879364967,
          "train_acc": 1.0
        }
      ]
    },
    {
      "heldout_task_id": 28,
      "losses": [
        {
          "epoch": 0,
          "loss": 1.0749925374984741,
          "train_acc": 0.3478260934352875
        },
        {
          "epoch": 40,
          "loss": 0.08061319589614868,
          "train_acc": 1.0
        },
        {
          "epoch": 80,
          "loss": 0.04100166633725166,
          "train_acc": 1.0
        },
        {
          "epoch": 120,
          "loss": 0.02703281305730343,
          "train_acc": 1.0
        },
        {
          "epoch": 159,
          "loss": 0.019871219992637634,
          "train_acc": 1.0
        }
      ]
    },
    {
      "heldout_task_id": 29,
      "losses": [
        {
          "epoch": 0,
          "loss": 1.1299148797988892,
          "train_acc": 0.47826087474823
        },
        {
          "epoch": 40,
          "loss": 0.08069156110286713,
          "train_acc": 1.0
        },
        {
          "epoch": 80,
          "loss": 0.04042208194732666,
          "train_acc": 1.0
        },
        {
          "epoch": 120,
          "loss": 0.02657029591500759,
          "train_acc": 1.0
        },
        {
          "epoch": 159,
          "loss": 0.019498838111758232,
          "train_acc": 1.0
        }
      ]
    },
    {
      "heldout_task_id": 30,
      "losses": [
        {
          "epoch": 0,
          "loss": 1.3347798585891724,
          "train_acc": 0.3478260934352875
        },
        {
          "epoch": 40,
          "loss": 0.0980425626039505,
          "train_acc": 1.0
        },
        {
          "epoch": 80,
          "loss": 0.05024933069944382,
          "train_acc": 1.0
        },
        {
          "epoch": 120,
          "loss": 0.03332909196615219,
          "train_acc": 1.0
        },
        {
          "epoch": 159,
          "loss": 0.024597328156232834,
          "train_acc": 1.0
        }
      ]
    },
    {
      "heldout_task_id": 31,
      "losses": [
        {
          "epoch": 0,
          "loss": 1.3305549621582031,
          "train_acc": 0.30434781312942505
        },
        {
          "epoch": 40,
          "loss": 0.0735006108880043,
          "train_acc": 1.0
        },
        {
          "epoch": 80,
          "loss": 0.03829648345708847,
          "train_acc": 1.0
        },
        {
          "epoch": 120,
          "loss": 0.02603207901120186,
          "train_acc": 1.0
        },
        {
          "epoch": 159,
          "loss": 0.019467171281576157,
          "train_acc": 1.0
        }
      ]
    },
    {
      "heldout_task_id": 32,
      "losses": [
        {
          "epoch": 0,
          "loss": 1.3662742376327515,
          "train_acc": 0.08695652335882187
        },
        {
          "epoch": 40,
          "loss": 0.09100199490785599,
          "train_acc": 1.0
        },
        {
          "epoch": 80,
          "loss": 0.04294027015566826,
          "train_acc": 1.0
        },
        {
          "epoch": 120,
          "loss": 0.028332224115729332,
          "train_acc": 1.0
        },
        {
          "epoch": 159,
          "loss": 0.02096407115459442,
          "train_acc": 1.0
        }
      ]
    },
    {
      "heldout_task_id": 33,
      "losses": [
        {
          "epoch": 0,
          "loss": 1.0792255401611328,
          "train_acc": 0.260869562625885
        },
        {
          "epoch": 40,
          "loss": 0.08608807623386383,
          "train_acc": 1.0
        },
        {
          "epoch": 80,
          "loss": 0.04296267405152321,
          "train_acc": 1.0
        },
        {
          "epoch": 120,
          "loss": 0.02861238643527031,
          "train_acc": 1.0
        },
        {
          "epoch": 159,
          "loss": 0.02125019021332264,
          "train_acc": 1.0
        }
      ]
    },
    {
      "heldout_task_id": 34,
      "losses": [
        {
          "epoch": 0,
          "loss": 1.196223497390747,
          "train_acc": 0.3913043439388275
        },
        {
          "epoch": 40,
          "loss": 0.07046949863433838,
          "train_acc": 1.0
        },
        {
          "epoch": 80,
          "loss": 0.03553066402673721,
          "train_acc": 1.0
        },
        {
          "epoch": 120,
          "loss": 0.024189922958612442,
          "train_acc": 1.0
        },
        {
          "epoch": 159,
          "loss": 0.01821841485798359,
          "train_acc": 1.0
        }
      ]
    }
  ],
  "oracle_label_counts": {
    "constrained4": 1,
    "hot_next4": 7,
    "stop": 16
  },
  "summary": {
    "action_counts": {
      "constrained4": 2,
      "hot_next4": 6,
      "stop": 16
    },
    "candidate_count_mean": 5.333333333333333,
    "coverage": 0.625,
    "covered_tasks": [
      11,
      12,
      13,
      14,
      17,
      18,
      19,
      22,
      23,
      27,
      28,
      29,
      30,
      32,
      33
    ],
    "distinct_functional_rate_mean": 0.4479166666666667,
    "forward_tokens": 30495,
    "parse_success_mean": 5.125,
    "pass1_proxy": 0.4166666666666667,
    "records": 24,
    "visible_coverage": 0.8333333333333334
  },
  "task_count": 24
}
