{
  "eval_records": 80,
  "learned_action_counts": {
    "high4": 3,
    "low4": 11,
    "mid4": 11,
    "stop": 55
  },
  "results": [
    {
      "arm_name": "base_prefix_k4",
      "records": {
        "candidate_count_mean": 3.45,
        "coverage": 0.7,
        "covered_tasks": [
          11,
          12,
          13,
          14,
          17,
          18,
          19,
          20,
          21,
          23,
          24,
          25,
          27,
          28,
          29,
          30,
          32,
          33,
          37,
          38,
          40,
          41,
          45,
          46,
          47,
          49,
          50,
          51,
          52,
          53,
          54,
          56,
          57,
          58,
          61,
          62,
          63,
          64,
          65,
          66,
          68,
          69,
          71,
          72,
          74,
          75,
          76,
          78,
          79,
          80,
          82,
          85,
          86,
          88,
          89,
          90
        ],
        "distinct_behavior_rate_mean": 0.75625,
        "distinct_functional_rate_mean": 0.4770833333333333,
        "forward_tokens": 62270,
        "hidden_pass_candidates_mean": 1.875,
        "parse_success_mean": 3.3625,
        "pass1_proxy": 0.6125,
        "pass1_tasks": [
          11,
          12,
          14,
          17,
          18,
          19,
          20,
          21,
          28,
          29,
          30,
          32,
          37,
          38,
          40,
          41,
          45,
          46,
          47,
          49,
          50,
          51,
          52,
          53,
          54,
          56,
          57,
          58,
          61,
          62,
          64,
          65,
          66,
          68,
          69,
          71,
          72,
          74,
          75,
          76,
          78,
          79,
          80,
          82,
          85,
          86,
          88,
          89,
          90
        ],
        "records": 80,
        "visible_candidates_mean": 2.2625,
        "visible_coverage": 0.8375
      }
    },
    {
      "arm_name": "default_extra_k8",
      "records": {
        "candidate_count_mean": 2.375,
        "coverage": 0.05,
        "covered_tasks": [
          22,
          36,
          42,
          67
        ],
        "distinct_behavior_rate_mean": 0.17447916666666669,
        "distinct_functional_rate_mean": 0.07604166666666666,
        "forward_tokens": 48065,
        "hidden_pass_candidates_mean": 0.125,
        "parse_success_mean": 2.225,
        "pass1_proxy": 0.0125,
        "pass1_tasks": [
          22
        ],
        "records": 80,
        "visible_candidates_mean": 0.7125,
        "visible_coverage": 0.125
      }
    },
    {
      "arm_name": "hot_extra_k8",
      "records": {
        "candidate_count_mean": 2.4,
        "coverage": 0.0875,
        "covered_tasks": [
          22,
          35,
          36,
          42,
          55,
          67,
          81
        ],
        "distinct_behavior_rate_mean": 0.240625,
        "distinct_functional_rate_mean": 0.0890625,
        "forward_tokens": 48801,
        "hidden_pass_candidates_mean": 0.1875,
        "parse_success_mean": 2.3125,
        "pass1_proxy": 0.0375,
        "pass1_tasks": [
          35,
          42,
          81
        ],
        "records": 80,
        "visible_candidates_mean": 0.8,
        "visible_coverage": 0.1875
      }
    },
    {
      "arm_name": "diverse_extra_k8",
      "records": {
        "candidate_count_mean": 2.3875,
        "coverage": 0.075,
        "covered_tasks": [
          22,
          35,
          36,
          42,
          67,
          81
        ],
        "distinct_behavior_rate_mean": 0.19464285714285715,
        "distinct_functional_rate_mean": 0.09129464285714287,
        "forward_tokens": 49872,
        "hidden_pass_candidates_mean": 0.1,
        "parse_success_mean": 2.275,
        "pass1_proxy": 0.0125,
        "pass1_tasks": [
          35
        ],
        "records": 80,
        "visible_candidates_mean": 0.65,
        "visible_coverage": 0.1625
      }
    },
    {
      "arm_name": "low_mid_high_static_k8",
      "records": {
        "candidate_count_mean": 3.7375,
        "coverage": 0.7,
        "covered_tasks": [
          11,
          12,
          14,
          17,
          18,
          19,
          20,
          21,
          22,
          25,
          28,
          29,
          30,
          32,
          35,
          36,
          37,
          38,
          40,
          41,
          42,
          45,
          46,
          47,
          49,
          50,
          51,
          52,
          53,
          54,
          56,
          57,
          58,
          61,
          62,
          64,
          65,
          66,
          67,
          68,
          69,
          70,
          71,
          72,
          74,
          75,
          76,
          78,
          79,
          80,
          82,
          85,
          86,
          88,
          89,
          90
        ],
        "distinct_behavior_rate_mean": 0.7348958333333333,
        "distinct_functional_rate_mean": 0.4916666666666667,
        "forward_tokens": 69828,
        "hidden_pass_candidates_mean": 1.2875,
        "parse_success_mean": 3.575,
        "pass1_proxy": 0.6125,
        "pass1_tasks": [
          11,
          12,
          14,
          17,
          18,
          19,
          20,
          21,
          28,
          29,
          30,
          32,
          37,
          38,
          40,
          41,
          45,
          46,
          47,
          49,
          50,
          51,
          52,
          53,
          54,
          56,
          57,
          58,
          61,
          62,
          64,
          65,
          66,
          68,
          69,
          71,
          72,
          74,
          75,
          76,
          78,
          79,
          80,
          82,
          85,
          86,
          88,
          89,
          90
        ],
        "records": 80,
        "visible_candidates_mean": 1.875,
        "visible_coverage": 0.775
      }
    },
    {
      "arm_name": "source_round_robin_k8",
      "records": {
        "candidate_count_mean": 3.75,
        "coverage": 0.6875,
        "covered_tasks": [
          11,
          12,
          14,
          17,
          18,
          19,
          20,
          21,
          22,
          25,
          28,
          29,
          30,
          32,
          35,
          36,
          37,
          38,
          40,
          41,
          42,
          45,
          46,
          47,
          49,
          50,
          51,
          52,
          53,
          54,
          56,
          57,
          58,
          61,
          62,
          64,
          65,
          66,
          68,
          69,
          71,
          72,
          74,
          75,
          76,
          78,
          79,
          80,
          81,
          82,
          85,
          86,
          88,
          89,
          90
        ],
        "distinct_behavior_rate_mean": 0.7243303571428571,
        "distinct_functional_rate_mean": 0.48325892857142855,
        "forward_tokens": 70190,
        "hidden_pass_candidates_mean": 1.2875,
        "parse_success_mean": 3.625,
        "pass1_proxy": 0.6125,
        "pass1_tasks": [
          11,
          12,
          14,
          17,
          18,
          19,
          20,
          21,
          28,
          29,
          30,
          32,
          37,
          38,
          40,
          41,
          45,
          46,
          47,
          49,
          50,
          51,
          52,
          53,
          54,
          56,
          57,
          58,
          61,
          62,
          64,
          65,
          66,
          68,
          69,
          71,
          72,
          74,
          75,
          76,
          78,
          79,
          80,
          82,
          85,
          86,
          88,
          89,
          90
        ],
        "records": 80,
        "visible_candidates_mean": 1.95,
        "visible_coverage": 0.8
      }
    },
    {
      "arm_name": "prefix2_low4",
      "records": {
        "candidate_count_mean": 3.1,
        "coverage": 0.6375,
        "covered_tasks": [
          11,
          12,
          14,
          17,
          18,
          19,
          20,
          21,
          25,
          28,
          29,
          30,
          32,
          37,
          38,
          40,
          41,
          42,
          45,
          46,
          47,
          49,
          50,
          51,
          52,
          53,
          54,
          56,
          57,
          58,
          61,
          62,
          64,
          65,
          66,
          68,
          69,
          71,
          72,
          74,
          75,
          76,
          78,
          79,
          80,
          82,
          85,
          86,
          88,
          89,
          90
        ],
        "distinct_behavior_rate_mean": 0.72,
        "distinct_functional_rate_mean": 0.49833333333333335,
        "forward_tokens": 57030,
        "hidden_pass_candidates_mean": 1.1875,
        "parse_success_mean": 2.9875,
        "pass1_proxy": 0.6125,
        "pass1_tasks": [
          11,
          12,
          14,
          17,
          18,
          19,
          20,
          21,
          28,
          29,
          30,
          32,
          37,
          38,
          40,
          41,
          45,
          46,
          47,
          49,
          50,
          51,
          52,
          53,
          54,
          56,
          57,
          58,
          61,
          62,
          64,
          65,
          66,
          68,
          69,
          71,
          72,
          74,
          75,
          76,
          78,
          79,
          80,
          82,
          85,
          86,
          88,
          89,
          90
        ],
        "records": 80,
        "visible_candidates_mean": 1.6625,
        "visible_coverage": 0.75
      }
    },
    {
      "arm_name": "prefix2_mid4",
      "records": {
        "candidate_count_mean": 3.15,
        "coverage": 0.7,
        "covered_tasks": [
          11,
          12,
          14,
          17,
          18,
          19,
          20,
          21,
          22,
          25,
          28,
          29,
          30,
          32,
          35,
          36,
          37,
          38,
          40,
          41,
          42,
          45,
          46,
          47,
          49,
          50,
          51,
          52,
          53,
          54,
          56,
          57,
          58,
          61,
          62,
          64,
          65,
          66,
          67,
          68,
          69,
          71,
          72,
          74,
          75,
          76,
          78,
          79,
          80,
          81,
          82,
          85,
          86,
          88,
          89,
          90
        ],
        "distinct_behavior_rate_mean": 0.7704166666666666,
        "distinct_functional_rate_mean": 0.5091666666666667,
        "forward_tokens": 57013,
        "hidden_pass_candidates_mean": 1.3,
        "parse_success_mean": 3.075,
        "pass1_proxy": 0.6125,
        "pass1_tasks": [
          11,
          12,
          14,
          17,
          18,
          19,
          20,
          21,
          28,
          29,
          30,
          32,
          37,
          38,
          40,
          41,
          45,
          46,
          47,
          49,
          50,
          51,
          52,
          53,
          54,
          56,
          57,
          58,
          61,
          62,
          64,
          65,
          66,
          68,
          69,
          71,
          72,
          74,
          75,
          76,
          78,
          79,
          80,
          82,
          85,
          86,
          88,
          89,
          90
        ],
        "records": 80,
        "visible_candidates_mean": 1.775,
        "visible_coverage": 0.7875
      }
    },
    {
      "arm_name": "prefix2_high4",
      "records": {
        "candidate_count_mean": 3.15,
        "coverage": 0.675,
        "covered_tasks": [
          11,
          12,
          14,
          17,
          18,
          19,
          20,
          21,
          22,
          25,
          28,
          29,
          30,
          32,
          36,
          37,
          38,
          40,
          41,
          45,
          46,
          47,
          49,
          50,
          51,
          52,
          53,
          54,
          56,
          57,
          58,
          61,
          62,
          64,
          65,
          66,
          67,
          68,
          69,
          70,
          71,
          72,
          74,
          75,
          76,
          78,
          79,
          80,
          82,
          85,
          86,
          88,
          89,
          90
        ],
        "distinct_behavior_rate_mean": 0.7683333333333333,
        "distinct_functional_rate_mean": 0.5154166666666666,
        "forward_tokens": 58838,
        "hidden_pass_candidates_mean": 1.2375,
        "parse_success_mean": 2.9875,
        "pass1_proxy": 0.6125,
        "pass1_tasks": [
          11,
          12,
          14,
          17,
          18,
          19,
          20,
          21,
          28,
          29,
          30,
          32,
          37,
          38,
          40,
          41,
          45,
          46,
          47,
          49,
          50,
          51,
          52,
          53,
          54,
          56,
          57,
          58,
          61,
          62,
          64,
          65,
          66,
          68,
          69,
          71,
          72,
          74,
          75,
          76,
          78,
          79,
          80,
          82,
          85,
          86,
          88,
          89,
          90
        ],
        "records": 80,
        "visible_candidates_mean": 1.7375,
        "visible_coverage": 0.7625
      }
    },
    {
      "arm_name": "learned_scheduler_after_prefix2",
      "records": {
        "candidate_count_mean": 2.8,
        "coverage": 0.65,
        "covered_tasks": [
          11,
          12,
          14,
          17,
          18,
          19,
          20,
          21,
          25,
          28,
          29,
          30,
          32,
          35,
          37,
          38,
          40,
          41,
          42,
          45,
          46,
          47,
          49,
          50,
          51,
          52,
          53,
          54,
          56,
          57,
          58,
          61,
          62,
          64,
          65,
          66,
          68,
          69,
          71,
          72,
          74,
          75,
          76,
          78,
          79,
          80,
          82,
          85,
          86,
          88,
          89,
          90
        ],
        "distinct_behavior_rate_mean": 0.76875,
        "distinct_functional_rate_mean": 0.5354166666666667,
        "forward_tokens": 51517,
        "hidden_pass_candidates_mean": 1.225,
        "parse_success_mean": 2.725,
        "pass1_proxy": 0.6125,
        "pass1_tasks": [
          11,
          12,
          14,
          17,
          18,
          19,
          20,
          21,
          28,
          29,
          30,
          32,
          37,
          38,
          40,
          41,
          45,
          46,
          47,
          49,
          50,
          51,
          52,
          53,
          54,
          56,
          57,
          58,
          61,
          62,
          64,
          65,
          66,
          68,
          69,
          71,
          72,
          74,
          75,
          76,
          78,
          79,
          80,
          82,
          85,
          86,
          88,
          89,
          90
        ],
        "records": 80,
        "visible_candidates_mean": 1.425,
        "visible_coverage": 0.7625
      }
    },
    {
      "arm_name": "oracle_best_block_after_prefix2",
      "records": {
        "candidate_count_mean": 2.3,
        "coverage": 0.7125,
        "covered_tasks": [
          11,
          12,
          14,
          17,
          18,
          19,
          20,
          21,
          22,
          25,
          28,
          29,
          30,
          32,
          35,
          36,
          37,
          38,
          40,
          41,
          42,
          45,
          46,
          47,
          49,
          50,
          51,
          52,
          53,
          54,
          56,
          57,
          58,
          61,
          62,
          64,
          65,
          66,
          67,
          68,
          69,
          70,
          71,
          72,
          74,
          75,
          76,
          78,
          79,
          80,
          81,
          82,
          85,
          86,
          88,
          89,
          90
        ],
        "distinct_behavior_rate_mean": 0.7933333333333333,
        "distinct_functional_rate_mean": 0.5841666666666667,
        "forward_tokens": 40154,
        "hidden_pass_candidates_mean": 1.325,
        "parse_success_mean": 2.275,
        "pass1_proxy": 0.6125,
        "pass1_tasks": [
          11,
          12,
          14,
          17,
          18,
          19,
          20,
          21,
          28,
          29,
          30,
          32,
          37,
          38,
          40,
          41,
          45,
          46,
          47,
          49,
          50,
          51,
          52,
          53,
          54,
          56,
          57,
          58,
          61,
          62,
          64,
          65,
          66,
          68,
          69,
          71,
          72,
          74,
          75,
          76,
          78,
          79,
          80,
          82,
          85,
          86,
          88,
          89,
          90
        ],
        "records": 80,
        "visible_candidates_mean": 1.6,
        "visible_coverage": 0.7875
      }
    },
    {
      "arm_name": "full_union_all_candidates",
      "records": {
        "candidate_count_mean": 24.0875,
        "coverage": 0.8625,
        "covered_tasks": [
          11,
          12,
          13,
          14,
          15,
          17,
          18,
          19,
          20,
          21,
          22,
          23,
          24,
          25,
          27,
          28,
          29,
          30,
          32,
          33,
          34,
          35,
          36,
          37,
          38,
          40,
          41,
          42,
          45,
          46,
          47,
          49,
          50,
          51,
          52,
          53,
          54,
          55,
          56,
          57,
          58,
          59,
          61,
          62,
          63,
          64,
          65,
          66,
          67,
          68,
          69,
          70,
          71,
          72,
          74,
          75,
          76,
          78,
          79,
          80,
          81,
          82,
          83,
          85,
          86,
          87,
          88,
          89,
          90
        ],
        "distinct_behavior_rate_mean": 0.635992928544019,
        "distinct_functional_rate_mean": 0.34001591234862166,
        "forward_tokens": 504344,
        "hidden_pass_candidates_mean": 2.875,
        "parse_success_mean": 22.225,
        "pass1_proxy": 0.6125,
        "pass1_tasks": [
          11,
          12,
          14,
          17,
          18,
          19,
          20,
          21,
          28,
          29,
          30,
          32,
          37,
          38,
          40,
          41,
          45,
          46,
          47,
          49,
          50,
          51,
          52,
          53,
          54,
          56,
          57,
          58,
          61,
          62,
          64,
          65,
          66,
          68,
          69,
          71,
          72,
          74,
          75,
          76,
          78,
          79,
          80,
          82,
          85,
          86,
          88,
          89,
          90
        ],
        "records": 80,
        "visible_candidates_mean": 7.325,
        "visible_coverage": 0.9625
      }
    }
  ],
  "scheduler": {
    "bias": [
      0.5738916993141174,
      -1.0430265665054321,
      -0.20947179198265076,
      -0.34616273641586304
    ],
    "blocks": [
      "stop",
      "low4",
      "mid4",
      "high4"
    ],
    "feature_mean": [
      1.0,
      0.33895835280418396,
      0.40234375,
      0.981249988079071,
      0.643750011920929,
      0.6875,
      0.612500011920929,
      0.36699217557907104,
      0.4451136589050293
    ],
    "feature_std": [
      9.999999747378752e-05,
      0.09113071858882904,
      0.1361134648323059,
      0.12436547875404358,
      0.4583525061607361,
      0.46643680334091187,
      0.21010847389698029,
      0.24482886493206024,
      0.2779875099658966
    ],
    "label_counts": {
      "high4": 5,
      "low4": 12,
      "mid4": 11,
      "stop": 52
    },
    "losses": [
      {
        "epoch": 0,
        "loss": 1.4374157190322876,
        "train_acc": 0.3375000059604645
      },
      {
        "epoch": 20,
        "loss": 0.6598604321479797,
        "train_acc": 0.862500011920929
      },
      {
        "epoch": 40,
        "loss": 0.6314912438392639,
        "train_acc": 0.8500000238418579
      },
      {
        "epoch": 60,
        "loss": 0.6204109787940979,
        "train_acc": 0.862500011920929
      },
      {
        "epoch": 80,
        "loss": 0.6136312484741211,
        "train_acc": 0.8500000238418579
      },
      {
        "epoch": 100,
        "loss": 0.6080926060676575,
        "train_acc": 0.862500011920929
      },
      {
        "epoch": 120,
        "loss": 0.6032719612121582,
        "train_acc": 0.862500011920929
      },
      {
        "epoch": 140,
        "loss": 0.59891277551651,
        "train_acc": 0.862500011920929
      },
      {
        "epoch": 160,
        "loss": 0.5949051380157471,
        "train_acc": 0.862500011920929
      },
      {
        "epoch": 180,
        "loss": 0.5911927223205566,
        "train_acc": 0.862500011920929
      },
      {
        "epoch": 200,
        "loss": 0.5877455472946167,
        "train_acc": 0.862500011920929
      },
      {
        "epoch": 219,
        "loss": 0.5846996307373047,
        "train_acc": 0.862500011920929
      }
    ],
    "weight": [
      [
        -0.12894588708877563,
        0.49376291036605835,
        -0.5977544784545898,
        0.8298785090446472,
        0.14483758807182312,
        2.0718348026275635,
        -0.3015819191932678,
        -1.1536693572998047,
        0.14505767822265625
      ],
      [
        0.1081862673163414,
        -0.40889108180999756,
        0.26743072271347046,
        1.391844630241394,
        0.05916218087077141,
        -1.754076600074768,
        0.016629446297883987,
        -0.32897746562957764,
        1.9655461311340332
      ],
      [
        -0.04371708631515503,
        0.2847643792629242,
        0.11341012269258499,
        -1.1482709646224976,
        0.002074961783364415,
        -1.590429663658142,
        -0.05011879652738571,
        1.4279968738555908,
        -1.1697782278060913
      ],
      [
        0.07653467357158661,
        0.4897516369819641,
        0.5117801427841187,
        1.360503077507019,
        2.262279510498047,
        -3.36057186126709,
        0.24740000069141388,
        -0.033321887254714966,
        0.3704167902469635
      ]
    ]
  },
  "train_records": 80
}
