[train_think] 5000 examples (0 skipped as over-length)

Loading weights:   0%|          | 0/426 [00:00<?, ?it/s]
Loading weights:   0%|          | 1/426 [00:00<05:21,  1.32it/s]/home/ericflo/Development/small-model-experimentation/.venv/lib/python3.12/site-packages/bitsandbytes/backends/cuda/ops.py:213: FutureWarning: _check_is_size will be removed in a future PyTorch release along with guard_size_oblivious.     Use _check(i >= 0) instead.
  torch._check_is_size(blocksize)

Loading weights:   1%|▏         | 6/426 [00:00<00:52,  8.04it/s]
Loading weights:   3%|▎         | 13/426 [00:01<00:22, 18.43it/s]
Loading weights:   6%|▌         | 26/426 [00:01<00:10, 38.39it/s]
Loading weights:  11%|█         | 47/426 [00:01<00:05, 73.97it/s]
Loading weights:  22%|██▏       | 92/426 [00:01<00:02, 159.24it/s]
Loading weights:  31%|███       | 132/426 [00:01<00:01, 216.44it/s]
Loading weights:  38%|███▊      | 160/426 [00:01<00:01, 153.82it/s]
Loading weights:  43%|████▎     | 182/426 [00:01<00:01, 137.59it/s]
Loading weights:  47%|████▋     | 201/426 [00:02<00:02, 110.85it/s]
Loading weights:  51%|█████     | 216/426 [00:02<00:01, 108.83it/s]
Loading weights:  54%|█████▍    | 230/426 [00:02<00:01, 107.86it/s]
Loading weights:  58%|█████▊    | 248/426 [00:02<00:01, 120.11it/s]
Loading weights:  62%|██████▏   | 262/426 [00:02<00:01, 108.61it/s]
Loading weights:  65%|██████▍   | 275/426 [00:02<00:01, 112.03it/s]
Loading weights:  68%|██████▊   | 288/426 [00:03<00:01, 97.21it/s]
Loading weights:  73%|███████▎  | 311/426 [00:03<00:00, 122.87it/s]
Loading weights:  78%|███████▊  | 331/426 [00:03<00:00, 139.07it/s]
Loading weights:  85%|████████▍ | 360/426 [00:03<00:00, 171.80it/s]
Loading weights:  89%|████████▉ | 379/426 [00:03<00:00, 173.25it/s]
Loading weights:  93%|█████████▎| 398/426 [00:03<00:00, 172.19it/s]
Loading weights:  98%|█████████▊| 416/426 [00:03<00:00, 171.88it/s]
Loading weights: 100%|██████████| 426/426 [00:03<00:00, 111.78it/s]
[transformers] warmup_ratio is deprecated and will be removed in v5.2. Use `warmup_steps` instead.
trainable params: 42,467,328 || all params: 4,248,218,624 || trainable%: 0.9997

  0%|          | 0/625 [00:00<?, ?it/s]
  0%|          | 1/625 [00:09<1:34:15,  9.06s/it]
  0%|          | 2/625 [00:15<1:19:55,  7.70s/it]
  0%|          | 3/625 [00:21<1:11:31,  6.90s/it]
  1%|          | 4/625 [00:28<1:10:57,  6.86s/it]
  1%|          | 5/625 [00:35<1:11:11,  6.89s/it]
  1%|          | 6/625 [00:42<1:11:43,  6.95s/it]
  1%|          | 7/625 [00:49<1:13:01,  7.09s/it]
  1%|▏         | 8/625 [00:56<1:11:22,  6.94s/it]
  1%|▏         | 9/625 [01:03<1:10:36,  6.88s/it]
  2%|▏         | 10/625 [01:09<1:09:32,  6.78s/it]


  2%|▏         | 10/625 [01:09<1:09:32,  6.78s/it]
  2%|▏         | 11/625 [01:16<1:08:00,  6.65s/it]
  2%|▏         | 12/625 [01:23<1:08:32,  6.71s/it]
  2%|▏         | 13/625 [01:30<1:09:52,  6.85s/it]
  2%|▏         | 14/625 [01:37<1:09:55,  6.87s/it]
  2%|▏         | 15/625 [01:44<1:10:59,  6.98s/it]
  3%|▎         | 16/625 [01:51<1:11:56,  7.09s/it]
  3%|▎         | 17/625 [01:58<1:11:01,  7.01s/it]
  3%|▎         | 18/625 [02:05<1:09:27,  6.87s/it]
  3%|▎         | 19/625 [02:11<1:09:12,  6.85s/it]
  3%|▎         | 20/625 [02:18<1:08:11,  6.76s/it]


  3%|▎         | 20/625 [02:18<1:08:11,  6.76s/it]
  3%|▎         | 21/625 [02:24<1:06:59,  6.66s/it]
  4%|▎         | 22/625 [02:31<1:05:20,  6.50s/it]
  4%|▎         | 23/625 [02:36<1:03:19,  6.31s/it]
  4%|▍         | 24/625 [02:43<1:05:02,  6.49s/it]
  4%|▍         | 25/625 [02:50<1:04:55,  6.49s/it]
  4%|▍         | 26/625 [02:57<1:05:50,  6.59s/it]
  4%|▍         | 27/625 [03:03<1:05:09,  6.54s/it]
  4%|▍         | 28/625 [03:10<1:06:35,  6.69s/it]
  5%|▍         | 29/625 [03:17<1:08:27,  6.89s/it]
  5%|▍         | 30/625 [03:25<1:11:34,  7.22s/it]


  5%|▍         | 30/625 [03:25<1:11:34,  7.22s/it]
  5%|▍         | 31/625 [03:32<1:10:10,  7.09s/it]
  5%|▌         | 32/625 [03:38<1:06:55,  6.77s/it]
  5%|▌         | 33/625 [03:45<1:07:03,  6.80s/it]
  5%|▌         | 34/625 [03:52<1:07:01,  6.80s/it]
  6%|▌         | 35/625 [03:58<1:06:00,  6.71s/it]
  6%|▌         | 36/625 [04:05<1:05:19,  6.65s/it]
  6%|▌         | 37/625 [04:12<1:05:03,  6.64s/it]
  6%|▌         | 38/625 [04:18<1:05:49,  6.73s/it]
  6%|▌         | 39/625 [04:25<1:05:18,  6.69s/it]
  6%|▋         | 40/625 [04:32<1:05:18,  6.70s/it]


  6%|▋         | 40/625 [04:32<1:05:18,  6.70s/it]
  7%|▋         | 41/625 [04:38<1:04:18,  6.61s/it]
  7%|▋         | 42/625 [04:44<1:02:17,  6.41s/it]
  7%|▋         | 43/625 [04:50<1:01:47,  6.37s/it]
  7%|▋         | 44/625 [04:57<1:03:46,  6.59s/it]
  7%|▋         | 45/625 [05:05<1:07:29,  6.98s/it]
  7%|▋         | 46/625 [05:13<1:08:58,  7.15s/it]
  8%|▊         | 47/625 [05:20<1:08:21,  7.10s/it]
  8%|▊         | 48/625 [05:26<1:06:32,  6.92s/it]
  8%|▊         | 49/625 [05:33<1:04:43,  6.74s/it]
  8%|▊         | 50/625 [05:39<1:03:07,  6.59s/it]


  8%|▊         | 50/625 [05:39<1:03:07,  6.59s/it]
  8%|▊         | 51/625 [05:46<1:03:53,  6.68s/it]
  8%|▊         | 52/625 [05:52<1:02:28,  6.54s/it]
  8%|▊         | 53/625 [05:59<1:03:33,  6.67s/it]
  9%|▊         | 54/625 [06:06<1:04:00,  6.73s/it]
  9%|▉         | 55/625 [06:12<1:03:31,  6.69s/it]
  9%|▉         | 56/625 [06:19<1:02:21,  6.58s/it]
  9%|▉         | 57/625 [06:26<1:02:51,  6.64s/it]
  9%|▉         | 58/625 [06:32<1:03:08,  6.68s/it]
  9%|▉         | 59/625 [06:38<1:01:16,  6.50s/it]
 10%|▉         | 60/625 [06:44<59:16,  6.29s/it]


 10%|▉         | 60/625 [06:44<59:16,  6.29s/it]
 10%|▉         | 61/625 [06:51<1:00:17,  6.41s/it]
 10%|▉         | 62/625 [06:57<1:00:19,  6.43s/it]
 10%|█         | 63/625 [07:04<59:40,  6.37s/it]
 10%|█         | 64/625 [07:11<1:01:04,  6.53s/it]
 10%|█         | 65/625 [07:17<1:01:07,  6.55s/it]
 11%|█         | 66/625 [07:25<1:03:23,  6.80s/it]
 11%|█         | 67/625 [07:32<1:04:02,  6.89s/it]
 11%|█         | 68/625 [07:39<1:04:56,  7.00s/it]
 11%|█         | 69/625 [07:45<1:03:39,  6.87s/it]
 11%|█         | 70/625 [07:52<1:02:36,  6.77s/it]


 11%|█         | 70/625 [07:52<1:02:36,  6.77s/it]
 11%|█▏        | 71/625 [07:59<1:02:17,  6.75s/it]
 12%|█▏        | 72/625 [08:05<1:00:50,  6.60s/it]
 12%|█▏        | 73/625 [08:12<1:02:32,  6.80s/it]
 12%|█▏        | 74/625 [08:19<1:02:57,  6.86s/it]
 12%|█▏        | 75/625 [08:26<1:02:49,  6.85s/it]
 12%|█▏        | 76/625 [08:32<1:01:11,  6.69s/it]
 12%|█▏        | 77/625 [08:39<1:01:56,  6.78s/it]
 12%|█▏        | 78/625 [08:46<1:01:05,  6.70s/it]
 13%|█▎        | 79/625 [08:52<1:00:01,  6.60s/it]
 13%|█▎        | 80/625 [08:58<58:10,  6.40s/it]


 13%|█▎        | 80/625 [08:58<58:10,  6.40s/it]
 13%|█▎        | 81/625 [09:05<58:58,  6.50s/it]
 13%|█▎        | 82/625 [09:12<59:23,  6.56s/it]
 13%|█▎        | 83/625 [09:18<59:16,  6.56s/it]
 13%|█▎        | 84/625 [09:26<1:02:55,  6.98s/it]
 14%|█▎        | 85/625 [09:33<1:02:54,  6.99s/it]
 14%|█▍        | 86/625 [09:40<1:02:28,  6.95s/it]
 14%|█▍        | 87/625 [09:47<1:02:10,  6.93s/it]
 14%|█▍        | 88/625 [09:53<1:00:57,  6.81s/it]
 14%|█▍        | 89/625 [10:00<1:00:02,  6.72s/it]
 14%|█▍        | 90/625 [10:06<58:41,  6.58s/it]


 14%|█▍        | 90/625 [10:06<58:41,  6.58s/it]
 15%|█▍        | 91/625 [10:13<59:21,  6.67s/it]
 15%|█▍        | 92/625 [10:20<58:57,  6.64s/it]
 15%|█▍        | 93/625 [10:26<57:54,  6.53s/it]
 15%|█▌        | 94/625 [10:32<57:26,  6.49s/it]
 15%|█▌        | 95/625 [10:39<57:43,  6.53s/it]
 15%|█▌        | 96/625 [10:45<56:18,  6.39s/it]
 16%|█▌        | 97/625 [10:51<55:52,  6.35s/it]
 16%|█▌        | 98/625 [10:59<58:40,  6.68s/it]
 16%|█▌        | 99/625 [11:05<58:14,  6.64s/it]
 16%|█▌        | 100/625 [11:12<57:49,  6.61s/it]


 16%|█▌        | 100/625 [11:12<57:49,  6.61s/it]
 16%|█▌        | 101/625 [11:19<58:08,  6.66s/it]
 16%|█▋        | 102/625 [11:26<59:22,  6.81s/it]
 16%|█▋        | 103/625 [11:32<58:22,  6.71s/it]
 17%|█▋        | 104/625 [11:39<57:55,  6.67s/it]
 17%|█▋        | 105/625 [11:45<57:13,  6.60s/it]
 17%|█▋        | 106/625 [11:51<56:08,  6.49s/it]
 17%|█▋        | 107/625 [11:58<55:39,  6.45s/it]
 17%|█▋        | 108/625 [12:05<57:12,  6.64s/it]
 17%|█▋        | 109/625 [12:11<57:03,  6.64s/it]
 18%|█▊        | 110/625 [12:19<57:58,  6.76s/it]


 18%|█▊        | 110/625 [12:19<57:58,  6.76s/it]
 18%|█▊        | 111/625 [12:26<58:32,  6.83s/it]
 18%|█▊        | 112/625 [12:32<58:08,  6.80s/it]
 18%|█▊        | 113/625 [12:39<57:18,  6.72s/it]
 18%|█▊        | 114/625 [12:45<55:55,  6.57s/it]
 18%|█▊        | 115/625 [12:52<55:54,  6.58s/it]
 19%|█▊        | 116/625 [12:58<54:59,  6.48s/it]
 19%|█▊        | 117/625 [13:04<54:02,  6.38s/it]
 19%|█▉        | 118/625 [13:11<54:42,  6.47s/it]
 19%|█▉        | 119/625 [13:18<55:27,  6.58s/it]
 19%|█▉        | 120/625 [13:25<57:19,  6.81s/it]


 19%|█▉        | 120/625 [13:25<57:19,  6.81s/it]
 19%|█▉        | 121/625 [13:32<57:47,  6.88s/it]
 20%|█▉        | 122/625 [13:39<57:46,  6.89s/it]
 20%|█▉        | 123/625 [13:46<58:20,  6.97s/it]
 20%|█▉        | 124/625 [13:52<56:59,  6.82s/it]
 20%|██        | 125/625 [13:59<56:37,  6.79s/it]
 20%|██        | 126/625 [14:06<55:28,  6.67s/it]
 20%|██        | 127/625 [14:12<53:45,  6.48s/it]
 20%|██        | 128/625 [14:19<55:56,  6.75s/it]
 21%|██        | 129/625 [14:26<56:39,  6.85s/it]
 21%|██        | 130/625 [14:33<55:58,  6.78s/it]


 21%|██        | 130/625 [14:33<55:58,  6.78s/it]
 21%|██        | 131/625 [14:39<55:24,  6.73s/it]
 21%|██        | 132/625 [14:46<54:39,  6.65s/it]
 21%|██▏       | 133/625 [14:52<53:36,  6.54s/it]
 21%|██▏       | 134/625 [14:58<52:48,  6.45s/it]
 22%|██▏       | 135/625 [15:05<54:03,  6.62s/it]
 22%|██▏       | 136/625 [15:12<53:51,  6.61s/it]
 22%|██▏       | 137/625 [15:19<54:03,  6.65s/it]
 22%|██▏       | 138/625 [15:26<55:00,  6.78s/it]
 22%|██▏       | 139/625 [15:33<55:30,  6.85s/it]
 22%|██▏       | 140/625 [15:40<55:33,  6.87s/it]


 22%|██▏       | 140/625 [15:40<55:33,  6.87s/it]
 23%|██▎       | 141/625 [15:47<56:31,  7.01s/it]
 23%|██▎       | 142/625 [15:54<55:41,  6.92s/it]
 23%|██▎       | 143/625 [16:00<54:28,  6.78s/it]
 23%|██▎       | 144/625 [16:06<52:49,  6.59s/it]
 23%|██▎       | 145/625 [16:13<52:23,  6.55s/it]
 23%|██▎       | 146/625 [16:19<51:49,  6.49s/it]
 24%|██▎       | 147/625 [16:25<50:38,  6.36s/it]
 24%|██▎       | 148/625 [16:32<51:15,  6.45s/it]
 24%|██▍       | 149/625 [16:39<52:22,  6.60s/it]
 24%|██▍       | 150/625 [16:46<53:06,  6.71s/it]


 24%|██▍       | 150/625 [16:46<53:06,  6.71s/it]
 24%|██▍       | 151/625 [16:53<53:16,  6.74s/it]
 24%|██▍       | 152/625 [17:00<53:56,  6.84s/it]
 24%|██▍       | 153/625 [17:06<53:43,  6.83s/it]
 25%|██▍       | 154/625 [17:13<53:12,  6.78s/it]
 25%|██▍       | 155/625 [17:20<52:42,  6.73s/it]
 25%|██▍       | 156/625 [17:26<51:47,  6.63s/it]
 25%|██▌       | 157/625 [17:33<52:25,  6.72s/it]
 25%|██▌       | 158/625 [17:39<51:04,  6.56s/it]
 25%|██▌       | 159/625 [17:46<51:34,  6.64s/it]
 26%|██▌       | 160/625 [17:52<50:04,  6.46s/it]


 26%|██▌       | 160/625 [17:52<50:04,  6.46s/it]
 26%|██▌       | 161/625 [17:58<48:48,  6.31s/it]
 26%|██▌       | 162/625 [18:05<49:31,  6.42s/it]
 26%|██▌       | 163/625 [18:11<49:38,  6.45s/it]
 26%|██▌       | 164/625 [18:18<49:21,  6.42s/it]
 26%|██▋       | 165/625 [18:24<49:57,  6.52s/it]
 27%|██▋       | 166/625 [18:31<50:26,  6.59s/it]
 27%|██▋       | 167/625 [18:38<51:20,  6.73s/it]
 27%|██▋       | 168/625 [18:45<51:29,  6.76s/it]
 27%|██▋       | 169/625 [18:53<55:17,  7.28s/it]
 27%|██▋       | 170/625 [19:01<56:25,  7.44s/it]


 27%|██▋       | 170/625 [19:01<56:25,  7.44s/it]
 27%|██▋       | 171/625 [19:09<56:43,  7.50s/it]
 28%|██▊       | 172/625 [19:15<54:22,  7.20s/it]
 28%|██▊       | 173/625 [19:22<51:45,  6.87s/it]
 28%|██▊       | 174/625 [19:28<49:56,  6.64s/it]
 28%|██▊       | 175/625 [19:34<48:45,  6.50s/it]
 28%|██▊       | 176/625 [19:40<47:54,  6.40s/it]
 28%|██▊       | 177/625 [19:46<47:57,  6.42s/it]
 28%|██▊       | 178/625 [19:53<47:44,  6.41s/it]
 29%|██▊       | 179/625 [20:00<49:14,  6.62s/it]
 29%|██▉       | 180/625 [20:07<50:07,  6.76s/it]


 29%|██▉       | 180/625 [20:07<50:07,  6.76s/it]
 29%|██▉       | 181/625 [20:14<50:09,  6.78s/it]
 29%|██▉       | 182/625 [20:21<49:45,  6.74s/it]
 29%|██▉       | 183/625 [20:26<47:47,  6.49s/it]
 29%|██▉       | 184/625 [20:33<46:59,  6.39s/it]
 30%|██▉       | 185/625 [20:40<48:06,  6.56s/it]
 30%|██▉       | 186/625 [20:46<48:25,  6.62s/it]
 30%|██▉       | 187/625 [20:53<48:08,  6.60s/it]
 30%|███       | 188/625 [21:00<48:12,  6.62s/it]
 30%|███       | 189/625 [21:07<49:23,  6.80s/it]
 30%|███       | 190/625 [21:14<49:33,  6.84s/it]


 30%|███       | 190/625 [21:14<49:33,  6.84s/it]
 31%|███       | 191/625 [21:20<48:41,  6.73s/it]
 31%|███       | 192/625 [21:27<48:36,  6.74s/it]
 31%|███       | 193/625 [21:33<47:32,  6.60s/it]
 31%|███       | 194/625 [21:40<47:14,  6.58s/it]
 31%|███       | 195/625 [21:46<47:20,  6.61s/it]
 31%|███▏      | 196/625 [21:53<47:33,  6.65s/it]
 32%|███▏      | 197/625 [22:00<46:54,  6.58s/it]
 32%|███▏      | 198/625 [22:06<45:54,  6.45s/it]
 32%|███▏      | 199/625 [22:12<45:42,  6.44s/it]
 32%|███▏      | 200/625 [22:18<45:19,  6.40s/it]


 32%|███▏      | 200/625 [22:18<45:19,  6.40s/it]
 32%|███▏      | 201/625 [22:25<45:25,  6.43s/it]
 32%|███▏      | 202/625 [22:31<45:20,  6.43s/it]
 32%|███▏      | 203/625 [22:38<46:09,  6.56s/it]
 33%|███▎      | 204/625 [22:44<45:15,  6.45s/it]
 33%|███▎      | 205/625 [22:51<44:38,  6.38s/it]
 33%|███▎      | 206/625 [22:57<44:05,  6.31s/it]
 33%|███▎      | 207/625 [23:03<43:29,  6.24s/it]
 33%|███▎      | 208/625 [23:09<43:47,  6.30s/it]
 33%|███▎      | 209/625 [23:16<44:09,  6.37s/it]
 34%|███▎      | 210/625 [23:23<44:50,  6.48s/it]


 34%|███▎      | 210/625 [23:23<44:50,  6.48s/it]
 34%|███▍      | 211/625 [23:28<43:25,  6.29s/it]
 34%|███▍      | 212/625 [23:35<44:31,  6.47s/it]
 34%|███▍      | 213/625 [23:42<44:50,  6.53s/it]
 34%|███▍      | 214/625 [23:48<44:10,  6.45s/it]
 34%|███▍      | 215/625 [23:54<43:40,  6.39s/it]
 35%|███▍      | 216/625 [24:01<43:23,  6.37s/it]
 35%|███▍      | 217/625 [24:06<41:50,  6.15s/it]
 35%|███▍      | 218/625 [24:12<41:10,  6.07s/it]
 35%|███▌      | 219/625 [24:19<42:51,  6.33s/it]
 35%|███▌      | 220/625 [24:25<42:19,  6.27s/it]


 35%|███▌      | 220/625 [24:25<42:19,  6.27s/it]
 35%|███▌      | 221/625 [24:32<43:09,  6.41s/it]
 36%|███▌      | 222/625 [24:38<41:58,  6.25s/it]
 36%|███▌      | 223/625 [24:45<42:49,  6.39s/it]
 36%|███▌      | 224/625 [24:51<41:42,  6.24s/it]
 36%|███▌      | 225/625 [24:57<42:48,  6.42s/it]
 36%|███▌      | 226/625 [25:04<42:43,  6.43s/it]
 36%|███▋      | 227/625 [25:11<44:01,  6.64s/it]
 36%|███▋      | 228/625 [25:18<44:06,  6.67s/it]
 37%|███▋      | 229/625 [25:24<43:31,  6.59s/it]
 37%|███▋      | 230/625 [25:31<43:58,  6.68s/it]


 37%|███▋      | 230/625 [25:31<43:58,  6.68s/it]
 37%|███▋      | 231/625 [25:39<45:58,  7.00s/it]
 37%|███▋      | 232/625 [25:46<46:20,  7.08s/it]
 37%|███▋      | 233/625 [25:53<46:11,  7.07s/it]
 37%|███▋      | 234/625 [25:59<44:17,  6.80s/it]
 38%|███▊      | 235/625 [26:06<43:49,  6.74s/it]
 38%|███▊      | 236/625 [26:13<43:41,  6.74s/it]
 38%|███▊      | 237/625 [26:19<42:50,  6.62s/it]
 38%|███▊      | 238/625 [26:26<42:44,  6.63s/it]
 38%|███▊      | 239/625 [26:32<41:35,  6.46s/it]
 38%|███▊      | 240/625 [26:38<41:43,  6.50s/it]


 38%|███▊      | 240/625 [26:38<41:43,  6.50s/it]
 39%|███▊      | 241/625 [26:44<40:46,  6.37s/it]
 39%|███▊      | 242/625 [26:51<41:28,  6.50s/it]
 39%|███▉      | 243/625 [26:57<41:05,  6.45s/it]
 39%|███▉      | 244/625 [27:04<40:56,  6.45s/it]
 39%|███▉      | 245/625 [27:11<41:40,  6.58s/it]
 39%|███▉      | 246/625 [27:17<41:38,  6.59s/it]
 40%|███▉      | 247/625 [27:24<41:19,  6.56s/it]
 40%|███▉      | 248/625 [27:30<40:33,  6.46s/it]
 40%|███▉      | 249/625 [27:36<39:46,  6.35s/it]
 40%|████      | 250/625 [27:42<39:06,  6.26s/it]


 40%|████      | 250/625 [27:42<39:06,  6.26s/it]
 40%|████      | 251/625 [27:48<38:51,  6.23s/it]
 40%|████      | 252/625 [27:55<39:30,  6.36s/it]
 40%|████      | 253/625 [28:03<41:28,  6.69s/it]
 41%|████      | 254/625 [28:09<40:43,  6.59s/it]
 41%|████      | 255/625 [28:16<40:55,  6.64s/it]
 41%|████      | 256/625 [28:22<40:14,  6.54s/it]
 41%|████      | 257/625 [28:28<39:57,  6.51s/it]
 41%|████▏     | 258/625 [28:35<39:33,  6.47s/it]
 41%|████▏     | 259/625 [28:42<39:57,  6.55s/it]
 42%|████▏     | 260/625 [28:48<40:36,  6.68s/it]


 42%|████▏     | 260/625 [28:48<40:36,  6.68s/it]
 42%|████▏     | 261/625 [28:55<40:45,  6.72s/it]
 42%|████▏     | 262/625 [29:01<39:36,  6.55s/it]
 42%|████▏     | 263/625 [29:09<40:25,  6.70s/it]
 42%|████▏     | 264/625 [29:16<40:52,  6.79s/it]
 42%|████▏     | 265/625 [29:22<39:33,  6.59s/it]
 43%|████▎     | 266/625 [29:28<38:34,  6.45s/it]
 43%|████▎     | 267/625 [29:35<39:34,  6.63s/it]
 43%|████▎     | 268/625 [29:41<39:07,  6.58s/it]
 43%|████▎     | 269/625 [29:48<38:56,  6.56s/it]
 43%|████▎     | 270/625 [29:55<40:16,  6.81s/it]


 43%|████▎     | 270/625 [29:55<40:16,  6.81s/it]
 43%|████▎     | 271/625 [30:02<40:27,  6.86s/it]
 44%|████▎     | 272/625 [30:09<40:17,  6.85s/it]
 44%|████▎     | 273/625 [30:16<39:50,  6.79s/it]
 44%|████▍     | 274/625 [30:23<40:01,  6.84s/it]
 44%|████▍     | 275/625 [30:29<39:18,  6.74s/it]
 44%|████▍     | 276/625 [30:36<38:43,  6.66s/it]
 44%|████▍     | 277/625 [30:43<39:44,  6.85s/it]
 44%|████▍     | 278/625 [30:49<38:37,  6.68s/it]
 45%|████▍     | 279/625 [30:56<38:44,  6.72s/it]
 45%|████▍     | 280/625 [31:03<38:20,  6.67s/it]


 45%|████▍     | 280/625 [31:03<38:20,  6.67s/it]
 45%|████▍     | 281/625 [31:09<38:27,  6.71s/it]
 45%|████▌     | 282/625 [31:15<37:18,  6.53s/it]
 45%|████▌     | 283/625 [31:21<36:06,  6.34s/it]
 45%|████▌     | 284/625 [31:28<36:28,  6.42s/it]
 46%|████▌     | 285/625 [31:34<36:29,  6.44s/it]
 46%|████▌     | 286/625 [31:42<38:52,  6.88s/it]
 46%|████▌     | 287/625 [31:50<39:45,  7.06s/it]
 46%|████▌     | 288/625 [31:56<38:38,  6.88s/it]
 46%|████▌     | 289/625 [32:04<39:15,  7.01s/it]
 46%|████▋     | 290/625 [32:11<39:33,  7.08s/it]


 46%|████▋     | 290/625 [32:11<39:33,  7.08s/it]
 47%|████▋     | 291/625 [32:17<38:27,  6.91s/it]
 47%|████▋     | 292/625 [32:24<37:31,  6.76s/it]
 47%|████▋     | 293/625 [32:30<36:49,  6.66s/it]
 47%|████▋     | 294/625 [32:37<36:22,  6.59s/it]
 47%|████▋     | 295/625 [32:43<36:46,  6.69s/it]
 47%|████▋     | 296/625 [32:51<37:32,  6.85s/it]
 48%|████▊     | 297/625 [32:57<36:27,  6.67s/it]
 48%|████▊     | 298/625 [33:04<36:08,  6.63s/it]
 48%|████▊     | 299/625 [33:10<35:35,  6.55s/it]
 48%|████▊     | 300/625 [33:16<35:18,  6.52s/it]


 48%|████▊     | 300/625 [33:16<35:18,  6.52s/it]
 48%|████▊     | 301/625 [33:22<34:03,  6.31s/it]
 48%|████▊     | 302/625 [33:28<33:16,  6.18s/it]
 48%|████▊     | 303/625 [33:35<33:40,  6.27s/it]
 49%|████▊     | 304/625 [33:41<34:05,  6.37s/it]
 49%|████▉     | 305/625 [33:49<35:48,  6.71s/it]
 49%|████▉     | 306/625 [33:56<36:45,  6.91s/it]
 49%|████▉     | 307/625 [34:03<37:20,  7.05s/it]
 49%|████▉     | 308/625 [34:10<36:50,  6.97s/it]
 49%|████▉     | 309/625 [34:17<36:05,  6.85s/it]
 50%|████▉     | 310/625 [34:24<36:19,  6.92s/it]


 50%|████▉     | 310/625 [34:24<36:19,  6.92s/it]
 50%|████▉     | 311/625 [34:31<36:14,  6.92s/it]
 50%|████▉     | 312/625 [34:37<35:29,  6.80s/it]
 50%|█████     | 313/625 [34:44<35:32,  6.84s/it]
 50%|█████     | 314/625 [34:51<35:53,  6.92s/it]
 50%|█████     | 315/625 [34:58<35:29,  6.87s/it]
 51%|█████     | 316/625 [35:05<34:58,  6.79s/it]
 51%|█████     | 317/625 [35:12<35:25,  6.90s/it]
 51%|█████     | 318/625 [35:18<34:12,  6.69s/it]
 51%|█████     | 319/625 [35:24<33:33,  6.58s/it]
 51%|█████     | 320/625 [35:31<33:06,  6.51s/it]


 51%|█████     | 320/625 [35:31<33:06,  6.51s/it]
 51%|█████▏    | 321/625 [35:38<34:02,  6.72s/it]
 52%|█████▏    | 322/625 [35:44<33:30,  6.63s/it]
 52%|█████▏    | 323/625 [35:51<34:11,  6.79s/it]
 52%|█████▏    | 324/625 [35:58<34:22,  6.85s/it]
 52%|█████▏    | 325/625 [36:05<33:14,  6.65s/it]
 52%|█████▏    | 326/625 [36:11<33:24,  6.70s/it]
 52%|█████▏    | 327/625 [36:18<33:38,  6.77s/it]
 52%|█████▏    | 328/625 [36:25<32:59,  6.67s/it]
 53%|█████▎    | 329/625 [36:31<32:42,  6.63s/it]
 53%|█████▎    | 330/625 [36:38<33:16,  6.77s/it]


 53%|█████▎    | 330/625 [36:38<33:16,  6.77s/it]
 53%|█████▎    | 331/625 [36:46<34:07,  6.97s/it]
 53%|█████▎    | 332/625 [36:52<33:08,  6.79s/it]
 53%|█████▎    | 333/625 [36:59<32:39,  6.71s/it]
 53%|█████▎    | 334/625 [37:05<32:23,  6.68s/it]
 54%|█████▎    | 335/625 [37:12<32:50,  6.80s/it]
 54%|█████▍    | 336/625 [37:19<33:01,  6.86s/it]
 54%|█████▍    | 337/625 [37:27<33:11,  6.91s/it]
 54%|█████▍    | 338/625 [37:34<33:24,  6.98s/it]
 54%|█████▍    | 339/625 [37:40<32:26,  6.81s/it]
 54%|█████▍    | 340/625 [37:46<31:15,  6.58s/it]


 54%|█████▍    | 340/625 [37:46<31:15,  6.58s/it]
 55%|█████▍    | 341/625 [37:53<31:27,  6.65s/it]
 55%|█████▍    | 342/625 [38:00<31:25,  6.66s/it]
 55%|█████▍    | 343/625 [38:07<32:21,  6.89s/it]
 55%|█████▌    | 344/625 [38:14<32:26,  6.93s/it]
 55%|█████▌    | 345/625 [38:21<32:11,  6.90s/it]
 55%|█████▌    | 346/625 [38:27<31:36,  6.80s/it]
 56%|█████▌    | 347/625 [38:35<32:12,  6.95s/it]
 56%|█████▌    | 348/625 [38:42<32:39,  7.07s/it]
 56%|█████▌    | 349/625 [38:50<33:01,  7.18s/it]
 56%|█████▌    | 350/625 [38:56<32:15,  7.04s/it]


 56%|█████▌    | 350/625 [38:56<32:15,  7.04s/it]
 56%|█████▌    | 351/625 [39:03<31:47,  6.96s/it]
 56%|█████▋    | 352/625 [39:09<30:35,  6.72s/it]
 56%|█████▋    | 353/625 [39:15<29:23,  6.48s/it]
 57%|█████▋    | 354/625 [39:21<29:05,  6.44s/it]
 57%|█████▋    | 355/625 [39:28<29:03,  6.46s/it]
 57%|█████▋    | 356/625 [39:35<29:58,  6.69s/it]
 57%|█████▋    | 357/625 [39:42<29:28,  6.60s/it]
 57%|█████▋    | 358/625 [39:49<30:23,  6.83s/it]
 57%|█████▋    | 359/625 [39:56<30:10,  6.80s/it]
 58%|█████▊    | 360/625 [40:03<30:23,  6.88s/it]


 58%|█████▊    | 360/625 [40:03<30:23,  6.88s/it]
 58%|█████▊    | 361/625 [40:09<29:58,  6.81s/it]
 58%|█████▊    | 362/625 [40:16<29:49,  6.81s/it]
 58%|█████▊    | 363/625 [40:23<30:08,  6.90s/it]
 58%|█████▊    | 364/625 [40:30<29:15,  6.73s/it]
 58%|█████▊    | 365/625 [40:37<29:22,  6.78s/it]
 59%|█████▊    | 366/625 [40:43<28:38,  6.64s/it]
 59%|█████▊    | 367/625 [40:50<28:45,  6.69s/it]
 59%|█████▉    | 368/625 [40:56<28:40,  6.70s/it]
 59%|█████▉    | 369/625 [41:03<27:58,  6.56s/it]
 59%|█████▉    | 370/625 [41:09<27:52,  6.56s/it]


 59%|█████▉    | 370/625 [41:09<27:52,  6.56s/it]
 59%|█████▉    | 371/625 [41:17<29:19,  6.93s/it]
 60%|█████▉    | 372/625 [41:23<28:34,  6.78s/it]
 60%|█████▉    | 373/625 [41:30<28:35,  6.81s/it]
 60%|█████▉    | 374/625 [41:37<28:27,  6.80s/it]
 60%|██████    | 375/625 [41:44<28:58,  6.96s/it]
 60%|██████    | 376/625 [41:51<28:35,  6.89s/it]
 60%|██████    | 377/625 [41:58<27:53,  6.75s/it]
 60%|██████    | 378/625 [42:04<28:00,  6.81s/it]
 61%|██████    | 379/625 [42:10<26:54,  6.56s/it]
 61%|██████    | 380/625 [42:17<26:17,  6.44s/it]


 61%|██████    | 380/625 [42:17<26:17,  6.44s/it]
 61%|██████    | 381/625 [42:23<26:17,  6.46s/it]
 61%|██████    | 382/625 [42:29<26:01,  6.42s/it]
 61%|██████▏   | 383/625 [42:36<25:29,  6.32s/it]
 61%|██████▏   | 384/625 [42:43<26:25,  6.58s/it]
 62%|██████▏   | 385/625 [42:50<26:53,  6.72s/it]
 62%|██████▏   | 386/625 [42:56<26:45,  6.72s/it]
 62%|██████▏   | 387/625 [43:03<26:20,  6.64s/it]
 62%|██████▏   | 388/625 [43:10<26:50,  6.79s/it]
 62%|██████▏   | 389/625 [43:17<26:52,  6.83s/it]
 62%|██████▏   | 390/625 [43:23<26:10,  6.68s/it]


 62%|██████▏   | 390/625 [43:23<26:10,  6.68s/it]
 63%|██████▎   | 391/625 [43:30<26:10,  6.71s/it]
 63%|██████▎   | 392/625 [43:37<25:58,  6.69s/it]
 63%|██████▎   | 393/625 [43:43<25:03,  6.48s/it]
 63%|██████▎   | 394/625 [43:49<24:31,  6.37s/it]
 63%|██████▎   | 395/625 [43:56<25:23,  6.62s/it]
 63%|██████▎   | 396/625 [44:03<25:37,  6.71s/it]
 64%|██████▎   | 397/625 [44:09<25:14,  6.64s/it]
 64%|██████▎   | 398/625 [44:16<25:01,  6.61s/it]
 64%|██████▍   | 399/625 [44:22<24:02,  6.38s/it]
 64%|██████▍   | 400/625 [44:29<24:43,  6.59s/it]


 64%|██████▍   | 400/625 [44:29<24:43,  6.59s/it]
 64%|██████▍   | 401/625 [44:37<26:05,  6.99s/it]
 64%|██████▍   | 402/625 [44:44<26:09,  7.04s/it]
 64%|██████▍   | 403/625 [44:51<26:02,  7.04s/it]
 65%|██████▍   | 404/625 [44:58<26:03,  7.08s/it]
 65%|██████▍   | 405/625 [45:05<25:22,  6.92s/it]
 65%|██████▍   | 406/625 [45:11<25:00,  6.85s/it]
 65%|██████▌   | 407/625 [45:18<24:45,  6.81s/it]
 65%|██████▌   | 408/625 [45:25<24:25,  6.76s/it]
 65%|██████▌   | 409/625 [45:31<24:02,  6.68s/it]
 66%|██████▌   | 410/625 [45:38<23:35,  6.58s/it]


 66%|██████▌   | 410/625 [45:38<23:35,  6.58s/it]
 66%|██████▌   | 411/625 [45:44<22:48,  6.40s/it]
 66%|██████▌   | 412/625 [45:50<22:38,  6.38s/it]
 66%|██████▌   | 413/625 [45:56<22:00,  6.23s/it]
 66%|██████▌   | 414/625 [46:03<22:59,  6.54s/it]
 66%|██████▋   | 415/625 [46:11<23:54,  6.83s/it]
 67%|██████▋   | 416/625 [46:18<23:58,  6.88s/it]
 67%|██████▋   | 417/625 [46:25<24:31,  7.08s/it]
 67%|██████▋   | 418/625 [46:31<23:33,  6.83s/it]
 67%|██████▋   | 419/625 [46:39<24:10,  7.04s/it]
 67%|██████▋   | 420/625 [46:45<23:31,  6.89s/it]


 67%|██████▋   | 420/625 [46:45<23:31,  6.89s/it]
 67%|██████▋   | 421/625 [46:52<23:28,  6.91s/it]
 68%|██████▊   | 422/625 [47:00<23:47,  7.03s/it]
 68%|██████▊   | 423/625 [47:07<23:52,  7.09s/it]
 68%|██████▊   | 424/625 [47:13<22:56,  6.85s/it]
 68%|██████▊   | 425/625 [47:20<22:28,  6.74s/it]
 68%|██████▊   | 426/625 [47:26<21:56,  6.61s/it]
 68%|██████▊   | 427/625 [47:34<22:49,  6.92s/it]
 68%|██████▊   | 428/625 [47:40<21:55,  6.68s/it]
 69%|██████▊   | 429/625 [47:48<22:53,  7.01s/it]
 69%|██████▉   | 430/625 [47:55<22:47,  7.01s/it]


 69%|██████▉   | 430/625 [47:55<22:47,  7.01s/it]
 69%|██████▉   | 431/625 [48:01<22:16,  6.89s/it]
 69%|██████▉   | 432/625 [48:08<21:55,  6.81s/it]
 69%|██████▉   | 433/625 [48:15<21:54,  6.85s/it]
 69%|██████▉   | 434/625 [48:21<21:25,  6.73s/it]
 70%|██████▉   | 435/625 [48:28<21:31,  6.80s/it]
 70%|██████▉   | 436/625 [48:35<21:15,  6.75s/it]
 70%|██████▉   | 437/625 [48:41<20:53,  6.67s/it]
 70%|███████   | 438/625 [48:48<21:12,  6.80s/it]
 70%|███████   | 439/625 [48:56<21:22,  6.89s/it]
 70%|███████   | 440/625 [49:03<21:26,  6.95s/it]


 70%|███████   | 440/625 [49:03<21:26,  6.95s/it]
 71%|███████   | 441/625 [49:09<21:12,  6.91s/it]
 71%|███████   | 442/625 [49:16<20:33,  6.74s/it]
 71%|███████   | 443/625 [49:22<20:11,  6.66s/it]
 71%|███████   | 444/625 [49:29<19:55,  6.61s/it]
 71%|███████   | 445/625 [49:35<19:24,  6.47s/it]
 71%|███████▏  | 446/625 [49:42<19:31,  6.54s/it]
 72%|███████▏  | 447/625 [49:48<19:23,  6.54s/it]
 72%|███████▏  | 448/625 [49:55<20:01,  6.79s/it]
 72%|███████▏  | 449/625 [50:03<20:07,  6.86s/it]
 72%|███████▏  | 450/625 [50:09<19:35,  6.72s/it]


 72%|███████▏  | 450/625 [50:09<19:35,  6.72s/it]
 72%|███████▏  | 451/625 [50:16<19:50,  6.84s/it]
 72%|███████▏  | 452/625 [50:23<20:08,  6.99s/it]
 72%|███████▏  | 453/625 [50:30<19:23,  6.76s/it]
 73%|███████▎  | 454/625 [50:36<18:57,  6.65s/it]
 73%|███████▎  | 455/625 [50:42<18:19,  6.47s/it]
 73%|███████▎  | 456/625 [50:48<18:06,  6.43s/it]
 73%|███████▎  | 457/625 [50:55<17:47,  6.35s/it]
 73%|███████▎  | 458/625 [51:01<18:01,  6.47s/it]
 73%|███████▎  | 459/625 [51:08<17:54,  6.47s/it]
 74%|███████▎  | 460/625 [51:14<17:25,  6.34s/it]


 74%|███████▎  | 460/625 [51:14<17:25,  6.34s/it]
 74%|███████▍  | 461/625 [51:20<17:13,  6.30s/it]
 74%|███████▍  | 462/625 [51:27<17:35,  6.48s/it]
 74%|███████▍  | 463/625 [51:34<17:51,  6.61s/it]
 74%|███████▍  | 464/625 [51:40<17:46,  6.63s/it]
 74%|███████▍  | 465/625 [51:47<17:40,  6.63s/it]
 75%|███████▍  | 466/625 [51:54<17:33,  6.63s/it]
 75%|███████▍  | 467/625 [52:00<17:16,  6.56s/it]
 75%|███████▍  | 468/625 [52:06<16:47,  6.42s/it]
 75%|███████▌  | 469/625 [52:13<16:35,  6.38s/it]
 75%|███████▌  | 470/625 [52:19<16:34,  6.42s/it]


 75%|███████▌  | 470/625 [52:19<16:34,  6.42s/it]
 75%|███████▌  | 471/625 [52:25<16:22,  6.38s/it]
 76%|███████▌  | 472/625 [52:31<15:57,  6.26s/it]
 76%|███████▌  | 473/625 [52:38<15:53,  6.27s/it]
 76%|███████▌  | 474/625 [52:44<16:09,  6.42s/it]
 76%|███████▌  | 475/625 [52:51<16:14,  6.50s/it]
 76%|███████▌  | 476/625 [52:58<16:18,  6.57s/it]
 76%|███████▋  | 477/625 [53:05<16:33,  6.71s/it]
 76%|███████▋  | 478/625 [53:11<16:06,  6.57s/it]
 77%|███████▋  | 479/625 [53:18<16:10,  6.65s/it]
 77%|███████▋  | 480/625 [53:24<15:45,  6.52s/it]


 77%|███████▋  | 480/625 [53:24<15:45,  6.52s/it]
 77%|███████▋  | 481/625 [53:30<15:32,  6.47s/it]
 77%|███████▋  | 482/625 [53:38<16:00,  6.72s/it]
 77%|███████▋  | 483/625 [53:45<16:06,  6.80s/it]
 77%|███████▋  | 484/625 [53:52<16:32,  7.04s/it]
 78%|███████▊  | 485/625 [53:59<16:24,  7.04s/it]
 78%|███████▊  | 486/625 [54:06<15:58,  6.89s/it]
 78%|███████▊  | 487/625 [54:12<15:33,  6.77s/it]
 78%|███████▊  | 488/625 [54:19<15:01,  6.58s/it]
 78%|███████▊  | 489/625 [54:25<14:56,  6.59s/it]
 78%|███████▊  | 490/625 [54:31<14:27,  6.42s/it]


 78%|███████▊  | 490/625 [54:31<14:27,  6.42s/it]
 79%|███████▊  | 491/625 [54:38<14:17,  6.40s/it]
 79%|███████▊  | 492/625 [54:44<14:14,  6.43s/it]
 79%|███████▉  | 493/625 [54:50<14:07,  6.42s/it]
 79%|███████▉  | 494/625 [54:57<13:59,  6.41s/it]
 79%|███████▉  | 495/625 [55:03<13:50,  6.39s/it]
 79%|███████▉  | 496/625 [55:10<13:58,  6.50s/it]
 80%|███████▉  | 497/625 [55:17<14:07,  6.62s/it]
 80%|███████▉  | 498/625 [55:24<14:07,  6.67s/it]
 80%|███████▉  | 499/625 [55:30<14:05,  6.71s/it]
 80%|████████  | 500/625 [55:38<14:24,  6.91s/it]


 80%|████████  | 500/625 [55:38<14:24,  6.91s/it]
 80%|████████  | 501/625 [55:44<13:58,  6.76s/it]
 80%|████████  | 502/625 [55:51<13:49,  6.74s/it]
 80%|████████  | 503/625 [55:58<13:45,  6.77s/it]
 81%|████████  | 504/625 [56:05<13:38,  6.76s/it]
 81%|████████  | 505/625 [56:11<13:14,  6.62s/it]
 81%|████████  | 506/625 [56:17<13:08,  6.62s/it]
 81%|████████  | 507/625 [56:24<13:10,  6.69s/it]
 81%|████████▏ | 508/625 [56:32<13:27,  6.90s/it]
 81%|████████▏ | 509/625 [56:39<13:27,  6.96s/it]
 82%|████████▏ | 510/625 [56:46<13:23,  6.99s/it]


 82%|████████▏ | 510/625 [56:46<13:23,  6.99s/it]
 82%|████████▏ | 511/625 [56:52<12:53,  6.78s/it]
 82%|████████▏ | 512/625 [56:59<12:42,  6.75s/it]
 82%|████████▏ | 513/625 [57:06<12:43,  6.82s/it]
 82%|████████▏ | 514/625 [57:12<12:32,  6.78s/it]
 82%|████████▏ | 515/625 [57:19<12:02,  6.57s/it]
 83%|████████▎ | 516/625 [57:25<11:50,  6.52s/it]
 83%|████████▎ | 517/625 [57:32<11:52,  6.59s/it]
 83%|████████▎ | 518/625 [57:38<11:46,  6.60s/it]
 83%|████████▎ | 519/625 [57:45<11:42,  6.63s/it]
 83%|████████▎ | 520/625 [57:52<11:50,  6.77s/it]


 83%|████████▎ | 520/625 [57:52<11:50,  6.77s/it]
 83%|████████▎ | 521/625 [57:59<11:55,  6.88s/it]
 84%|████████▎ | 522/625 [58:06<11:46,  6.86s/it]
 84%|████████▎ | 523/625 [58:13<11:45,  6.92s/it]
 84%|████████▍ | 524/625 [58:20<11:33,  6.86s/it]
 84%|████████▍ | 525/625 [58:26<10:56,  6.56s/it]
 84%|████████▍ | 526/625 [58:33<11:01,  6.68s/it]
 84%|████████▍ | 527/625 [58:40<11:14,  6.88s/it]
 84%|████████▍ | 528/625 [58:46<10:46,  6.67s/it]
 85%|████████▍ | 529/625 [58:52<10:25,  6.51s/it]
 85%|████████▍ | 530/625 [58:59<10:14,  6.47s/it]


 85%|████████▍ | 530/625 [58:59<10:14,  6.47s/it]
 85%|████████▍ | 531/625 [59:05<10:12,  6.52s/it]
 85%|████████▌ | 532/625 [59:12<10:12,  6.58s/it]
 85%|████████▌ | 533/625 [59:19<10:05,  6.58s/it]
 85%|████████▌ | 534/625 [59:26<10:09,  6.70s/it]
 86%|████████▌ | 535/625 [59:32<09:51,  6.57s/it]
 86%|████████▌ | 536/625 [59:39<09:54,  6.68s/it]
 86%|████████▌ | 537/625 [59:45<09:47,  6.68s/it]
 86%|████████▌ | 538/625 [59:52<09:25,  6.50s/it]
 86%|████████▌ | 539/625 [59:59<09:39,  6.74s/it]
 86%|████████▋ | 540/625 [1:00:06<09:35,  6.77s/it]


 86%|████████▋ | 540/625 [1:00:06<09:35,  6.77s/it]
 87%|████████▋ | 541/625 [1:00:12<09:16,  6.62s/it]
 87%|████████▋ | 542/625 [1:00:18<08:56,  6.47s/it]
 87%|████████▋ | 543/625 [1:00:24<08:44,  6.40s/it]
 87%|████████▋ | 544/625 [1:00:31<08:35,  6.36s/it]
 87%|████████▋ | 545/625 [1:00:37<08:33,  6.42s/it]
 87%|████████▋ | 546/625 [1:00:44<08:29,  6.45s/it]
 88%|████████▊ | 547/625 [1:00:51<08:38,  6.64s/it]
 88%|████████▊ | 548/625 [1:00:57<08:28,  6.60s/it]
 88%|████████▊ | 549/625 [1:01:04<08:26,  6.67s/it]
 88%|████████▊ | 550/625 [1:01:11<08:19,  6.67s/it]


 88%|████████▊ | 550/625 [1:01:11<08:19,  6.67s/it]
 88%|████████▊ | 551/625 [1:01:18<08:17,  6.72s/it]
 88%|████████▊ | 552/625 [1:01:24<08:10,  6.72s/it]
 88%|████████▊ | 553/625 [1:01:31<08:01,  6.69s/it]
 89%|████████▊ | 554/625 [1:01:38<08:09,  6.89s/it]
 89%|████████▉ | 555/625 [1:01:45<08:01,  6.87s/it]
 89%|████████▉ | 556/625 [1:01:53<08:05,  7.04s/it]
 89%|████████▉ | 557/625 [1:02:00<07:58,  7.04s/it]
 89%|████████▉ | 558/625 [1:02:06<07:43,  6.92s/it]
 89%|████████▉ | 559/625 [1:02:13<07:34,  6.89s/it]
 90%|████████▉ | 560/625 [1:02:20<07:29,  6.91s/it]


 90%|████████▉ | 560/625 [1:02:20<07:29,  6.91s/it]
 90%|████████▉ | 561/625 [1:02:27<07:21,  6.91s/it]
 90%|████████▉ | 562/625 [1:02:33<07:06,  6.77s/it]
 90%|█████████ | 563/625 [1:02:39<06:45,  6.55s/it]
 90%|█████████ | 564/625 [1:02:46<06:40,  6.57s/it]
 90%|█████████ | 565/625 [1:02:52<06:28,  6.48s/it]
 91%|█████████ | 566/625 [1:02:59<06:28,  6.59s/it]
 91%|█████████ | 567/625 [1:03:06<06:32,  6.77s/it]
 91%|█████████ | 568/625 [1:03:13<06:25,  6.77s/it]
 91%|█████████ | 569/625 [1:03:19<06:10,  6.62s/it]
 91%|█████████ | 570/625 [1:03:27<06:27,  7.04s/it]


 91%|█████████ | 570/625 [1:03:27<06:27,  7.04s/it]
 91%|█████████▏| 571/625 [1:03:34<06:18,  7.01s/it]
 92%|█████████▏| 572/625 [1:03:41<06:11,  7.00s/it]
 92%|█████████▏| 573/625 [1:03:49<06:06,  7.05s/it]
 92%|█████████▏| 574/625 [1:03:56<05:58,  7.04s/it]
 92%|█████████▏| 575/625 [1:04:01<05:34,  6.70s/it]
 92%|█████████▏| 576/625 [1:04:08<05:25,  6.64s/it]
 92%|█████████▏| 577/625 [1:04:15<05:22,  6.72s/it]
 92%|█████████▏| 578/625 [1:04:22<05:19,  6.81s/it]
 93%|█████████▎| 579/625 [1:04:28<05:10,  6.74s/it]
 93%|█████████▎| 580/625 [1:04:36<05:07,  6.84s/it]


 93%|█████████▎| 580/625 [1:04:36<05:07,  6.84s/it]
 93%|█████████▎| 581/625 [1:04:42<04:55,  6.72s/it]
 93%|█████████▎| 582/625 [1:04:48<04:44,  6.63s/it]
 93%|█████████▎| 583/625 [1:04:55<04:35,  6.56s/it]
 93%|█████████▎| 584/625 [1:05:01<04:28,  6.54s/it]
 94%|█████████▎| 585/625 [1:05:08<04:23,  6.58s/it]
 94%|█████████▍| 586/625 [1:05:15<04:20,  6.69s/it]
 94%|█████████▍| 587/625 [1:05:22<04:14,  6.69s/it]
 94%|█████████▍| 588/625 [1:05:29<04:14,  6.87s/it]
 94%|█████████▍| 589/625 [1:05:36<04:06,  6.86s/it]
 94%|█████████▍| 590/625 [1:05:42<03:53,  6.68s/it]


 94%|█████████▍| 590/625 [1:05:42<03:53,  6.68s/it]
 95%|█████████▍| 591/625 [1:05:49<03:50,  6.77s/it]
 95%|█████████▍| 592/625 [1:05:55<03:39,  6.66s/it]
 95%|█████████▍| 593/625 [1:06:01<03:27,  6.47s/it]
 95%|█████████▌| 594/625 [1:06:09<03:28,  6.72s/it]
 95%|█████████▌| 595/625 [1:06:16<03:26,  6.87s/it]
 95%|█████████▌| 596/625 [1:06:22<03:12,  6.63s/it]
 96%|█████████▌| 597/625 [1:06:29<03:11,  6.85s/it]
 96%|█████████▌| 598/625 [1:06:37<03:11,  7.10s/it]
 96%|█████████▌| 599/625 [1:06:45<03:07,  7.23s/it]
 96%|█████████▌| 600/625 [1:06:52<02:59,  7.18s/it]


 96%|█████████▌| 600/625 [1:06:52<02:59,  7.18s/it]
 96%|█████████▌| 601/625 [1:06:58<02:49,  7.07s/it]
 96%|█████████▋| 602/625 [1:07:05<02:42,  7.05s/it]
 96%|█████████▋| 603/625 [1:07:13<02:37,  7.17s/it]
 97%|█████████▋| 604/625 [1:07:19<02:25,  6.95s/it]
 97%|█████████▋| 605/625 [1:07:26<02:17,  6.87s/it]
 97%|█████████▋| 606/625 [1:07:33<02:13,  7.02s/it]
 97%|█████████▋| 607/625 [1:07:41<02:09,  7.22s/it]
 97%|█████████▋| 608/625 [1:07:48<02:01,  7.16s/it]
 97%|█████████▋| 609/625 [1:07:55<01:55,  7.20s/it]
 98%|█████████▊| 610/625 [1:08:02<01:46,  7.13s/it]


 98%|█████████▊| 610/625 [1:08:02<01:46,  7.13s/it]
 98%|█████████▊| 611/625 [1:08:10<01:40,  7.18s/it]
 98%|█████████▊| 612/625 [1:08:16<01:30,  6.95s/it]
 98%|█████████▊| 613/625 [1:08:23<01:23,  6.92s/it]
 98%|█████████▊| 614/625 [1:08:30<01:16,  6.93s/it]
 98%|█████████▊| 615/625 [1:08:36<01:06,  6.67s/it]
 99%|█████████▊| 616/625 [1:08:43<01:00,  6.69s/it]
 99%|█████████▊| 617/625 [1:08:50<00:55,  6.97s/it]
 99%|█████████▉| 618/625 [1:08:57<00:48,  6.90s/it]
 99%|█████████▉| 619/625 [1:09:03<00:39,  6.63s/it]
 99%|█████████▉| 620/625 [1:09:09<00:32,  6.51s/it]


 99%|█████████▉| 620/625 [1:09:09<00:32,  6.51s/it]
 99%|█████████▉| 621/625 [1:09:16<00:25,  6.44s/it]
100%|█████████▉| 622/625 [1:09:22<00:19,  6.47s/it]
100%|█████████▉| 623/625 [1:09:29<00:13,  6.60s/it]
100%|█████████▉| 624/625 [1:09:36<00:06,  6.79s/it]
100%|██████████| 625/625 [1:09:43<00:00,  6.89s/it]


100%|██████████| 625/625 [1:09:43<00:00,  6.89s/it]
100%|██████████| 625/625 [1:09:43<00:00,  6.69s/it]
{'loss': '14.18', 'grad_norm': '15.71', 'learning_rate': '4.737e-06', 'epoch': '0.016'}
{'loss': '13.13', 'grad_norm': '10.51', 'learning_rate': '1e-05', 'epoch': '0.032'}
{'loss': '11.56', 'grad_norm': '8.905', 'learning_rate': '9.993e-06', 'epoch': '0.048'}
{'loss': '10.07', 'grad_norm': '11.17', 'learning_rate': '9.973e-06', 'epoch': '0.064'}
{'loss': '8.75', 'grad_norm': '10.59', 'learning_rate': '9.94e-06', 'epoch': '0.08'}
{'loss': '8.056', 'grad_norm': '11.75', 'learning_rate': '9.893e-06', 'epoch': '0.096'}
{'loss': '7.025', 'grad_norm': '14.11', 'learning_rate': '9.833e-06', 'epoch': '0.112'}
{'loss': '6.632', 'grad_norm': '13.85', 'learning_rate': '9.76e-06', 'epoch': '0.128'}
{'loss': '5.889', 'grad_norm': '16.47', 'learning_rate': '9.674e-06', 'epoch': '0.144'}
{'loss': '5.265', 'grad_norm': '16.05', 'learning_rate': '9.576e-06', 'epoch': '0.16'}
{'loss': '4.711', 'grad_norm': '19.6', 'learning_rate': '9.466e-06', 'epoch': '0.176'}
{'loss': '4.387', 'grad_norm': '15.25', 'learning_rate': '9.343e-06', 'epoch': '0.192'}
{'loss': '3.867', 'grad_norm': '16.46', 'learning_rate': '9.209e-06', 'epoch': '0.208'}
{'loss': '3.623', 'grad_norm': '23.12', 'learning_rate': '9.063e-06', 'epoch': '0.224'}
{'loss': '3.214', 'grad_norm': '18', 'learning_rate': '8.907e-06', 'epoch': '0.24'}
{'loss': '3.049', 'grad_norm': '21.57', 'learning_rate': '8.74e-06', 'epoch': '0.256'}
{'loss': '2.716', 'grad_norm': '22.93', 'learning_rate': '8.563e-06', 'epoch': '0.272'}
{'loss': '2.575', 'grad_norm': '21.37', 'learning_rate': '8.376e-06', 'epoch': '0.288'}
{'loss': '2.665', 'grad_norm': '19.76', 'learning_rate': '8.181e-06', 'epoch': '0.304'}
{'loss': '2.228', 'grad_norm': '20.77', 'learning_rate': '7.977e-06', 'epoch': '0.32'}
{'loss': '2.017', 'grad_norm': '30.44', 'learning_rate': '7.764e-06', 'epoch': '0.336'}
{'loss': '1.819', 'grad_norm': '24.29', 'learning_rate': '7.545e-06', 'epoch': '0.352'}
{'loss': '1.818', 'grad_norm': '29.41', 'learning_rate': '7.318e-06', 'epoch': '0.368'}
{'loss': '1.594', 'grad_norm': '21.79', 'learning_rate': '7.086e-06', 'epoch': '0.384'}
{'loss': '1.522', 'grad_norm': '21.39', 'learning_rate': '6.847e-06', 'epoch': '0.4'}
{'loss': '1.568', 'grad_norm': '21.48', 'learning_rate': '6.604e-06', 'epoch': '0.416'}
{'loss': '1.421', 'grad_norm': '23.92', 'learning_rate': '6.357e-06', 'epoch': '0.432'}
{'loss': '1.287', 'grad_norm': '35.39', 'learning_rate': '6.105e-06', 'epoch': '0.448'}
{'loss': '1.301', 'grad_norm': '18.88', 'learning_rate': '5.851e-06', 'epoch': '0.464'}
{'loss': '1.402', 'grad_norm': '22.18', 'learning_rate': '5.595e-06', 'epoch': '0.48'}
{'loss': '1.207', 'grad_norm': '18.95', 'learning_rate': '5.337e-06', 'epoch': '0.496'}
{'loss': '1.146', 'grad_norm': '23.36', 'learning_rate': '5.078e-06', 'epoch': '0.512'}
{'loss': '1.197', 'grad_norm': '20.48', 'learning_rate': '4.819e-06', 'epoch': '0.528'}
{'loss': '1.22', 'grad_norm': '17.12', 'learning_rate': '4.56e-06', 'epoch': '0.544'}
{'loss': '1.106', 'grad_norm': '22.15', 'learning_rate': '4.302e-06', 'epoch': '0.56'}
{'loss': '0.9951', 'grad_norm': '22.39', 'learning_rate': '4.047e-06', 'epoch': '0.576'}
{'loss': '1.002', 'grad_norm': '17.49', 'learning_rate': '3.794e-06', 'epoch': '0.592'}
{'loss': '0.9793', 'grad_norm': '24.92', 'learning_rate': '3.544e-06', 'epoch': '0.608'}
{'loss': '0.9233', 'grad_norm': '20.09', 'learning_rate': '3.298e-06', 'epoch': '0.624'}
{'loss': '0.9046', 'grad_norm': '24.27', 'learning_rate': '3.057e-06', 'epoch': '0.64'}
{'loss': '0.8966', 'grad_norm': '18.47', 'learning_rate': '2.821e-06', 'epoch': '0.656'}
{'loss': '0.9243', 'grad_norm': '19.17', 'learning_rate': '2.59e-06', 'epoch': '0.672'}
{'loss': '0.8965', 'grad_norm': '21.48', 'learning_rate': '2.367e-06', 'epoch': '0.688'}
{'loss': '0.8643', 'grad_norm': '19.08', 'learning_rate': '2.15e-06', 'epoch': '0.704'}
{'loss': '0.9504', 'grad_norm': '16.02', 'learning_rate': '1.941e-06', 'epoch': '0.72'}
{'loss': '0.866', 'grad_norm': '17.93', 'learning_rate': '1.74e-06', 'epoch': '0.736'}
{'loss': '0.8546', 'grad_norm': '25.71', 'learning_rate': '1.548e-06', 'epoch': '0.752'}
{'loss': '0.8276', 'grad_norm': '16.47', 'learning_rate': '1.365e-06', 'epoch': '0.768'}
{'loss': '0.7965', 'grad_norm': '23.79', 'learning_rate': '1.192e-06', 'epoch': '0.784'}
{'loss': '0.8546', 'grad_norm': '23.43', 'learning_rate': '1.029e-06', 'epoch': '0.8'}
{'loss': '0.8316', 'grad_norm': '17.05', 'learning_rate': '8.772e-07', 'epoch': '0.816'}
{'loss': '0.8217', 'grad_norm': '17.81', 'learning_rate': '7.361e-07', 'epoch': '0.832'}
{'loss': '0.7722', 'grad_norm': '17.5', 'learning_rate': '6.065e-07', 'epoch': '0.848'}
{'loss': '0.7825', 'grad_norm': '14.9', 'learning_rate': '4.887e-07', 'epoch': '0.864'}
{'loss': '0.8089', 'grad_norm': '20.83', 'learning_rate': '3.831e-07', 'epoch': '0.88'}
{'loss': '0.8011', 'grad_norm': '15.61', 'learning_rate': '2.898e-07', 'epoch': '0.896'}
{'loss': '0.8027', 'grad_norm': '18.31', 'learning_rate': '2.092e-07', 'epoch': '0.912'}
{'loss': '0.773', 'grad_norm': '20.27', 'learning_rate': '1.415e-07', 'epoch': '0.928'}
{'loss': '0.7922', 'grad_norm': '14.22', 'learning_rate': '8.682e-08', 'epoch': '0.944'}
{'loss': '0.8509', 'grad_norm': '18.78', 'learning_rate': '4.535e-08', 'epoch': '0.96'}
{'loss': '0.7596', 'grad_norm': '23.04', 'learning_rate': '1.719e-08', 'epoch': '0.976'}
{'loss': '0.7975', 'grad_norm': '19.23', 'learning_rate': '2.419e-09', 'epoch': '0.992'}
{'train_runtime': '4184', 'train_samples_per_second': '1.195', 'train_steps_per_second': '0.149', 'train_loss': '2.7', 'epoch': '1'}
[train_think] saved adapter to /home/ericflo/Development/small-model-experimentation/large_artifacts/qwen35_4b_why_think_scale/adapters/why_think_5000
