[1/8] best=program_if_visible 1/1 probed=1
[2/8] best=program_if_visible 1/2 probed=2
[3/8] best=program_if_visible 2/3 probed=3
[4/8] best=program_if_visible 3/4 probed=4
[5/8] best=program_if_visible 4/5 probed=5
[6/8] best=program_if_visible 5/6 probed=6
[7/8] best=program_if_visible 5/7 probed=7
[8/8] best=program_if_visible 5/8 probed=8
{
  "direct_exact": 0,
  "final_program_exact": 5,
  "final_visible_pass": 8,
  "mean_probe_agree_rate": 0.2857142857142857,
  "n": 8,
  "policies": {
    "direct": {
      "accuracy": 0.0,
      "direct_correct_losses": 0,
      "direct_miss_recoveries": 0,
      "exact": 0,
      "program_commit_correct": 0,
      "program_commit_precision": null,
      "program_commits": 0
    },
    "program_if_direct_parse_fail": {
      "accuracy": 0.0,
      "direct_correct_losses": 0,
      "direct_miss_recoveries": 0,
      "exact": 0,
      "program_commit_correct": 0,
      "program_commit_precision": null,
      "program_commits": 0
    },
    "program_if_probe_support_050": {
      "accuracy": 0.0,
      "direct_correct_losses": 0,
      "direct_miss_recoveries": 0,
      "exact": 0,
      "program_commit_correct": 0,
      "program_commit_precision": 0.0,
      "program_commits": 2
    },
    "program_if_probe_support_067": {
      "accuracy": 0.0,
      "direct_correct_losses": 0,
      "direct_miss_recoveries": 0,
      "exact": 0,
      "program_commit_correct": 0,
      "program_commit_precision": 0.0,
      "program_commits": 1
    },
    "program_if_probe_support_100": {
      "accuracy": 0.0,
      "direct_correct_losses": 0,
      "direct_miss_recoveries": 0,
      "exact": 0,
      "program_commit_correct": 0,
      "program_commit_precision": 0.0,
      "program_commits": 1
    },
    "program_if_visible": {
      "accuracy": 0.625,
      "direct_correct_losses": 0,
      "direct_miss_recoveries": 5,
      "exact": 5,
      "program_commit_correct": 5,
      "program_commit_precision": 0.625,
      "program_commits": 8
    },
    "program_if_visible_disagree": {
      "accuracy": 0.625,
      "direct_correct_losses": 0,
      "direct_miss_recoveries": 5,
      "exact": 5,
      "program_commit_correct": 5,
      "program_commit_precision": 0.625,
      "program_commits": 8
    },
    "visible_program_veto_probe_lt_050": {
      "accuracy": 0.125,
      "direct_correct_losses": 0,
      "direct_miss_recoveries": 1,
      "exact": 1,
      "program_commit_correct": 1,
      "program_commit_precision": 0.3333333333333333,
      "program_commits": 3
    },
    "visible_program_veto_probe_lt_067": {
      "accuracy": 0.125,
      "direct_correct_losses": 0,
      "direct_miss_recoveries": 1,
      "exact": 1,
      "program_commit_correct": 1,
      "program_commit_precision": 0.5,
      "program_commits": 2
    }
  },
  "probe_comparable_records": 7,
  "probe_records": 8,
  "visible_disagree": 8,
  "visible_disagree_direct_correct": 0,
  "visible_disagree_program_correct": 5
}
